{"contracts\\access\\Roles.sol":{"l":{"63":0,"67":0,"68":0,"71":0,"74":0,"77":0,"90":0,"91":0,"93":0,"104":0,"105":0,"107":0,"117":0,"118":0,"120":0,"130":0,"132":0,"133":0,"143":0,"146":0,"147":0,"148":0,"152":0,"153":0,"163":0,"172":0,"173":0,"174":0,"175":0,"176":0,"177":0,"178":0,"179":0,"180":0,"188":0,"191":0,"192":0,"195":0,"196":0,"199":0,"200":0,"201":0,"202":0,"205":0,"206":0,"207":0,"209":0,"210":0,"211":0,"212":0,"213":0,"220":0,"237":0,"239":0,"240":0,"241":0,"242":0,"246":0,"264":0,"271":0,"278":0,"280":0,"281":0,"282":0,"285":0,"294":0,"312":0},"path":"C:\\Users\\heruf\\Documents\\GitHub\\Halom\\contracts\\access\\Roles.sol","s":{"1":0,"2":0,"3":0,"4":0,"5":0,"6":0,"7":0,"8":0,"9":0,"10":0,"11":0,"12":0,"13":0,"14":0,"15":0,"16":0,"17":0,"18":0,"19":0,"20":0,"21":0,"22":0,"23":0,"24":0,"25":0,"26":0,"27":0,"28":0,"29":0,"30":0,"31":0,"32":0,"33":0,"34":0,"35":0,"36":0,"37":0,"38":0,"39":0,"40":0,"41":0,"42":0,"43":0},"b":{"1":[0,0],"2":[0,0],"3":[0,0],"4":[0,0],"5":[0,0],"6":[0,0],"7":[0,0],"8":[0,0],"9":[0,0],"10":[0,0],"11":[0,0],"12":[0,0],"13":[0,0],"14":[0,0],"15":[0,0],"16":[0,0],"17":[0,0],"18":[0,0],"19":[0,0],"20":[0,0],"21":[0,0],"22":[0,0],"23":[0,0],"24":[0,0],"25":[0,0],"26":[0,0],"27":[0,0],"28":[0,0]},"f":{"1":0,"2":0,"3":0,"4":0,"5":0,"6":0,"7":0,"8":0,"9":0,"10":0,"11":0,"12":0,"13":0,"14":0,"15":0,"16":0,"17":0,"18":0},"fnMap":{"1":{"name":"constructor","line":62,"loc":{"start":{"line":62,"column":4},"end":{"line":64,"column":4}}},"2":{"name":"initialize","line":66,"loc":{"start":{"line":66,"column":4},"end":{"line":78,"column":4}}},"3":{"name":"grantRole","line":88,"loc":{"start":{"line":85,"column":4},"end":{"line":94,"column":4}}},"4":{"name":"revokeRole","line":102,"loc":{"start":{"line":99,"column":4},"end":{"line":108,"column":4}}},"5":{"name":"renounceRole","line":113,"loc":{"start":{"line":113,"column":4},"end":{"line":121,"column":4}}},"6":{"name":"setRoleDescription","line":128,"loc":{"start":{"line":126,"column":4},"end":{"line":134,"column":4}}},"7":{"name":"setRoleHierarchy","line":141,"loc":{"start":{"line":139,"column":4},"end":{"line":154,"column":4}}},"8":{"name":"activateEmergencyRole","line":161,"loc":{"start":{"line":159,"column":4},"end":{"line":164,"column":4}}},"9":{"name":"_setRoleDescriptions","line":171,"loc":{"start":{"line":171,"column":4},"end":{"line":181,"column":4}}},"10":{"name":"_setRoleHierarchy","line":186,"loc":{"start":{"line":186,"column":4},"end":{"line":214,"column":4}}},"11":{"name":"_isValidRole","line":219,"loc":{"start":{"line":219,"column":4},"end":{"line":231,"column":4}}},"12":{"name":"_hasCircularDependency","line":236,"loc":{"start":{"line":236,"column":4},"end":{"line":247,"column":4}}},"13":{"name":"_authorizeUpgrade","line":255,"loc":{"start":{"line":252,"column":4},"end":{"line":256,"column":5}}},"14":{"name":"getRoleDescription","line":263,"loc":{"start":{"line":263,"column":4},"end":{"line":265,"column":4}}},"15":{"name":"getRoleHierarchy","line":270,"loc":{"start":{"line":270,"column":4},"end":{"line":272,"column":4}}},"16":{"name":"hasRoleOrParent","line":277,"loc":{"start":{"line":277,"column":4},"end":{"line":286,"column":4}}},"17":{"name":"getRoleMembers","line":291,"loc":{"start":{"line":291,"column":4},"end":{"line":295,"column":4}}},"18":{"name":"getRoleConstants","line":302,"loc":{"start":{"line":302,"column":4},"end":{"line":322,"column":4}}}},"statementMap":{"1":{"start":{"line":63,"column":8},"end":{"line":63,"column":29}},"2":{"start":{"line":67,"column":8},"end":{"line":67,"column":29}},"3":{"start":{"line":68,"column":8},"end":{"line":68,"column":31}},"4":{"start":{"line":71,"column":8},"end":{"line":71,"column":44}},"5":{"start":{"line":74,"column":8},"end":{"line":74,"column":29}},"6":{"start":{"line":77,"column":8},"end":{"line":77,"column":26}},"7":{"start":{"line":90,"column":8},"end":{"line":90,"column":58}},"8":{"start":{"line":91,"column":8},"end":{"line":91,"column":53}},"9":{"start":{"line":93,"column":8},"end":{"line":93,"column":37}},"10":{"start":{"line":104,"column":8},"end":{"line":104,"column":58}},"11":{"start":{"line":105,"column":8},"end":{"line":105,"column":53}},"12":{"start":{"line":107,"column":8},"end":{"line":107,"column":38}},"13":{"start":{"line":117,"column":8},"end":{"line":117,"column":70}},"14":{"start":{"line":118,"column":8},"end":{"line":118,"column":53}},"15":{"start":{"line":120,"column":8},"end":{"line":120,"column":40}},"16":{"start":{"line":130,"column":8},"end":{"line":130,"column":53}},"17":{"start":{"line":133,"column":8},"end":{"line":133,"column":50}},"18":{"start":{"line":143,"column":8},"end":{"line":143,"column":53}},"19":{"start":{"line":146,"column":8},"end":{"line":146,"column":4582}},"20":{"start":{"line":147,"column":12},"end":{"line":147,"column":4649}},"21":{"start":{"line":153,"column":8},"end":{"line":153,"column":52}},"22":{"start":{"line":163,"column":8},"end":{"line":163,"column":55}},"23":{"start":{"line":199,"column":8},"end":{"line":199,"column":60}},"24":{"start":{"line":205,"column":8},"end":{"line":205,"column":59}},"25":{"start":{"line":220,"column":8},"end":{"line":220,"column":7839}},"26":{"start":{"line":237,"column":8},"end":{"line":237,"column":43}},"27":{"start":{"line":237,"column":32},"end":{"line":237,"column":43}},"28":{"start":{"line":239,"column":8},"end":{"line":239,"column":66}},"29":{"start":{"line":240,"column":8},"end":{"line":240,"column":8503}},"30":{"start":{"line":241,"column":12},"end":{"line":241,"column":8572}},"31":{"start":{"line":242,"column":16},"end":{"line":242,"column":27}},"32":{"start":{"line":246,"column":8},"end":{"line":246,"column":20}},"33":{"start":{"line":264,"column":8},"end":{"line":264,"column":37}},"34":{"start":{"line":271,"column":8},"end":{"line":271,"column":34}},"35":{"start":{"line":278,"column":8},"end":{"line":278,"column":47}},"36":{"start":{"line":278,"column":36},"end":{"line":278,"column":47}},"37":{"start":{"line":280,"column":8},"end":{"line":280,"column":54}},"38":{"start":{"line":281,"column":8},"end":{"line":281,"column":9598}},"39":{"start":{"line":282,"column":12},"end":{"line":282,"column":57}},"40":{"start":{"line":282,"column":46},"end":{"line":282,"column":57}},"41":{"start":{"line":285,"column":8},"end":{"line":285,"column":20}},"42":{"start":{"line":294,"column":8},"end":{"line":294,"column":31}},"43":{"start":{"line":312,"column":8},"end":{"line":312,"column":10546}}},"branchMap":{"1":{"line":66,"type":"if","locations":[{"start":{"line":66,"column":46},"end":{"line":66,"column":46}},{"start":{"line":66,"column":46},"end":{"line":66,"column":46}}]},"2":{"line":88,"type":"if","locations":[{"start":{"line":88,"column":8},"end":{"line":88,"column":8}},{"start":{"line":88,"column":8},"end":{"line":88,"column":8}}]},"3":{"line":90,"type":"if","locations":[{"start":{"line":90,"column":8},"end":{"line":90,"column":8}},{"start":{"line":90,"column":8},"end":{"line":90,"column":8}}]},"4":{"line":91,"type":"if","locations":[{"start":{"line":91,"column":8},"end":{"line":91,"column":8}},{"start":{"line":91,"column":8},"end":{"line":91,"column":8}}]},"5":{"line":102,"type":"if","locations":[{"start":{"line":102,"column":8},"end":{"line":102,"column":8}},{"start":{"line":102,"column":8},"end":{"line":102,"column":8}}]},"6":{"line":104,"type":"if","locations":[{"start":{"line":104,"column":8},"end":{"line":104,"column":8}},{"start":{"line":104,"column":8},"end":{"line":104,"column":8}}]},"7":{"line":105,"type":"if","locations":[{"start":{"line":105,"column":8},"end":{"line":105,"column":8}},{"start":{"line":105,"column":8},"end":{"line":105,"column":8}}]},"8":{"line":117,"type":"if","locations":[{"start":{"line":117,"column":8},"end":{"line":117,"column":8}},{"start":{"line":117,"column":8},"end":{"line":117,"column":8}}]},"9":{"line":118,"type":"if","locations":[{"start":{"line":118,"column":8},"end":{"line":118,"column":8}},{"start":{"line":118,"column":8},"end":{"line":118,"column":8}}]},"10":{"line":128,"type":"if","locations":[{"start":{"line":128,"column":8},"end":{"line":128,"column":8}},{"start":{"line":128,"column":8},"end":{"line":128,"column":8}}]},"11":{"line":130,"type":"if","locations":[{"start":{"line":130,"column":8},"end":{"line":130,"column":8}},{"start":{"line":130,"column":8},"end":{"line":130,"column":8}}]},"12":{"line":141,"type":"if","locations":[{"start":{"line":141,"column":8},"end":{"line":141,"column":8}},{"start":{"line":141,"column":8},"end":{"line":141,"column":8}}]},"13":{"line":143,"type":"if","locations":[{"start":{"line":143,"column":8},"end":{"line":143,"column":8}},{"start":{"line":143,"column":8},"end":{"line":143,"column":8}}]},"14":{"line":147,"type":"if","locations":[{"start":{"line":147,"column":12},"end":{"line":147,"column":12}},{"start":{"line":147,"column":12},"end":{"line":147,"column":12}}]},"15":{"line":161,"type":"if","locations":[{"start":{"line":161,"column":8},"end":{"line":161,"column":8}},{"start":{"line":161,"column":8},"end":{"line":161,"column":8}}]},"16":{"line":221,"type":"cond-expr","locations":[{"start":{"line":221,"column":12},"end":{"line":221,"column":37}},{"start":{"line":222,"column":12},"end":{"line":222,"column":32}}]},"17":{"line":221,"type":"cond-expr","locations":[{"start":{"line":221,"column":12},"end":{"line":222,"column":32}},{"start":{"line":223,"column":12},"end":{"line":223,"column":32}}]},"18":{"line":221,"type":"cond-expr","locations":[{"start":{"line":221,"column":12},"end":{"line":223,"column":32}},{"start":{"line":224,"column":12},"end":{"line":224,"column":33}}]},"19":{"line":221,"type":"cond-expr","locations":[{"start":{"line":221,"column":12},"end":{"line":224,"column":33}},{"start":{"line":225,"column":12},"end":{"line":225,"column":30}}]},"20":{"line":221,"type":"cond-expr","locations":[{"start":{"line":221,"column":12},"end":{"line":225,"column":30}},{"start":{"line":226,"column":12},"end":{"line":226,"column":30}}]},"21":{"line":221,"type":"cond-expr","locations":[{"start":{"line":221,"column":12},"end":{"line":226,"column":30}},{"start":{"line":227,"column":12},"end":{"line":227,"column":33}}]},"22":{"line":221,"type":"cond-expr","locations":[{"start":{"line":221,"column":12},"end":{"line":227,"column":33}},{"start":{"line":228,"column":12},"end":{"line":228,"column":30}}]},"23":{"line":221,"type":"cond-expr","locations":[{"start":{"line":221,"column":12},"end":{"line":228,"column":30}},{"start":{"line":229,"column":12},"end":{"line":229,"column":30}}]},"24":{"line":237,"type":"if","locations":[{"start":{"line":237,"column":8},"end":{"line":237,"column":8}},{"start":{"line":237,"column":8},"end":{"line":237,"column":8}}]},"25":{"line":241,"type":"if","locations":[{"start":{"line":241,"column":12},"end":{"line":241,"column":12}},{"start":{"line":241,"column":12},"end":{"line":241,"column":12}}]},"26":{"line":255,"type":"if","locations":[{"start":{"line":255,"column":8},"end":{"line":255,"column":8}},{"start":{"line":255,"column":8},"end":{"line":255,"column":8}}]},"27":{"line":278,"type":"if","locations":[{"start":{"line":278,"column":8},"end":{"line":278,"column":8}},{"start":{"line":278,"column":8},"end":{"line":278,"column":8}}]},"28":{"line":282,"type":"if","locations":[{"start":{"line":282,"column":12},"end":{"line":282,"column":12}},{"start":{"line":282,"column":12},"end":{"line":282,"column":12}}]}}},"contracts\\bridge\\Bridge.sol":{"l":{"98":0,"108":0,"109":0,"110":0,"111":0,"113":0,"114":0,"115":0,"117":0,"118":0,"119":0,"120":0,"121":0,"139":0,"140":0,"141":0,"143":0,"144":0,"148":0,"149":0,"150":0,"151":0,"152":0,"153":0,"154":0,"155":0,"156":0,"159":0,"161":0,"176":0,"177":0,"178":0,"180":0,"181":0,"185":0,"186":0,"187":0,"188":0,"189":0,"190":0,"191":0,"192":0,"193":0,"196":0,"200":0,"202":0,"221":0,"222":0,"224":0,"225":0,"229":0,"231":0,"232":0,"233":0,"234":0,"235":0,"236":0,"237":0,"238":0,"239":0,"241":0,"246":0,"248":0,"264":0,"265":0,"267":0,"271":0,"273":0,"274":0,"275":0,"276":0,"277":0,"278":0,"279":0,"280":0,"281":0,"283":0,"286":0,"288":0,"298":0,"300":0,"301":0,"302":0,"304":0,"314":0,"316":0,"317":0,"327":0,"328":0,"329":0,"339":0,"340":0,"347":0,"354":0,"378":0,"389":0,"406":0,"413":0,"420":0},"path":"C:\\Users\\heruf\\Documents\\GitHub\\Halom\\contracts\\bridge\\Bridge.sol","s":{"1":0,"2":0,"3":0,"4":0,"5":0,"6":0,"7":0,"8":0,"9":0,"10":0,"11":0,"12":0,"13":0,"14":0,"15":0,"16":0,"17":0,"18":0,"19":0,"20":0,"21":0,"22":0,"23":0,"24":0,"25":0,"26":0,"27":0,"28":0,"29":0,"30":0,"31":0,"32":0,"33":0,"34":0,"35":0,"36":0,"37":0,"38":0,"39":0,"40":0,"41":0,"42":0,"43":0,"44":0,"45":0,"46":0,"47":0,"48":0,"49":0,"50":0},"b":{"1":[0,0],"2":[0,0],"3":[0,0],"4":[0,0],"5":[0,0],"6":[0,0],"7":[0,0],"8":[0,0],"9":[0,0],"10":[0,0],"11":[0,0],"12":[0,0],"13":[0,0],"14":[0,0],"15":[0,0],"16":[0,0],"17":[0,0],"18":[0,0],"19":[0,0],"20":[0,0],"21":[0,0],"22":[0,0],"23":[0,0],"24":[0,0],"25":[0,0],"26":[0,0],"27":[0,0],"28":[0,0],"29":[0,0],"30":[0,0],"31":[0,0],"32":[0,0],"33":[0,0],"34":[0,0],"35":[0,0],"36":[0,0]},"f":{"1":0,"2":0,"3":0,"4":0,"5":0,"6":0,"7":0,"8":0,"9":0,"10":0,"11":0,"12":0,"13":0,"14":0,"15":0,"16":0,"17":0,"18":0},"fnMap":{"1":{"name":"constructor","line":97,"loc":{"start":{"line":97,"column":4},"end":{"line":99,"column":4}}},"2":{"name":"initialize","line":107,"loc":{"start":{"line":101,"column":4},"end":{"line":122,"column":4}}},"3":{"name":"lockTokens","line":136,"loc":{"start":{"line":129,"column":4},"end":{"line":162,"column":4}}},"4":{"name":"burnForRedeem","line":173,"loc":{"start":{"line":167,"column":4},"end":{"line":203,"column":4}}},"5":{"name":"mintFromBridge","line":218,"loc":{"start":{"line":210,"column":4},"end":{"line":249,"column":4}}},"6":{"name":"unlockTokens","line":261,"loc":{"start":{"line":254,"column":4},"end":{"line":289,"column":4}}},"7":{"name":"setBridge","line":296,"loc":{"start":{"line":294,"column":4},"end":{"line":305,"column":4}}},"8":{"name":"setChainSupport","line":312,"loc":{"start":{"line":310,"column":4},"end":{"line":318,"column":4}}},"9":{"name":"setBridgeFee","line":325,"loc":{"start":{"line":323,"column":4},"end":{"line":330,"column":4}}},"10":{"name":"setFeeCollector","line":337,"loc":{"start":{"line":335,"column":4},"end":{"line":341,"column":4}}},"11":{"name":"pause","line":346,"loc":{"start":{"line":346,"column":4},"end":{"line":348,"column":4}}},"12":{"name":"unpause","line":353,"loc":{"start":{"line":353,"column":4},"end":{"line":355,"column":4}}},"13":{"name":"_authorizeUpgrade","line":365,"loc":{"start":{"line":362,"column":4},"end":{"line":366,"column":5}}},"14":{"name":"getTransaction","line":373,"loc":{"start":{"line":373,"column":4},"end":{"line":379,"column":4}}},"15":{"name":"isTransactionProcessed","line":384,"loc":{"start":{"line":384,"column":4},"end":{"line":390,"column":4}}},"16":{"name":"getBridgeConfig","line":395,"loc":{"start":{"line":395,"column":4},"end":{"line":407,"column":4}}},"17":{"name":"getChainNonce","line":412,"loc":{"start":{"line":412,"column":4},"end":{"line":414,"column":4}}},"18":{"name":"isChainSupported","line":419,"loc":{"start":{"line":419,"column":4},"end":{"line":421,"column":4}}}},"statementMap":{"1":{"start":{"line":98,"column":8},"end":{"line":98,"column":29}},"2":{"start":{"line":108,"column":8},"end":{"line":108,"column":29}},"3":{"start":{"line":109,"column":8},"end":{"line":109,"column":31}},"4":{"start":{"line":110,"column":8},"end":{"line":110,"column":31}},"5":{"start":{"line":111,"column":8},"end":{"line":111,"column":24}},"6":{"start":{"line":113,"column":8},"end":{"line":113,"column":44}},"7":{"start":{"line":114,"column":8},"end":{"line":114,"column":37}},"8":{"start":{"line":115,"column":8},"end":{"line":115,"column":39}},"9":{"start":{"line":139,"column":8},"end":{"line":139,"column":70}},"10":{"start":{"line":140,"column":8},"end":{"line":140,"column":84}},"11":{"start":{"line":141,"column":8},"end":{"line":141,"column":72}},"12":{"start":{"line":148,"column":8},"end":{"line":148,"column":72}},"13":{"start":{"line":159,"column":8},"end":{"line":159,"column":58}},"14":{"start":{"line":161,"column":8},"end":{"line":161,"column":97}},"15":{"start":{"line":176,"column":8},"end":{"line":176,"column":70}},"16":{"start":{"line":177,"column":8},"end":{"line":177,"column":84}},"17":{"start":{"line":178,"column":8},"end":{"line":178,"column":78}},"18":{"start":{"line":185,"column":8},"end":{"line":185,"column":72}},"19":{"start":{"line":196,"column":8},"end":{"line":196,"column":69}},"20":{"start":{"line":200,"column":8},"end":{"line":200,"column":64}},"21":{"start":{"line":202,"column":8},"end":{"line":202,"column":75}},"22":{"start":{"line":221,"column":8},"end":{"line":221,"column":57}},"23":{"start":{"line":222,"column":8},"end":{"line":222,"column":47}},"24":{"start":{"line":229,"column":8},"end":{"line":229,"column":86}},"25":{"start":{"line":231,"column":8},"end":{"line":231,"column":72}},"26":{"start":{"line":246,"column":8},"end":{"line":246,"column":37}},"27":{"start":{"line":248,"column":8},"end":{"line":248,"column":67}},"28":{"start":{"line":264,"column":8},"end":{"line":264,"column":57}},"29":{"start":{"line":265,"column":8},"end":{"line":265,"column":47}},"30":{"start":{"line":271,"column":8},"end":{"line":271,"column":86}},"31":{"start":{"line":273,"column":8},"end":{"line":273,"column":72}},"32":{"start":{"line":286,"column":8},"end":{"line":286,"column":37}},"33":{"start":{"line":288,"column":8},"end":{"line":288,"column":57}},"34":{"start":{"line":298,"column":8},"end":{"line":298,"column":64}},"35":{"start":{"line":300,"column":8},"end":{"line":300,"column":38}},"36":{"start":{"line":301,"column":8},"end":{"line":301,"column":42}},"37":{"start":{"line":302,"column":8},"end":{"line":302,"column":41}},"38":{"start":{"line":304,"column":8},"end":{"line":304,"column":52}},"39":{"start":{"line":314,"column":8},"end":{"line":314,"column":49}},"40":{"start":{"line":317,"column":8},"end":{"line":317,"column":47}},"41":{"start":{"line":327,"column":8},"end":{"line":327,"column":34}},"42":{"start":{"line":329,"column":8},"end":{"line":329,"column":41}},"43":{"start":{"line":339,"column":8},"end":{"line":339,"column":67}},"44":{"start":{"line":347,"column":8},"end":{"line":347,"column":15}},"45":{"start":{"line":354,"column":8},"end":{"line":354,"column":17}},"46":{"start":{"line":378,"column":8},"end":{"line":378,"column":42}},"47":{"start":{"line":389,"column":8},"end":{"line":389,"column":51}},"48":{"start":{"line":406,"column":8},"end":{"line":406,"column":86}},"49":{"start":{"line":413,"column":8},"end":{"line":413,"column":35}},"50":{"start":{"line":420,"column":8},"end":{"line":420,"column":39}}},"branchMap":{"1":{"line":107,"type":"if","locations":[{"start":{"line":107,"column":13},"end":{"line":107,"column":13}},{"start":{"line":107,"column":13},"end":{"line":107,"column":13}}]},"2":{"line":135,"type":"if","locations":[{"start":{"line":135,"column":8},"end":{"line":135,"column":8}},{"start":{"line":135,"column":8},"end":{"line":135,"column":8}}]},"3":{"line":136,"type":"if","locations":[{"start":{"line":136,"column":8},"end":{"line":136,"column":8}},{"start":{"line":136,"column":8},"end":{"line":136,"column":8}}]},"4":{"line":139,"type":"if","locations":[{"start":{"line":139,"column":8},"end":{"line":139,"column":8}},{"start":{"line":139,"column":8},"end":{"line":139,"column":8}}]},"5":{"line":140,"type":"if","locations":[{"start":{"line":140,"column":8},"end":{"line":140,"column":8}},{"start":{"line":140,"column":8},"end":{"line":140,"column":8}}]},"6":{"line":140,"type":"cond-expr","locations":[{"start":{"line":140,"column":12},"end":{"line":140,"column":33}},{"start":{"line":140,"column":38},"end":{"line":140,"column":59}}]},"7":{"line":141,"type":"if","locations":[{"start":{"line":141,"column":8},"end":{"line":141,"column":8}},{"start":{"line":141,"column":8},"end":{"line":141,"column":8}}]},"8":{"line":172,"type":"if","locations":[{"start":{"line":172,"column":8},"end":{"line":172,"column":8}},{"start":{"line":172,"column":8},"end":{"line":172,"column":8}}]},"9":{"line":173,"type":"if","locations":[{"start":{"line":173,"column":8},"end":{"line":173,"column":8}},{"start":{"line":173,"column":8},"end":{"line":173,"column":8}}]},"10":{"line":176,"type":"if","locations":[{"start":{"line":176,"column":8},"end":{"line":176,"column":8}},{"start":{"line":176,"column":8},"end":{"line":176,"column":8}}]},"11":{"line":177,"type":"if","locations":[{"start":{"line":177,"column":8},"end":{"line":177,"column":8}},{"start":{"line":177,"column":8},"end":{"line":177,"column":8}}]},"12":{"line":177,"type":"cond-expr","locations":[{"start":{"line":177,"column":12},"end":{"line":177,"column":33}},{"start":{"line":177,"column":38},"end":{"line":177,"column":59}}]},"13":{"line":178,"type":"if","locations":[{"start":{"line":178,"column":8},"end":{"line":178,"column":8}},{"start":{"line":178,"column":8},"end":{"line":178,"column":8}}]},"14":{"line":196,"type":"if","locations":[{"start":{"line":196,"column":8},"end":{"line":196,"column":8}},{"start":{"line":196,"column":8},"end":{"line":196,"column":8}}]},"15":{"line":216,"type":"if","locations":[{"start":{"line":216,"column":8},"end":{"line":216,"column":8}},{"start":{"line":216,"column":8},"end":{"line":216,"column":8}}]},"16":{"line":217,"type":"if","locations":[{"start":{"line":217,"column":8},"end":{"line":217,"column":8}},{"start":{"line":217,"column":8},"end":{"line":217,"column":8}}]},"17":{"line":218,"type":"if","locations":[{"start":{"line":218,"column":8},"end":{"line":218,"column":8}},{"start":{"line":218,"column":8},"end":{"line":218,"column":8}}]},"18":{"line":221,"type":"if","locations":[{"start":{"line":221,"column":8},"end":{"line":221,"column":8}},{"start":{"line":221,"column":8},"end":{"line":221,"column":8}}]},"19":{"line":222,"type":"if","locations":[{"start":{"line":222,"column":8},"end":{"line":222,"column":8}},{"start":{"line":222,"column":8},"end":{"line":222,"column":8}}]},"20":{"line":229,"type":"if","locations":[{"start":{"line":229,"column":8},"end":{"line":229,"column":8}},{"start":{"line":229,"column":8},"end":{"line":229,"column":8}}]},"21":{"line":259,"type":"if","locations":[{"start":{"line":259,"column":8},"end":{"line":259,"column":8}},{"start":{"line":259,"column":8},"end":{"line":259,"column":8}}]},"22":{"line":260,"type":"if","locations":[{"start":{"line":260,"column":8},"end":{"line":260,"column":8}},{"start":{"line":260,"column":8},"end":{"line":260,"column":8}}]},"23":{"line":261,"type":"if","locations":[{"start":{"line":261,"column":8},"end":{"line":261,"column":8}},{"start":{"line":261,"column":8},"end":{"line":261,"column":8}}]},"24":{"line":264,"type":"if","locations":[{"start":{"line":264,"column":8},"end":{"line":264,"column":8}},{"start":{"line":264,"column":8},"end":{"line":264,"column":8}}]},"25":{"line":265,"type":"if","locations":[{"start":{"line":265,"column":8},"end":{"line":265,"column":8}},{"start":{"line":265,"column":8},"end":{"line":265,"column":8}}]},"26":{"line":271,"type":"if","locations":[{"start":{"line":271,"column":8},"end":{"line":271,"column":8}},{"start":{"line":271,"column":8},"end":{"line":271,"column":8}}]},"27":{"line":296,"type":"if","locations":[{"start":{"line":296,"column":8},"end":{"line":296,"column":8}},{"start":{"line":296,"column":8},"end":{"line":296,"column":8}}]},"28":{"line":298,"type":"if","locations":[{"start":{"line":298,"column":8},"end":{"line":298,"column":8}},{"start":{"line":298,"column":8},"end":{"line":298,"column":8}}]},"29":{"line":312,"type":"if","locations":[{"start":{"line":312,"column":8},"end":{"line":312,"column":8}},{"start":{"line":312,"column":8},"end":{"line":312,"column":8}}]},"30":{"line":314,"type":"if","locations":[{"start":{"line":314,"column":8},"end":{"line":314,"column":8}},{"start":{"line":314,"column":8},"end":{"line":314,"column":8}}]},"31":{"line":325,"type":"if","locations":[{"start":{"line":325,"column":8},"end":{"line":325,"column":8}},{"start":{"line":325,"column":8},"end":{"line":325,"column":8}}]},"32":{"line":337,"type":"if","locations":[{"start":{"line":337,"column":8},"end":{"line":337,"column":8}},{"start":{"line":337,"column":8},"end":{"line":337,"column":8}}]},"33":{"line":339,"type":"if","locations":[{"start":{"line":339,"column":8},"end":{"line":339,"column":8}},{"start":{"line":339,"column":8},"end":{"line":339,"column":8}}]},"34":{"line":346,"type":"if","locations":[{"start":{"line":346,"column":30},"end":{"line":346,"column":30}},{"start":{"line":346,"column":30},"end":{"line":346,"column":30}}]},"35":{"line":353,"type":"if","locations":[{"start":{"line":353,"column":32},"end":{"line":353,"column":32}},{"start":{"line":353,"column":32},"end":{"line":353,"column":32}}]},"36":{"line":365,"type":"if","locations":[{"start":{"line":365,"column":8},"end":{"line":365,"column":8}},{"start":{"line":365,"column":8},"end":{"line":365,"column":8}}]}}},"contracts\\governance\\Governance.sol":{"l":{"97":0,"107":0,"108":0,"109":0,"110":0,"112":0,"113":0,"114":0,"116":0,"117":0,"118":0,"119":0,"121":0,"135":0,"136":0,"137":0,"139":0,"140":0,"142":0,"143":0,"144":0,"145":0,"146":0,"147":0,"148":0,"149":0,"150":0,"152":0,"154":0,"163":0,"174":0,"175":0,"176":0,"177":0,"178":0,"179":0,"180":0,"183":0,"185":0,"186":0,"189":0,"191":0,"202":0,"203":0,"204":0,"205":0,"206":0,"207":0,"208":0,"211":0,"213":0,"214":0,"217":0,"219":0,"233":0,"234":0,"235":0,"236":0,"237":0,"238":0,"240":0,"243":0,"244":0,"246":0,"256":0,"257":0,"258":0,"268":0,"270":0,"271":0,"272":0,"282":0,"284":0,"285":0,"286":0,"298":0,"299":0,"301":0,"302":0,"303":0,"304":0,"305":0,"306":0,"307":0,"308":0,"309":0,"311":0,"321":0,"322":0,"323":0,"324":0,"326":0,"331":0,"332":0,"339":0,"346":0,"381":0,"382":0,"404":0,"415":0,"426":0,"428":0,"429":0,"430":0,"431":0,"432":0,"433":0,"434":0,"450":0},"path":"C:\\Users\\heruf\\Documents\\GitHub\\Halom\\contracts\\governance\\Governance.sol","s":{"1":0,"2":0,"3":0,"4":0,"5":0,"6":0,"7":0,"8":0,"9":0,"10":0,"11":0,"12":0,"13":0,"14":0,"15":0,"16":0,"17":0,"18":0,"19":0,"20":0,"21":0,"22":0,"23":0,"24":0,"25":0,"26":0,"27":0,"28":0,"29":0,"30":0,"31":0,"32":0,"33":0,"34":0,"35":0,"36":0,"37":0,"38":0,"39":0,"40":0,"41":0,"42":0,"43":0,"44":0,"45":0,"46":0,"47":0,"48":0,"49":0,"50":0,"51":0,"52":0,"53":0,"54":0,"55":0,"56":0,"57":0,"58":0,"59":0,"60":0,"61":0,"62":0,"63":0,"64":0,"65":0,"66":0,"67":0,"68":0,"69":0,"70":0,"71":0,"72":0,"73":0,"74":0,"75":0,"76":0,"77":0,"78":0,"79":0,"80":0},"b":{"1":[0,0],"2":[0,0],"3":[0,0],"4":[0,0],"5":[0,0],"6":[0,0],"7":[0,0],"8":[0,0],"9":[0,0],"10":[0,0],"11":[0,0],"12":[0,0],"13":[0,0],"14":[0,0],"15":[0,0],"16":[0,0],"17":[0,0],"18":[0,0],"19":[0,0],"20":[0,0],"21":[0,0],"22":[0,0],"23":[0,0],"24":[0,0],"25":[0,0],"26":[0,0],"27":[0,0],"28":[0,0],"29":[0,0],"30":[0,0],"31":[0,0],"32":[0,0],"33":[0,0],"34":[0,0],"35":[0,0],"36":[0,0],"37":[0,0],"38":[0,0],"39":[0,0],"40":[0,0],"41":[0,0],"42":[0,0],"43":[0,0],"44":[0,0],"45":[0,0],"46":[0,0],"47":[0,0],"48":[0,0],"49":[0,0],"50":[0,0],"51":[0,0],"52":[0,0],"53":[0,0],"54":[0,0],"55":[0,0]},"f":{"1":0,"2":0,"3":0,"4":0,"5":0,"6":0,"7":0,"8":0,"9":0,"10":0,"11":0,"12":0,"13":0,"14":0,"15":0,"16":0,"17":0,"18":0,"19":0,"20":0},"fnMap":{"1":{"name":"constructor","line":96,"loc":{"start":{"line":96,"column":4},"end":{"line":98,"column":4}}},"2":{"name":"initialize","line":106,"loc":{"start":{"line":100,"column":4},"end":{"line":122,"column":4}}},"3":{"name":"propose","line":132,"loc":{"start":{"line":129,"column":4},"end":{"line":164,"column":4}}},"4":{"name":"vote","line":172,"loc":{"start":{"line":169,"column":4},"end":{"line":192,"column":4}}},"5":{"name":"voteAgainst","line":200,"loc":{"start":{"line":197,"column":4},"end":{"line":220,"column":4}}},"6":{"name":"executeProposal","line":231,"loc":{"start":{"line":227,"column":4},"end":{"line":247,"column":4}}},"7":{"name":"setQuorum","line":254,"loc":{"start":{"line":252,"column":4},"end":{"line":259,"column":4}}},"8":{"name":"setVotingDelay","line":266,"loc":{"start":{"line":264,"column":4},"end":{"line":273,"column":4}}},"9":{"name":"setVotingPeriod","line":280,"loc":{"start":{"line":278,"column":4},"end":{"line":287,"column":4}}},"10":{"name":"relayCrossChainProposal","line":296,"loc":{"start":{"line":292,"column":4},"end":{"line":312,"column":4}}},"11":{"name":"cancelProposal","line":319,"loc":{"start":{"line":317,"column":4},"end":{"line":333,"column":4}}},"12":{"name":"pause","line":338,"loc":{"start":{"line":338,"column":4},"end":{"line":340,"column":4}}},"13":{"name":"unpause","line":345,"loc":{"start":{"line":345,"column":4},"end":{"line":347,"column":4}}},"14":{"name":"_authorizeUpgrade","line":357,"loc":{"start":{"line":354,"column":4},"end":{"line":358,"column":5}}},"15":{"name":"getProposal","line":365,"loc":{"start":{"line":365,"column":4},"end":{"line":394,"column":4}}},"16":{"name":"hasVoted","line":399,"loc":{"start":{"line":399,"column":4},"end":{"line":405,"column":4}}},"17":{"name":"getVote","line":410,"loc":{"start":{"line":410,"column":4},"end":{"line":416,"column":4}}},"18":{"name":"getProposalState","line":421,"loc":{"start":{"line":421,"column":4},"end":{"line":435,"column":4}}},"19":{"name":"getGovernanceParams","line":440,"loc":{"start":{"line":440,"column":4},"end":{"line":451,"column":4}}},"20":{"name":"dummy","line":456,"loc":{"start":{"line":456,"column":4},"end":{"line":456,"column":29}}}},"statementMap":{"1":{"start":{"line":97,"column":8},"end":{"line":97,"column":29}},"2":{"start":{"line":107,"column":8},"end":{"line":107,"column":29}},"3":{"start":{"line":108,"column":8},"end":{"line":108,"column":31}},"4":{"start":{"line":109,"column":8},"end":{"line":109,"column":31}},"5":{"start":{"line":110,"column":8},"end":{"line":110,"column":24}},"6":{"start":{"line":112,"column":8},"end":{"line":112,"column":44}},"7":{"start":{"line":113,"column":8},"end":{"line":113,"column":39}},"8":{"start":{"line":114,"column":8},"end":{"line":114,"column":37}},"9":{"start":{"line":135,"column":8},"end":{"line":135,"column":62}},"10":{"start":{"line":136,"column":8},"end":{"line":136,"column":57}},"11":{"start":{"line":137,"column":8},"end":{"line":137,"column":86}},"12":{"start":{"line":140,"column":8},"end":{"line":140,"column":42}},"13":{"start":{"line":142,"column":8},"end":{"line":142,"column":57}},"14":{"start":{"line":154,"column":8},"end":{"line":154,"column":4886}},"15":{"start":{"line":163,"column":8},"end":{"line":163,"column":25}},"16":{"start":{"line":174,"column":8},"end":{"line":174,"column":57}},"17":{"start":{"line":175,"column":8},"end":{"line":175,"column":55}},"18":{"start":{"line":176,"column":8},"end":{"line":176,"column":63}},"19":{"start":{"line":177,"column":8},"end":{"line":177,"column":63}},"20":{"start":{"line":178,"column":8},"end":{"line":178,"column":75}},"21":{"start":{"line":179,"column":8},"end":{"line":179,"column":68}},"22":{"start":{"line":180,"column":8},"end":{"line":180,"column":64}},"23":{"start":{"line":183,"column":8},"end":{"line":183,"column":83}},"24":{"start":{"line":191,"column":8},"end":{"line":191,"column":55}},"25":{"start":{"line":202,"column":8},"end":{"line":202,"column":57}},"26":{"start":{"line":203,"column":8},"end":{"line":203,"column":55}},"27":{"start":{"line":204,"column":8},"end":{"line":204,"column":63}},"28":{"start":{"line":205,"column":8},"end":{"line":205,"column":63}},"29":{"start":{"line":206,"column":8},"end":{"line":206,"column":75}},"30":{"start":{"line":207,"column":8},"end":{"line":207,"column":68}},"31":{"start":{"line":208,"column":8},"end":{"line":208,"column":64}},"32":{"start":{"line":211,"column":8},"end":{"line":211,"column":83}},"33":{"start":{"line":219,"column":8},"end":{"line":219,"column":56}},"34":{"start":{"line":233,"column":8},"end":{"line":233,"column":57}},"35":{"start":{"line":234,"column":8},"end":{"line":234,"column":55}},"36":{"start":{"line":235,"column":8},"end":{"line":235,"column":63}},"37":{"start":{"line":236,"column":8},"end":{"line":236,"column":63}},"38":{"start":{"line":237,"column":8},"end":{"line":237,"column":69}},"39":{"start":{"line":238,"column":8},"end":{"line":238,"column":61}},"40":{"start":{"line":243,"column":8},"end":{"line":243,"column":63}},"41":{"start":{"line":244,"column":8},"end":{"line":244,"column":52}},"42":{"start":{"line":246,"column":8},"end":{"line":246,"column":41}},"43":{"start":{"line":256,"column":8},"end":{"line":256,"column":34}},"44":{"start":{"line":258,"column":8},"end":{"line":258,"column":48}},"45":{"start":{"line":268,"column":8},"end":{"line":268,"column":57}},"46":{"start":{"line":270,"column":8},"end":{"line":270,"column":38}},"47":{"start":{"line":272,"column":8},"end":{"line":272,"column":48}},"48":{"start":{"line":282,"column":8},"end":{"line":282,"column":77}},"49":{"start":{"line":284,"column":8},"end":{"line":284,"column":40}},"50":{"start":{"line":286,"column":8},"end":{"line":286,"column":51}},"51":{"start":{"line":299,"column":8},"end":{"line":299,"column":42}},"52":{"start":{"line":301,"column":8},"end":{"line":301,"column":57}},"53":{"start":{"line":311,"column":8},"end":{"line":311,"column":45}},"54":{"start":{"line":321,"column":8},"end":{"line":321,"column":57}},"55":{"start":{"line":322,"column":8},"end":{"line":322,"column":55}},"56":{"start":{"line":323,"column":8},"end":{"line":323,"column":63}},"57":{"start":{"line":324,"column":8},"end":{"line":324,"column":63}},"58":{"start":{"line":326,"column":8},"end":{"line":326,"column":10550}},"59":{"start":{"line":332,"column":8},"end":{"line":332,"column":41}},"60":{"start":{"line":339,"column":8},"end":{"line":339,"column":15}},"61":{"start":{"line":346,"column":8},"end":{"line":346,"column":17}},"62":{"start":{"line":381,"column":8},"end":{"line":381,"column":57}},"63":{"start":{"line":382,"column":8},"end":{"line":382,"column":11960}},"64":{"start":{"line":404,"column":8},"end":{"line":404,"column":52}},"65":{"start":{"line":415,"column":8},"end":{"line":415,"column":53}},"66":{"start":{"line":426,"column":8},"end":{"line":426,"column":57}},"67":{"start":{"line":428,"column":8},"end":{"line":428,"column":46}},"68":{"start":{"line":428,"column":30},"end":{"line":428,"column":46}},"69":{"start":{"line":429,"column":8},"end":{"line":429,"column":48}},"70":{"start":{"line":429,"column":31},"end":{"line":429,"column":48}},"71":{"start":{"line":430,"column":8},"end":{"line":430,"column":48}},"72":{"start":{"line":430,"column":31},"end":{"line":430,"column":48}},"73":{"start":{"line":431,"column":8},"end":{"line":431,"column":66}},"74":{"start":{"line":431,"column":50},"end":{"line":431,"column":66}},"75":{"start":{"line":432,"column":8},"end":{"line":432,"column":64}},"76":{"start":{"line":432,"column":49},"end":{"line":432,"column":64}},"77":{"start":{"line":433,"column":8},"end":{"line":433,"column":57}},"78":{"start":{"line":433,"column":40},"end":{"line":433,"column":57}},"79":{"start":{"line":434,"column":8},"end":{"line":434,"column":26}},"80":{"start":{"line":450,"column":8},"end":{"line":450,"column":69}}},"branchMap":{"1":{"line":106,"type":"if","locations":[{"start":{"line":106,"column":13},"end":{"line":106,"column":13}},{"start":{"line":106,"column":13},"end":{"line":106,"column":13}}]},"2":{"line":131,"type":"if","locations":[{"start":{"line":131,"column":8},"end":{"line":131,"column":8}},{"start":{"line":131,"column":8},"end":{"line":131,"column":8}}]},"3":{"line":132,"type":"if","locations":[{"start":{"line":132,"column":8},"end":{"line":132,"column":8}},{"start":{"line":132,"column":8},"end":{"line":132,"column":8}}]},"4":{"line":135,"type":"if","locations":[{"start":{"line":135,"column":8},"end":{"line":135,"column":8}},{"start":{"line":135,"column":8},"end":{"line":135,"column":8}}]},"5":{"line":136,"type":"if","locations":[{"start":{"line":136,"column":8},"end":{"line":136,"column":8}},{"start":{"line":136,"column":8},"end":{"line":136,"column":8}}]},"6":{"line":137,"type":"if","locations":[{"start":{"line":137,"column":8},"end":{"line":137,"column":8}},{"start":{"line":137,"column":8},"end":{"line":137,"column":8}}]},"7":{"line":171,"type":"if","locations":[{"start":{"line":171,"column":8},"end":{"line":171,"column":8}},{"start":{"line":171,"column":8},"end":{"line":171,"column":8}}]},"8":{"line":172,"type":"if","locations":[{"start":{"line":172,"column":8},"end":{"line":172,"column":8}},{"start":{"line":172,"column":8},"end":{"line":172,"column":8}}]},"9":{"line":175,"type":"if","locations":[{"start":{"line":175,"column":8},"end":{"line":175,"column":8}},{"start":{"line":175,"column":8},"end":{"line":175,"column":8}}]},"10":{"line":176,"type":"if","locations":[{"start":{"line":176,"column":8},"end":{"line":176,"column":8}},{"start":{"line":176,"column":8},"end":{"line":176,"column":8}}]},"11":{"line":177,"type":"if","locations":[{"start":{"line":177,"column":8},"end":{"line":177,"column":8}},{"start":{"line":177,"column":8},"end":{"line":177,"column":8}}]},"12":{"line":178,"type":"if","locations":[{"start":{"line":178,"column":8},"end":{"line":178,"column":8}},{"start":{"line":178,"column":8},"end":{"line":178,"column":8}}]},"13":{"line":179,"type":"if","locations":[{"start":{"line":179,"column":8},"end":{"line":179,"column":8}},{"start":{"line":179,"column":8},"end":{"line":179,"column":8}}]},"14":{"line":180,"type":"if","locations":[{"start":{"line":180,"column":8},"end":{"line":180,"column":8}},{"start":{"line":180,"column":8},"end":{"line":180,"column":8}}]},"15":{"line":199,"type":"if","locations":[{"start":{"line":199,"column":8},"end":{"line":199,"column":8}},{"start":{"line":199,"column":8},"end":{"line":199,"column":8}}]},"16":{"line":200,"type":"if","locations":[{"start":{"line":200,"column":8},"end":{"line":200,"column":8}},{"start":{"line":200,"column":8},"end":{"line":200,"column":8}}]},"17":{"line":203,"type":"if","locations":[{"start":{"line":203,"column":8},"end":{"line":203,"column":8}},{"start":{"line":203,"column":8},"end":{"line":203,"column":8}}]},"18":{"line":204,"type":"if","locations":[{"start":{"line":204,"column":8},"end":{"line":204,"column":8}},{"start":{"line":204,"column":8},"end":{"line":204,"column":8}}]},"19":{"line":205,"type":"if","locations":[{"start":{"line":205,"column":8},"end":{"line":205,"column":8}},{"start":{"line":205,"column":8},"end":{"line":205,"column":8}}]},"20":{"line":206,"type":"if","locations":[{"start":{"line":206,"column":8},"end":{"line":206,"column":8}},{"start":{"line":206,"column":8},"end":{"line":206,"column":8}}]},"21":{"line":207,"type":"if","locations":[{"start":{"line":207,"column":8},"end":{"line":207,"column":8}},{"start":{"line":207,"column":8},"end":{"line":207,"column":8}}]},"22":{"line":208,"type":"if","locations":[{"start":{"line":208,"column":8},"end":{"line":208,"column":8}},{"start":{"line":208,"column":8},"end":{"line":208,"column":8}}]},"23":{"line":229,"type":"if","locations":[{"start":{"line":229,"column":8},"end":{"line":229,"column":8}},{"start":{"line":229,"column":8},"end":{"line":229,"column":8}}]},"24":{"line":230,"type":"if","locations":[{"start":{"line":230,"column":8},"end":{"line":230,"column":8}},{"start":{"line":230,"column":8},"end":{"line":230,"column":8}}]},"25":{"line":231,"type":"if","locations":[{"start":{"line":231,"column":8},"end":{"line":231,"column":8}},{"start":{"line":231,"column":8},"end":{"line":231,"column":8}}]},"26":{"line":234,"type":"if","locations":[{"start":{"line":234,"column":8},"end":{"line":234,"column":8}},{"start":{"line":234,"column":8},"end":{"line":234,"column":8}}]},"27":{"line":235,"type":"if","locations":[{"start":{"line":235,"column":8},"end":{"line":235,"column":8}},{"start":{"line":235,"column":8},"end":{"line":235,"column":8}}]},"28":{"line":236,"type":"if","locations":[{"start":{"line":236,"column":8},"end":{"line":236,"column":8}},{"start":{"line":236,"column":8},"end":{"line":236,"column":8}}]},"29":{"line":237,"type":"if","locations":[{"start":{"line":237,"column":8},"end":{"line":237,"column":8}},{"start":{"line":237,"column":8},"end":{"line":237,"column":8}}]},"30":{"line":238,"type":"if","locations":[{"start":{"line":238,"column":8},"end":{"line":238,"column":8}},{"start":{"line":238,"column":8},"end":{"line":238,"column":8}}]},"31":{"line":244,"type":"if","locations":[{"start":{"line":244,"column":8},"end":{"line":244,"column":8}},{"start":{"line":244,"column":8},"end":{"line":244,"column":8}}]},"32":{"line":254,"type":"if","locations":[{"start":{"line":254,"column":8},"end":{"line":254,"column":8}},{"start":{"line":254,"column":8},"end":{"line":254,"column":8}}]},"33":{"line":266,"type":"if","locations":[{"start":{"line":266,"column":8},"end":{"line":266,"column":8}},{"start":{"line":266,"column":8},"end":{"line":266,"column":8}}]},"34":{"line":268,"type":"if","locations":[{"start":{"line":268,"column":8},"end":{"line":268,"column":8}},{"start":{"line":268,"column":8},"end":{"line":268,"column":8}}]},"35":{"line":280,"type":"if","locations":[{"start":{"line":280,"column":8},"end":{"line":280,"column":8}},{"start":{"line":280,"column":8},"end":{"line":280,"column":8}}]},"36":{"line":282,"type":"if","locations":[{"start":{"line":282,"column":8},"end":{"line":282,"column":8}},{"start":{"line":282,"column":8},"end":{"line":282,"column":8}}]},"37":{"line":282,"type":"cond-expr","locations":[{"start":{"line":282,"column":12},"end":{"line":282,"column":26}},{"start":{"line":282,"column":31},"end":{"line":282,"column":46}}]},"38":{"line":294,"type":"if","locations":[{"start":{"line":294,"column":8},"end":{"line":294,"column":8}},{"start":{"line":294,"column":8},"end":{"line":294,"column":8}}]},"39":{"line":295,"type":"if","locations":[{"start":{"line":295,"column":8},"end":{"line":295,"column":8}},{"start":{"line":295,"column":8},"end":{"line":295,"column":8}}]},"40":{"line":296,"type":"if","locations":[{"start":{"line":296,"column":8},"end":{"line":296,"column":8}},{"start":{"line":296,"column":8},"end":{"line":296,"column":8}}]},"41":{"line":319,"type":"if","locations":[{"start":{"line":319,"column":8},"end":{"line":319,"column":8}},{"start":{"line":319,"column":8},"end":{"line":319,"column":8}}]},"42":{"line":322,"type":"if","locations":[{"start":{"line":322,"column":8},"end":{"line":322,"column":8}},{"start":{"line":322,"column":8},"end":{"line":322,"column":8}}]},"43":{"line":323,"type":"if","locations":[{"start":{"line":323,"column":8},"end":{"line":323,"column":8}},{"start":{"line":323,"column":8},"end":{"line":323,"column":8}}]},"44":{"line":324,"type":"if","locations":[{"start":{"line":324,"column":8},"end":{"line":324,"column":8}},{"start":{"line":324,"column":8},"end":{"line":324,"column":8}}]},"45":{"line":326,"type":"if","locations":[{"start":{"line":326,"column":8},"end":{"line":326,"column":8}},{"start":{"line":326,"column":8},"end":{"line":326,"column":8}}]},"46":{"line":327,"type":"cond-expr","locations":[{"start":{"line":327,"column":12},"end":{"line":327,"column":42}},{"start":{"line":327,"column":47},"end":{"line":327,"column":80}}]},"47":{"line":338,"type":"if","locations":[{"start":{"line":338,"column":30},"end":{"line":338,"column":30}},{"start":{"line":338,"column":30},"end":{"line":338,"column":30}}]},"48":{"line":345,"type":"if","locations":[{"start":{"line":345,"column":32},"end":{"line":345,"column":32}},{"start":{"line":345,"column":32},"end":{"line":345,"column":32}}]},"49":{"line":357,"type":"if","locations":[{"start":{"line":357,"column":8},"end":{"line":357,"column":8}},{"start":{"line":357,"column":8},"end":{"line":357,"column":8}}]},"50":{"line":428,"type":"if","locations":[{"start":{"line":428,"column":8},"end":{"line":428,"column":8}},{"start":{"line":428,"column":8},"end":{"line":428,"column":8}}]},"51":{"line":429,"type":"if","locations":[{"start":{"line":429,"column":8},"end":{"line":429,"column":8}},{"start":{"line":429,"column":8},"end":{"line":429,"column":8}}]},"52":{"line":430,"type":"if","locations":[{"start":{"line":430,"column":8},"end":{"line":430,"column":8}},{"start":{"line":430,"column":8},"end":{"line":430,"column":8}}]},"53":{"line":431,"type":"if","locations":[{"start":{"line":431,"column":8},"end":{"line":431,"column":8}},{"start":{"line":431,"column":8},"end":{"line":431,"column":8}}]},"54":{"line":432,"type":"if","locations":[{"start":{"line":432,"column":8},"end":{"line":432,"column":8}},{"start":{"line":432,"column":8},"end":{"line":432,"column":8}}]},"55":{"line":433,"type":"if","locations":[{"start":{"line":433,"column":8},"end":{"line":433,"column":8}},{"start":{"line":433,"column":8},"end":{"line":433,"column":8}}]}}},"contracts\\governance\\QuadraticVotingUtils.sol":{"l":{"36":0,"39":0,"40":0,"42":0,"43":0,"44":0,"47":0,"56":0,"57":0,"59":0,"73":0,"74":0,"77":0,"79":0,"93":0,"94":0,"96":0,"108":0,"109":0,"123":0,"137":0,"138":0,"139":0,"141":0,"144":0,"159":0,"162":0,"163":0,"165":0,"178":0,"181":0,"182":0,"184":0,"197":0,"199":0,"203":0,"204":0,"206":0,"207":0,"209":0,"212":0,"229":0,"232":0,"233":0,"235":0,"236":0,"238":0,"257":0,"274":0,"275":0},"path":"C:\\Users\\heruf\\Documents\\GitHub\\Halom\\contracts\\governance\\QuadraticVotingUtils.sol","s":{"1":0,"2":0,"3":0,"4":0,"5":0,"6":0,"7":0,"8":0,"9":0,"10":0,"11":0,"12":0,"13":0,"14":0,"15":0,"16":0,"17":0,"18":0,"19":0,"20":0,"21":0,"22":0,"23":0,"24":0,"25":0,"26":0,"27":0,"28":0,"29":0,"30":0,"31":0,"32":0,"33":0,"34":0,"35":0,"36":0,"37":0,"38":0,"39":0,"40":0,"41":0,"42":0,"43":0,"44":0},"b":{"1":[0,0],"2":[0,0],"3":[0,0],"4":[0,0],"5":[0,0],"6":[0,0],"7":[0,0],"8":[0,0],"9":[0,0],"10":[0,0],"11":[0,0],"12":[0,0],"13":[0,0]},"f":{"1":0,"2":0,"3":0,"4":0,"5":0,"6":0,"7":0,"8":0,"9":0,"10":0,"11":0,"12":0,"13":0},"fnMap":{"1":{"name":"calculateQuadraticWeight","line":35,"loc":{"start":{"line":35,"column":4},"end":{"line":48,"column":4}}},"2":{"name":"calculateTotalQuadraticWeight","line":55,"loc":{"start":{"line":55,"column":4},"end":{"line":60,"column":4}}},"3":{"name":"updateVotingPower","line":68,"loc":{"start":{"line":68,"column":4},"end":{"line":80,"column":4}}},"4":{"name":"updateVoteCount","line":88,"loc":{"start":{"line":88,"column":4},"end":{"line":97,"column":4}}},"5":{"name":"validateVoteAmount","line":104,"loc":{"start":{"line":104,"column":4},"end":{"line":110,"column":4}}},"6":{"name":"checkVotingPower","line":118,"loc":{"start":{"line":118,"column":4},"end":{"line":124,"column":4}}},"7":{"name":"calculateVotingPowerFromBalance","line":132,"loc":{"start":{"line":132,"column":4},"end":{"line":145,"column":4}}},"8":{"name":"calculateTimeDecayVotingPower","line":154,"loc":{"start":{"line":154,"column":4},"end":{"line":166,"column":4}}},"9":{"name":"calculateScaledQuadraticPower","line":174,"loc":{"start":{"line":174,"column":4},"end":{"line":185,"column":4}}},"10":{"name":"calculateDiminishingReturnsPower","line":193,"loc":{"start":{"line":193,"column":4},"end":{"line":213,"column":4}}},"11":{"name":"calculateLockUpBonusPower","line":223,"loc":{"start":{"line":223,"column":4},"end":{"line":239,"column":4}}},"12":{"name":"getUserVotingStats","line":249,"loc":{"start":{"line":249,"column":4},"end":{"line":262,"column":4}}},"13":{"name":"calculateVotingPercentage","line":270,"loc":{"start":{"line":270,"column":4},"end":{"line":276,"column":4}}}},"statementMap":{"1":{"start":{"line":36,"column":8},"end":{"line":36,"column":37}},"2":{"start":{"line":36,"column":29},"end":{"line":36,"column":37}},"3":{"start":{"line":39,"column":8},"end":{"line":39,"column":30}},"4":{"start":{"line":40,"column":8},"end":{"line":40,"column":31}},"5":{"start":{"line":42,"column":8},"end":{"line":42,"column":1400}},"6":{"start":{"line":47,"column":8},"end":{"line":47,"column":16}},"7":{"start":{"line":56,"column":8},"end":{"line":56,"column":1843}},"8":{"start":{"line":59,"column":8},"end":{"line":59,"column":26}},"9":{"start":{"line":73,"column":8},"end":{"line":73,"column":53}},"10":{"start":{"line":79,"column":8},"end":{"line":79,"column":63}},"11":{"start":{"line":93,"column":8},"end":{"line":93,"column":51}},"12":{"start":{"line":96,"column":8},"end":{"line":96,"column":59}},"13":{"start":{"line":108,"column":8},"end":{"line":108,"column":71}},"14":{"start":{"line":109,"column":8},"end":{"line":109,"column":76}},"15":{"start":{"line":123,"column":8},"end":{"line":123,"column":88}},"16":{"start":{"line":137,"column":8},"end":{"line":137,"column":48}},"17":{"start":{"line":138,"column":8},"end":{"line":138,"column":4516}},"18":{"start":{"line":140,"column":15},"end":{"line":140,"column":4626}},"19":{"start":{"line":144,"column":8},"end":{"line":144,"column":58}},"20":{"start":{"line":159,"column":8},"end":{"line":159,"column":49}},"21":{"start":{"line":159,"column":41},"end":{"line":159,"column":49}},"22":{"start":{"line":162,"column":8},"end":{"line":162,"column":82}},"23":{"start":{"line":165,"column":8},"end":{"line":165,"column":29}},"24":{"start":{"line":178,"column":8},"end":{"line":178,"column":37}},"25":{"start":{"line":178,"column":29},"end":{"line":178,"column":37}},"26":{"start":{"line":181,"column":8},"end":{"line":181,"column":69}},"27":{"start":{"line":184,"column":8},"end":{"line":184,"column":26}},"28":{"start":{"line":197,"column":8},"end":{"line":197,"column":37}},"29":{"start":{"line":197,"column":29},"end":{"line":197,"column":37}},"30":{"start":{"line":199,"column":8},"end":{"line":199,"column":64}},"31":{"start":{"line":203,"column":8},"end":{"line":203,"column":39}},"32":{"start":{"line":204,"column":8},"end":{"line":204,"column":80}},"33":{"start":{"line":206,"column":8},"end":{"line":206,"column":7242}},"34":{"start":{"line":212,"column":8},"end":{"line":212,"column":30}},"35":{"start":{"line":229,"column":8},"end":{"line":229,"column":53}},"36":{"start":{"line":229,"column":31},"end":{"line":229,"column":53}},"37":{"start":{"line":232,"column":8},"end":{"line":232,"column":77}},"38":{"start":{"line":233,"column":8},"end":{"line":233,"column":66}},"39":{"start":{"line":235,"column":8},"end":{"line":235,"column":71}},"40":{"start":{"line":238,"column":8},"end":{"line":238,"column":25}},"41":{"start":{"line":257,"column":8},"end":{"line":257,"column":9007}},"42":{"start":{"line":274,"column":8},"end":{"line":274,"column":37}},"43":{"start":{"line":274,"column":29},"end":{"line":274,"column":37}},"44":{"start":{"line":275,"column":8},"end":{"line":275,"column":47}}},"branchMap":{"1":{"line":36,"type":"if","locations":[{"start":{"line":36,"column":8},"end":{"line":36,"column":8}},{"start":{"line":36,"column":8},"end":{"line":36,"column":8}}]},"2":{"line":108,"type":"if","locations":[{"start":{"line":108,"column":8},"end":{"line":108,"column":8}},{"start":{"line":108,"column":8},"end":{"line":108,"column":8}}]},"3":{"line":109,"type":"if","locations":[{"start":{"line":109,"column":8},"end":{"line":109,"column":8}},{"start":{"line":109,"column":8},"end":{"line":109,"column":8}}]},"4":{"line":123,"type":"if","locations":[{"start":{"line":123,"column":8},"end":{"line":123,"column":8}},{"start":{"line":123,"column":8},"end":{"line":123,"column":8}}]},"5":{"line":138,"type":"if","locations":[{"start":{"line":138,"column":8},"end":{"line":138,"column":8}},{"start":{"line":138,"column":8},"end":{"line":138,"column":8}}]},"6":{"line":140,"type":"if","locations":[{"start":{"line":140,"column":15},"end":{"line":140,"column":15}},{"start":{"line":140,"column":15},"end":{"line":140,"column":15}}]},"7":{"line":159,"type":"if","locations":[{"start":{"line":159,"column":8},"end":{"line":159,"column":8}},{"start":{"line":159,"column":8},"end":{"line":159,"column":8}}]},"8":{"line":178,"type":"if","locations":[{"start":{"line":178,"column":8},"end":{"line":178,"column":8}},{"start":{"line":178,"column":8},"end":{"line":178,"column":8}}]},"9":{"line":197,"type":"if","locations":[{"start":{"line":197,"column":8},"end":{"line":197,"column":8}},{"start":{"line":197,"column":8},"end":{"line":197,"column":8}}]},"10":{"line":206,"type":"if","locations":[{"start":{"line":206,"column":8},"end":{"line":206,"column":8}},{"start":{"line":206,"column":8},"end":{"line":206,"column":8}}]},"11":{"line":229,"type":"if","locations":[{"start":{"line":229,"column":8},"end":{"line":229,"column":8}},{"start":{"line":229,"column":8},"end":{"line":229,"column":8}}]},"12":{"line":233,"type":"if","locations":[{"start":{"line":233,"column":8},"end":{"line":233,"column":8}},{"start":{"line":233,"column":8},"end":{"line":233,"column":8}}]},"13":{"line":274,"type":"if","locations":[{"start":{"line":274,"column":8},"end":{"line":274,"column":8}},{"start":{"line":274,"column":8},"end":{"line":274,"column":8}}]}}},"contracts\\governance\\Timelock.sol":{"l":{"44":0,"45":0,"46":0,"47":0,"48":0,"53":0,"54":0,"55":0,"56":0,"61":0,"62":0,"63":0,"64":0,"69":0,"70":0,"71":0,"72":0,"78":0,"79":0,"82":0,"83":0,"95":0,"96":0,"97":0,"100":0,"101":0,"102":0,"103":0,"110":0,"111":0,"112":0,"113":0,"117":0,"119":0,"122":0,"123":0,"124":0,"125":0,"126":0,"127":0,"128":0,"129":0,"130":0,"131":0,"132":0,"134":0,"135":0,"136":0,"140":0,"144":0,"146":0,"148":0,"149":0,"150":0,"151":0,"152":0,"153":0,"154":0,"155":0,"156":0,"157":0,"159":0,"169":0,"170":0,"171":0,"172":0,"173":0,"183":0,"184":0,"185":0,"186":0,"191":0,"192":0,"195":0,"198":0},"path":"C:\\Users\\heruf\\Documents\\GitHub\\Halom\\contracts\\governance\\Timelock.sol","s":{"1":0,"2":0,"3":0,"4":0,"5":0,"6":0,"7":0,"8":0,"9":0,"10":0,"11":0,"12":0,"13":0,"14":0,"15":0,"16":0,"17":0,"18":0,"19":0,"20":0,"21":0,"22":0,"23":0,"24":0,"25":0,"26":0,"27":0,"28":0,"29":0,"30":0,"31":0,"32":0,"33":0,"34":0,"35":0,"36":0,"37":0,"38":0,"39":0,"40":0,"41":0,"42":0,"43":0,"44":0,"45":0,"46":0,"47":0,"48":0,"49":0,"50":0,"51":0,"52":0,"53":0,"54":0,"55":0,"56":0,"57":0,"58":0,"59":0,"60":0,"61":0,"62":0,"63":0,"64":0,"65":0,"66":0,"67":0,"68":0},"b":{"1":[0,0],"2":[0,0],"3":[0,0],"4":[0,0],"5":[0,0],"6":[0,0],"7":[0,0],"8":[0,0],"9":[0,0],"10":[0,0],"11":[0,0],"12":[0,0],"13":[0,0],"14":[0,0],"15":[0,0],"16":[0,0],"17":[0,0],"18":[0,0],"19":[0,0],"20":[0,0],"21":[0,0],"22":[0,0],"23":[0,0],"24":[0,0],"25":[0,0],"26":[0,0],"27":[0,0],"28":[0,0],"29":[0,0],"30":[0,0],"31":[0,0],"32":[0,0],"33":[0,0],"34":[0,0],"35":[0,0]},"f":{"1":0,"2":0,"3":0,"4":0,"5":0,"6":0,"7":0,"8":0,"9":0,"10":0,"11":0,"12":0,"13":0,"14":0},"fnMap":{"1":{"name":"constructor","line":43,"loc":{"start":{"line":38,"column":4},"end":{"line":49,"column":4}}},"2":{"name":"setMinDelay","line":52,"loc":{"start":{"line":52,"column":4},"end":{"line":57,"column":4}}},"3":{"name":"enableTestMode","line":60,"loc":{"start":{"line":60,"column":4},"end":{"line":66,"column":4}}},"4":{"name":"disableTestMode","line":68,"loc":{"start":{"line":68,"column":4},"end":{"line":74,"column":4}}},"5":{"name":"emergencyPause","line":77,"loc":{"start":{"line":77,"column":4},"end":{"line":80,"column":4}}},"6":{"name":"emergencyResume","line":81,"loc":{"start":{"line":81,"column":4},"end":{"line":84,"column":4}}},"7":{"name":"queueTransaction","line":94,"loc":{"start":{"line":87,"column":4},"end":{"line":114,"column":4}}},"8":{"name":"_isCriticalOperation","line":116,"loc":{"start":{"line":116,"column":4},"end":{"line":141,"column":4}}},"9":{"name":"_getOperationType","line":143,"loc":{"start":{"line":143,"column":4},"end":{"line":160,"column":4}}},"10":{"name":"executeTransaction","line":168,"loc":{"start":{"line":162,"column":4},"end":{"line":174,"column":4}}},"11":{"name":"cancelTransaction","line":182,"loc":{"start":{"line":176,"column":4},"end":{"line":187,"column":4}}},"12":{"name":"isOperationExpired","line":190,"loc":{"start":{"line":190,"column":4},"end":{"line":193,"column":4}}},"13":{"name":"getMinDelay","line":194,"loc":{"start":{"line":194,"column":4},"end":{"line":196,"column":4}}},"14":{"name":"isEmergency","line":197,"loc":{"start":{"line":197,"column":4},"end":{"line":199,"column":4}}}},"statementMap":{"1":{"start":{"line":44,"column":8},"end":{"line":44,"column":126}},"2":{"start":{"line":46,"column":8},"end":{"line":46,"column":44}},"3":{"start":{"line":47,"column":8},"end":{"line":47,"column":36}},"4":{"start":{"line":48,"column":8},"end":{"line":48,"column":40}},"5":{"start":{"line":53,"column":8},"end":{"line":53,"column":78}},"6":{"start":{"line":54,"column":8},"end":{"line":54,"column":129}},"7":{"start":{"line":56,"column":8},"end":{"line":56,"column":38}},"8":{"start":{"line":62,"column":8},"end":{"line":62,"column":2734}},"9":{"start":{"line":64,"column":12},"end":{"line":64,"column":48}},"10":{"start":{"line":70,"column":8},"end":{"line":70,"column":2988}},"11":{"start":{"line":72,"column":12},"end":{"line":72,"column":47}},"12":{"start":{"line":79,"column":8},"end":{"line":79,"column":40}},"13":{"start":{"line":83,"column":8},"end":{"line":83,"column":41}},"14":{"start":{"line":95,"column":8},"end":{"line":95,"column":78}},"15":{"start":{"line":96,"column":8},"end":{"line":96,"column":95}},"16":{"start":{"line":97,"column":8},"end":{"line":97,"column":61}},"17":{"start":{"line":100,"column":8},"end":{"line":100,"column":38}},"18":{"start":{"line":101,"column":8},"end":{"line":101,"column":4144}},"19":{"start":{"line":103,"column":12},"end":{"line":103,"column":4268}},"20":{"start":{"line":110,"column":8},"end":{"line":110,"column":85}},"21":{"start":{"line":111,"column":8},"end":{"line":111,"column":71}},"22":{"start":{"line":112,"column":8},"end":{"line":112,"column":100}},"23":{"start":{"line":113,"column":8},"end":{"line":113,"column":28}},"24":{"start":{"line":117,"column":8},"end":{"line":117,"column":41}},"25":{"start":{"line":117,"column":29},"end":{"line":117,"column":41}},"26":{"start":{"line":119,"column":8},"end":{"line":119,"column":42}},"27":{"start":{"line":122,"column":8},"end":{"line":122,"column":60}},"28":{"start":{"line":134,"column":8},"end":{"line":134,"column":5889}},"29":{"start":{"line":135,"column":12},"end":{"line":135,"column":5963}},"30":{"start":{"line":136,"column":16},"end":{"line":136,"column":27}},"31":{"start":{"line":140,"column":8},"end":{"line":140,"column":20}},"32":{"start":{"line":144,"column":8},"end":{"line":144,"column":45}},"33":{"start":{"line":144,"column":29},"end":{"line":144,"column":45}},"34":{"start":{"line":146,"column":8},"end":{"line":146,"column":42}},"35":{"start":{"line":148,"column":8},"end":{"line":148,"column":95}},"36":{"start":{"line":148,"column":70},"end":{"line":148,"column":95}},"37":{"start":{"line":149,"column":8},"end":{"line":149,"column":89}},"38":{"start":{"line":149,"column":67},"end":{"line":149,"column":89}},"39":{"start":{"line":150,"column":8},"end":{"line":150,"column":92}},"40":{"start":{"line":150,"column":73},"end":{"line":150,"column":92}},"41":{"start":{"line":151,"column":8},"end":{"line":151,"column":94}},"42":{"start":{"line":151,"column":74},"end":{"line":151,"column":94}},"43":{"start":{"line":152,"column":8},"end":{"line":152,"column":68}},"44":{"start":{"line":152,"column":54},"end":{"line":152,"column":68}},"45":{"start":{"line":153,"column":8},"end":{"line":153,"column":72}},"46":{"start":{"line":153,"column":56},"end":{"line":153,"column":72}},"47":{"start":{"line":154,"column":8},"end":{"line":154,"column":87}},"48":{"start":{"line":154,"column":63},"end":{"line":154,"column":87}},"49":{"start":{"line":155,"column":8},"end":{"line":155,"column":91}},"50":{"start":{"line":155,"column":65},"end":{"line":155,"column":91}},"51":{"start":{"line":156,"column":8},"end":{"line":156,"column":107}},"52":{"start":{"line":156,"column":80},"end":{"line":156,"column":107}},"53":{"start":{"line":157,"column":8},"end":{"line":157,"column":95}},"54":{"start":{"line":157,"column":67},"end":{"line":157,"column":95}},"55":{"start":{"line":159,"column":8},"end":{"line":159,"column":24}},"56":{"start":{"line":169,"column":8},"end":{"line":169,"column":61}},"57":{"start":{"line":170,"column":8},"end":{"line":170,"column":85}},"58":{"start":{"line":171,"column":8},"end":{"line":171,"column":54}},"59":{"start":{"line":172,"column":8},"end":{"line":172,"column":85}},"60":{"start":{"line":173,"column":8},"end":{"line":173,"column":24}},"61":{"start":{"line":183,"column":8},"end":{"line":183,"column":61}},"62":{"start":{"line":184,"column":8},"end":{"line":184,"column":85}},"63":{"start":{"line":185,"column":8},"end":{"line":185,"column":28}},"64":{"start":{"line":186,"column":8},"end":{"line":186,"column":48}},"65":{"start":{"line":191,"column":8},"end":{"line":191,"column":55}},"66":{"start":{"line":192,"column":8},"end":{"line":192,"column":74}},"67":{"start":{"line":195,"column":8},"end":{"line":195,"column":23}},"68":{"start":{"line":198,"column":8},"end":{"line":198,"column":30}}},"branchMap":{"1":{"line":44,"type":"if","locations":[{"start":{"line":44,"column":8},"end":{"line":44,"column":8}},{"start":{"line":44,"column":8},"end":{"line":44,"column":8}}]},"2":{"line":44,"type":"cond-expr","locations":[{"start":{"line":44,"column":12},"end":{"line":44,"column":36}},{"start":{"line":44,"column":41},"end":{"line":44,"column":65}}]},"3":{"line":52,"type":"if","locations":[{"start":{"line":52,"column":52},"end":{"line":52,"column":52}},{"start":{"line":52,"column":52},"end":{"line":52,"column":52}}]},"4":{"line":53,"type":"if","locations":[{"start":{"line":53,"column":48},"end":{"line":53,"column":61}},{"start":{"line":53,"column":65},"end":{"line":53,"column":77}}]},"5":{"line":54,"type":"if","locations":[{"start":{"line":54,"column":8},"end":{"line":54,"column":8}},{"start":{"line":54,"column":8},"end":{"line":54,"column":8}}]},"6":{"line":54,"type":"cond-expr","locations":[{"start":{"line":54,"column":12},"end":{"line":54,"column":38}},{"start":{"line":54,"column":43},"end":{"line":54,"column":66}}]},"7":{"line":60,"type":"if","locations":[{"start":{"line":60,"column":39},"end":{"line":60,"column":39}},{"start":{"line":60,"column":39},"end":{"line":60,"column":39}}]},"8":{"line":62,"type":"if","locations":[{"start":{"line":62,"column":8},"end":{"line":62,"column":8}},{"start":{"line":62,"column":8},"end":{"line":62,"column":8}}]},"9":{"line":68,"type":"if","locations":[{"start":{"line":68,"column":40},"end":{"line":68,"column":40}},{"start":{"line":68,"column":40},"end":{"line":68,"column":40}}]},"10":{"line":70,"type":"if","locations":[{"start":{"line":70,"column":8},"end":{"line":70,"column":8}},{"start":{"line":70,"column":8},"end":{"line":70,"column":8}}]},"11":{"line":77,"type":"if","locations":[{"start":{"line":77,"column":39},"end":{"line":77,"column":39}},{"start":{"line":77,"column":39},"end":{"line":77,"column":39}}]},"12":{"line":81,"type":"if","locations":[{"start":{"line":81,"column":40},"end":{"line":81,"column":40}},{"start":{"line":81,"column":40},"end":{"line":81,"column":40}}]},"13":{"line":94,"type":"if","locations":[{"start":{"line":94,"column":15},"end":{"line":94,"column":15}},{"start":{"line":94,"column":15},"end":{"line":94,"column":15}}]},"14":{"line":95,"type":"if","locations":[{"start":{"line":95,"column":48},"end":{"line":95,"column":61}},{"start":{"line":95,"column":65},"end":{"line":95,"column":77}}]},"15":{"line":96,"type":"if","locations":[{"start":{"line":96,"column":8},"end":{"line":96,"column":8}},{"start":{"line":96,"column":8},"end":{"line":96,"column":8}}]},"16":{"line":97,"type":"if","locations":[{"start":{"line":97,"column":8},"end":{"line":97,"column":8}},{"start":{"line":97,"column":8},"end":{"line":97,"column":8}}]},"17":{"line":101,"type":"if","locations":[{"start":{"line":101,"column":8},"end":{"line":101,"column":8}},{"start":{"line":101,"column":8},"end":{"line":101,"column":8}}]},"18":{"line":117,"type":"if","locations":[{"start":{"line":117,"column":8},"end":{"line":117,"column":8}},{"start":{"line":117,"column":8},"end":{"line":117,"column":8}}]},"19":{"line":135,"type":"if","locations":[{"start":{"line":135,"column":12},"end":{"line":135,"column":12}},{"start":{"line":135,"column":12},"end":{"line":135,"column":12}}]},"20":{"line":144,"type":"if","locations":[{"start":{"line":144,"column":8},"end":{"line":144,"column":8}},{"start":{"line":144,"column":8},"end":{"line":144,"column":8}}]},"21":{"line":148,"type":"if","locations":[{"start":{"line":148,"column":8},"end":{"line":148,"column":8}},{"start":{"line":148,"column":8},"end":{"line":148,"column":8}}]},"22":{"line":149,"type":"if","locations":[{"start":{"line":149,"column":8},"end":{"line":149,"column":8}},{"start":{"line":149,"column":8},"end":{"line":149,"column":8}}]},"23":{"line":150,"type":"if","locations":[{"start":{"line":150,"column":8},"end":{"line":150,"column":8}},{"start":{"line":150,"column":8},"end":{"line":150,"column":8}}]},"24":{"line":151,"type":"if","locations":[{"start":{"line":151,"column":8},"end":{"line":151,"column":8}},{"start":{"line":151,"column":8},"end":{"line":151,"column":8}}]},"25":{"line":152,"type":"if","locations":[{"start":{"line":152,"column":8},"end":{"line":152,"column":8}},{"start":{"line":152,"column":8},"end":{"line":152,"column":8}}]},"26":{"line":153,"type":"if","locations":[{"start":{"line":153,"column":8},"end":{"line":153,"column":8}},{"start":{"line":153,"column":8},"end":{"line":153,"column":8}}]},"27":{"line":154,"type":"if","locations":[{"start":{"line":154,"column":8},"end":{"line":154,"column":8}},{"start":{"line":154,"column":8},"end":{"line":154,"column":8}}]},"28":{"line":155,"type":"if","locations":[{"start":{"line":155,"column":8},"end":{"line":155,"column":8}},{"start":{"line":155,"column":8},"end":{"line":155,"column":8}}]},"29":{"line":156,"type":"if","locations":[{"start":{"line":156,"column":8},"end":{"line":156,"column":8}},{"start":{"line":156,"column":8},"end":{"line":156,"column":8}}]},"30":{"line":157,"type":"if","locations":[{"start":{"line":157,"column":8},"end":{"line":157,"column":8}},{"start":{"line":157,"column":8},"end":{"line":157,"column":8}}]},"31":{"line":168,"type":"if","locations":[{"start":{"line":168,"column":23},"end":{"line":168,"column":23}},{"start":{"line":168,"column":23},"end":{"line":168,"column":23}}]},"32":{"line":168,"type":"if","locations":[{"start":{"line":168,"column":47},"end":{"line":168,"column":47}},{"start":{"line":168,"column":47},"end":{"line":168,"column":47}}]},"33":{"line":169,"type":"if","locations":[{"start":{"line":169,"column":8},"end":{"line":169,"column":8}},{"start":{"line":169,"column":8},"end":{"line":169,"column":8}}]},"34":{"line":182,"type":"if","locations":[{"start":{"line":182,"column":15},"end":{"line":182,"column":15}},{"start":{"line":182,"column":15},"end":{"line":182,"column":15}}]},"35":{"line":183,"type":"if","locations":[{"start":{"line":183,"column":8},"end":{"line":183,"column":8}},{"start":{"line":183,"column":8},"end":{"line":183,"column":8}}]}}},"contracts\\interfaces\\IHalomInterfaces.sol":{"l":{},"path":"C:\\Users\\heruf\\Documents\\GitHub\\Halom\\contracts\\interfaces\\IHalomInterfaces.sol","s":{},"b":{},"f":{},"fnMap":{},"statementMap":{},"branchMap":{}},"contracts\\libraries\\GovernanceErrors.sol":{"l":{},"path":"C:\\Users\\heruf\\Documents\\GitHub\\Halom\\contracts\\libraries\\GovernanceErrors.sol","s":{},"b":{},"f":{},"fnMap":{},"statementMap":{},"branchMap":{}},"contracts\\libraries\\GovernanceMath.sol":{"l":{"16":0,"18":0,"19":0,"21":0,"22":0,"23":0,"26":0,"33":0,"34":0,"35":0,"36":0,"38":0,"39":0,"41":0,"42":0,"43":0,"44":0,"47":0,"58":0,"59":0,"61":0,"62":0,"74":0,"76":0,"77":0,"84":0,"85":0,"86":0,"87":0,"94":0,"95":0,"103":0,"104":0,"107":0,"108":0,"111":0,"112":0,"113":0,"116":0,"120":0,"121":0,"122":0,"123":0,"124":0},"path":"C:\\Users\\heruf\\Documents\\GitHub\\Halom\\contracts\\libraries\\GovernanceMath.sol","s":{"1":0,"2":0,"3":0,"4":0,"5":0,"6":0,"7":0,"8":0,"9":0,"10":0,"11":0,"12":0,"13":0,"14":0,"15":0,"16":0,"17":0,"18":0,"19":0,"20":0,"21":0,"22":0,"23":0,"24":0,"25":0,"26":0,"27":0,"28":0,"29":0,"30":0,"31":0,"32":0,"33":0,"34":0,"35":0,"36":0,"37":0,"38":0,"39":0,"40":0,"41":0,"42":0,"43":0,"44":0,"45":0,"46":0,"47":0,"48":0},"b":{"1":[0,0],"2":[0,0],"3":[0,0],"4":[0,0],"5":[0,0],"6":[0,0],"7":[0,0],"8":[0,0],"9":[0,0],"10":[0,0],"11":[0,0],"12":[0,0],"13":[0,0],"14":[0,0],"15":[0,0],"16":[0,0],"17":[0,0],"18":[0,0],"19":[0,0],"20":[0,0]},"f":{"1":0,"2":0,"3":0,"4":0,"5":0,"6":0,"7":0,"8":0},"fnMap":{"1":{"name":"sqrt","line":15,"loc":{"start":{"line":15,"column":4},"end":{"line":27,"column":4}}},"2":{"name":"nthRoot","line":32,"loc":{"start":{"line":32,"column":4},"end":{"line":48,"column":4}}},"3":{"name":"calculateQuadraticPower","line":53,"loc":{"start":{"line":53,"column":4},"end":{"line":63,"column":4}}},"4":{"name":"calculateTimeWeightedPower","line":68,"loc":{"start":{"line":68,"column":4},"end":{"line":78,"column":4}}},"5":{"name":"safeMul","line":83,"loc":{"start":{"line":83,"column":4},"end":{"line":88,"column":4}}},"6":{"name":"safeDiv","line":93,"loc":{"start":{"line":93,"column":4},"end":{"line":96,"column":4}}},"7":{"name":"calculateLockBoost","line":98,"loc":{"start":{"line":98,"column":4},"end":{"line":117,"column":4}}},"8":{"name":"calculateDeviation","line":119,"loc":{"start":{"line":119,"column":4},"end":{"line":125,"column":4}}}},"statementMap":{"1":{"start":{"line":16,"column":8},"end":{"line":16,"column":28}},"2":{"start":{"line":16,"column":20},"end":{"line":16,"column":28}},"3":{"start":{"line":18,"column":8},"end":{"line":18,"column":31}},"4":{"start":{"line":19,"column":8},"end":{"line":19,"column":21}},"5":{"start":{"line":21,"column":8},"end":{"line":21,"column":502}},"6":{"start":{"line":26,"column":8},"end":{"line":26,"column":16}},"7":{"start":{"line":33,"column":8},"end":{"line":33,"column":28}},"8":{"start":{"line":33,"column":20},"end":{"line":33,"column":28}},"9":{"start":{"line":34,"column":8},"end":{"line":34,"column":41}},"10":{"start":{"line":35,"column":8},"end":{"line":35,"column":28}},"11":{"start":{"line":35,"column":20},"end":{"line":35,"column":28}},"12":{"start":{"line":36,"column":8},"end":{"line":36,"column":34}},"13":{"start":{"line":36,"column":20},"end":{"line":36,"column":34}},"14":{"start":{"line":38,"column":8},"end":{"line":38,"column":35}},"15":{"start":{"line":39,"column":8},"end":{"line":39,"column":21}},"16":{"start":{"line":41,"column":8},"end":{"line":41,"column":1005}},"17":{"start":{"line":44,"column":12},"end":{"line":44,"column":29}},"18":{"start":{"line":47,"column":8},"end":{"line":47,"column":16}},"19":{"start":{"line":58,"column":8},"end":{"line":58,"column":34}},"20":{"start":{"line":58,"column":26},"end":{"line":58,"column":34}},"21":{"start":{"line":59,"column":8},"end":{"line":59,"column":49}},"22":{"start":{"line":61,"column":8},"end":{"line":61,"column":50}},"23":{"start":{"line":62,"column":8},"end":{"line":62,"column":46}},"24":{"start":{"line":74,"column":8},"end":{"line":74,"column":60}},"25":{"start":{"line":74,"column":44},"end":{"line":74,"column":60}},"26":{"start":{"line":76,"column":8},"end":{"line":76,"column":84}},"27":{"start":{"line":77,"column":8},"end":{"line":77,"column":50}},"28":{"start":{"line":84,"column":8},"end":{"line":84,"column":28}},"29":{"start":{"line":84,"column":20},"end":{"line":84,"column":28}},"30":{"start":{"line":85,"column":8},"end":{"line":85,"column":25}},"31":{"start":{"line":86,"column":8},"end":{"line":86,"column":41}},"32":{"start":{"line":87,"column":8},"end":{"line":87,"column":16}},"33":{"start":{"line":94,"column":8},"end":{"line":94,"column":41}},"34":{"start":{"line":95,"column":8},"end":{"line":95,"column":20}},"35":{"start":{"line":103,"column":8},"end":{"line":103,"column":65}},"36":{"start":{"line":104,"column":8},"end":{"line":104,"column":55}},"37":{"start":{"line":107,"column":8},"end":{"line":107,"column":74}},"38":{"start":{"line":108,"column":8},"end":{"line":108,"column":79}},"39":{"start":{"line":111,"column":8},"end":{"line":111,"column":47}},"40":{"start":{"line":112,"column":8},"end":{"line":112,"column":3264}},"41":{"start":{"line":116,"column":8},"end":{"line":116,"column":21}},"42":{"start":{"line":120,"column":8},"end":{"line":120,"column":28}},"43":{"start":{"line":120,"column":20},"end":{"line":120,"column":28}},"44":{"start":{"line":121,"column":8},"end":{"line":121,"column":44}},"45":{"start":{"line":122,"column":8},"end":{"line":122,"column":38}},"46":{"start":{"line":123,"column":8},"end":{"line":123,"column":33}},"47":{"start":{"line":123,"column":25},"end":{"line":123,"column":33}},"48":{"start":{"line":124,"column":8},"end":{"line":124,"column":37}}},"branchMap":{"1":{"line":16,"type":"if","locations":[{"start":{"line":16,"column":8},"end":{"line":16,"column":8}},{"start":{"line":16,"column":8},"end":{"line":16,"column":8}}]},"2":{"line":33,"type":"if","locations":[{"start":{"line":33,"column":8},"end":{"line":33,"column":8}},{"start":{"line":33,"column":8},"end":{"line":33,"column":8}}]},"3":{"line":34,"type":"if","locations":[{"start":{"line":34,"column":8},"end":{"line":34,"column":8}},{"start":{"line":34,"column":8},"end":{"line":34,"column":8}}]},"4":{"line":35,"type":"if","locations":[{"start":{"line":35,"column":8},"end":{"line":35,"column":8}},{"start":{"line":35,"column":8},"end":{"line":35,"column":8}}]},"5":{"line":36,"type":"if","locations":[{"start":{"line":36,"column":8},"end":{"line":36,"column":8}},{"start":{"line":36,"column":8},"end":{"line":36,"column":8}}]},"6":{"line":44,"type":"if","locations":[{"start":{"line":44,"column":12},"end":{"line":44,"column":12}},{"start":{"line":44,"column":12},"end":{"line":44,"column":12}}]},"7":{"line":58,"type":"if","locations":[{"start":{"line":58,"column":8},"end":{"line":58,"column":8}},{"start":{"line":58,"column":8},"end":{"line":58,"column":8}}]},"8":{"line":59,"type":"if","locations":[{"start":{"line":59,"column":8},"end":{"line":59,"column":8}},{"start":{"line":59,"column":8},"end":{"line":59,"column":8}}]},"9":{"line":74,"type":"if","locations":[{"start":{"line":74,"column":8},"end":{"line":74,"column":8}},{"start":{"line":74,"column":8},"end":{"line":74,"column":8}}]},"10":{"line":84,"type":"if","locations":[{"start":{"line":84,"column":8},"end":{"line":84,"column":8}},{"start":{"line":84,"column":8},"end":{"line":84,"column":8}}]},"11":{"line":86,"type":"if","locations":[{"start":{"line":86,"column":8},"end":{"line":86,"column":8}},{"start":{"line":86,"column":8},"end":{"line":86,"column":8}}]},"12":{"line":94,"type":"if","locations":[{"start":{"line":94,"column":8},"end":{"line":94,"column":8}},{"start":{"line":94,"column":8},"end":{"line":94,"column":8}}]},"13":{"line":103,"type":"if","locations":[{"start":{"line":103,"column":8},"end":{"line":103,"column":8}},{"start":{"line":103,"column":8},"end":{"line":103,"column":8}}]},"14":{"line":104,"type":"if","locations":[{"start":{"line":104,"column":8},"end":{"line":104,"column":8}},{"start":{"line":104,"column":8},"end":{"line":104,"column":8}}]},"15":{"line":107,"type":"if","locations":[{"start":{"line":107,"column":51},"end":{"line":107,"column":69}},{"start":{"line":107,"column":73},"end":{"line":107,"column":73}}]},"16":{"line":112,"type":"if","locations":[{"start":{"line":112,"column":8},"end":{"line":112,"column":8}},{"start":{"line":112,"column":8},"end":{"line":112,"column":8}}]},"17":{"line":120,"type":"if","locations":[{"start":{"line":120,"column":8},"end":{"line":120,"column":8}},{"start":{"line":120,"column":8},"end":{"line":120,"column":8}}]},"18":{"line":121,"type":"if","locations":[{"start":{"line":121,"column":31},"end":{"line":121,"column":35}},{"start":{"line":121,"column":39},"end":{"line":121,"column":43}}]},"19":{"line":122,"type":"if","locations":[{"start":{"line":122,"column":33},"end":{"line":122,"column":33}},{"start":{"line":122,"column":37},"end":{"line":122,"column":37}}]},"20":{"line":123,"type":"if","locations":[{"start":{"line":123,"column":8},"end":{"line":123,"column":8}},{"start":{"line":123,"column":8},"end":{"line":123,"column":8}}]}}},"contracts\\oracle\\Oracle.sol":{"l":{"72":0,"81":0,"82":0,"83":0,"84":0,"86":0,"87":0,"88":0,"90":0,"91":0,"92":0,"106":0,"107":0,"108":0,"109":0,"113":0,"120":0,"122":0,"132":0,"133":0,"135":0,"136":0,"137":0,"139":0,"149":0,"151":0,"152":0,"155":0,"156":0,"157":0,"158":0,"159":0,"163":0,"173":0,"175":0,"176":0,"177":0,"187":0,"188":0,"190":0,"191":0,"192":0,"202":0,"209":0,"216":0,"240":0,"242":0,"243":0,"244":0,"247":0,"258":0,"269":0,"270":0,"281":0,"288":0,"303":0,"310":0,"321":0},"path":"C:\\Users\\heruf\\Documents\\GitHub\\Halom\\contracts\\oracle\\Oracle.sol","s":{"1":0,"2":0,"3":0,"4":0,"5":0,"6":0,"7":0,"8":0,"9":0,"10":0,"11":0,"12":0,"13":0,"14":0,"15":0,"16":0,"17":0,"18":0,"19":0,"20":0,"21":0,"22":0,"23":0,"24":0,"25":0,"26":0,"27":0,"28":0,"29":0,"30":0,"31":0,"32":0,"33":0,"34":0,"35":0,"36":0,"37":0,"38":0,"39":0,"40":0,"41":0,"42":0,"43":0,"44":0},"b":{"1":[0,0],"2":[0,0],"3":[0,0],"4":[0,0],"5":[0,0],"6":[0,0],"7":[0,0],"8":[0,0],"9":[0,0],"10":[0,0],"11":[0,0],"12":[0,0],"13":[0,0],"14":[0,0],"15":[0,0],"16":[0,0],"17":[0,0],"18":[0,0],"19":[0,0],"20":[0,0],"21":[0,0],"22":[0,0],"23":[0,0],"24":[0,0]},"f":{"1":0,"2":0,"3":0,"4":0,"5":0,"6":0,"7":0,"8":0,"9":0,"10":0,"11":0,"12":0,"13":0,"14":0,"15":0,"16":0,"17":0,"18":0,"19":0},"fnMap":{"1":{"name":"constructor","line":71,"loc":{"start":{"line":71,"column":4},"end":{"line":73,"column":4}}},"2":{"name":"initialize","line":80,"loc":{"start":{"line":75,"column":4},"end":{"line":93,"column":4}}},"3":{"name":"submitPrice","line":104,"loc":{"start":{"line":100,"column":4},"end":{"line":123,"column":4}}},"4":{"name":"addOracle","line":130,"loc":{"start":{"line":128,"column":4},"end":{"line":140,"column":4}}},"5":{"name":"removeOracle","line":147,"loc":{"start":{"line":145,"column":4},"end":{"line":164,"column":4}}},"6":{"name":"setPriceValidityPeriod","line":171,"loc":{"start":{"line":169,"column":4},"end":{"line":178,"column":4}}},"7":{"name":"setMinOracleCount","line":185,"loc":{"start":{"line":183,"column":4},"end":{"line":193,"column":4}}},"8":{"name":"setPriceSubmissionCooldown","line":200,"loc":{"start":{"line":198,"column":4},"end":{"line":203,"column":4}}},"9":{"name":"pause","line":208,"loc":{"start":{"line":208,"column":4},"end":{"line":210,"column":4}}},"10":{"name":"unpause","line":215,"loc":{"start":{"line":215,"column":4},"end":{"line":217,"column":4}}},"11":{"name":"_authorizeUpgrade","line":227,"loc":{"start":{"line":224,"column":4},"end":{"line":228,"column":5}}},"12":{"name":"getLatestPrice","line":235,"loc":{"start":{"line":235,"column":4},"end":{"line":248,"column":4}}},"13":{"name":"getPriceData","line":253,"loc":{"start":{"line":253,"column":4},"end":{"line":259,"column":4}}},"14":{"name":"isPriceValid","line":264,"loc":{"start":{"line":264,"column":4},"end":{"line":271,"column":4}}},"15":{"name":"getAuthorizedOracles","line":276,"loc":{"start":{"line":276,"column":4},"end":{"line":282,"column":4}}},"16":{"name":"getOracleCount","line":287,"loc":{"start":{"line":287,"column":4},"end":{"line":289,"column":4}}},"17":{"name":"getOracleConfig","line":294,"loc":{"start":{"line":294,"column":4},"end":{"line":304,"column":4}}},"18":{"name":"isAuthorizedOracle","line":309,"loc":{"start":{"line":309,"column":4},"end":{"line":311,"column":4}}},"19":{"name":"getLastSubmissionTime","line":316,"loc":{"start":{"line":316,"column":4},"end":{"line":322,"column":4}}}},"statementMap":{"1":{"start":{"line":72,"column":8},"end":{"line":72,"column":29}},"2":{"start":{"line":81,"column":8},"end":{"line":81,"column":29}},"3":{"start":{"line":82,"column":8},"end":{"line":82,"column":31}},"4":{"start":{"line":83,"column":8},"end":{"line":83,"column":31}},"5":{"start":{"line":84,"column":8},"end":{"line":84,"column":24}},"6":{"start":{"line":86,"column":8},"end":{"line":86,"column":44}},"7":{"start":{"line":87,"column":8},"end":{"line":87,"column":37}},"8":{"start":{"line":88,"column":8},"end":{"line":88,"column":39}},"9":{"start":{"line":106,"column":8},"end":{"line":106,"column":45}},"10":{"start":{"line":107,"column":8},"end":{"line":107,"column":72}},"11":{"start":{"line":108,"column":8},"end":{"line":108,"column":3437}},"12":{"start":{"line":122,"column":8},"end":{"line":122,"column":66}},"13":{"start":{"line":132,"column":8},"end":{"line":132,"column":63}},"14":{"start":{"line":133,"column":8},"end":{"line":133,"column":68}},"15":{"start":{"line":136,"column":8},"end":{"line":136,"column":35}},"16":{"start":{"line":137,"column":8}
[...]
{"line":153,"column":4},"end":{"line":161,"column":4}}},"8":{"name":"getTotalFeesCollected","line":169,"loc":{"start":{"line":169,"column":4},"end":{"line":174,"column":4}}},"9":{"name":"getFeesCollectedByAddress","line":182,"loc":{"start":{"line":182,"column":4},"end":{"line":187,"column":4}}},"10":{"name":"getLastFeeCollectionTime","line":195,"loc":{"start":{"line":195,"column":4},"end":{"line":200,"column":4}}},"11":{"name":"calculateEffectiveAmount","line":209,"loc":{"start":{"line":209,"column":4},"end":{"line":217,"column":4}}},"12":{"name":"calculateFeePercentage","line":225,"loc":{"start":{"line":225,"column":4},"end":{"line":235,"column":4}}},"13":{"name":"wouldHaveFees","line":244,"loc":{"start":{"line":244,"column":4},"end":{"line":256,"column":4}}},"14":{"name":"getFeeStats","line":266,"loc":{"start":{"line":266,"column":4},"end":{"line":279,"column":4}}},"15":{"name":"calculateTransferFee","line":290,"loc":{"start":{"line":290,"column":4},"end":{"line":306,"column":4}}},"16":{"name":"resetFeeStats","line":312,"loc":{"start":{"line":312,"column":4},"end":{"line":318,"column":4}}},"17":{"name":"getFeeInfo","line":329,"loc":{"start":{"line":329,"column":4},"end":{"line":345,"column":4}}},"18":{"name":"isExcludedFromFees","line":353,"loc":{"start":{"line":353,"column":4},"end":{"line":358,"column":4}}},"19":{"name":"setExcludedFromFees","line":366,"loc":{"start":{"line":366,"column":4},"end":{"line":373,"column":4}}},"20":{"name":"calculateEffectiveFeePercentage","line":381,"loc":{"start":{"line":381,"column":4},"end":{"line":389,"column":4}}},"21":{"name":"shouldApplyFees","line":398,"loc":{"start":{"line":398,"column":4},"end":{"line":414,"column":4}}},"22":{"name":"calculateMinimumAmountForDesiredTransfer","line":422,"loc":{"start":{"line":422,"column":4},"end":{"line":451,"column":4}}},"23":{"name":"getFeeStatistics","line":461,"loc":{"start":{"line":461,"column":4},"end":{"line":475,"column":4}}}},"statementMap":{"1":{"start":{"line":49,"column":8},"end":{"line":49,"column":51}},"2":{"start":{"line":50,"column":8},"end":{"line":50,"column":52}},"3":{"start":{"line":51,"column":8},"end":{"line":51,"column":62}},"4":{"start":{"line":57,"column":8},"end":{"line":57,"column":53}},"5":{"start":{"line":70,"column":8},"end":{"line":70,"column":32}},"6":{"start":{"line":83,"column":8},"end":{"line":83,"column":53}},"7":{"start":{"line":83,"column":45},"end":{"line":83,"column":53}},"8":{"start":{"line":88,"column":8},"end":{"line":88,"column":61}},"9":{"start":{"line":89,"column":8},"end":{"line":89,"column":2823}},"10":{"start":{"line":93,"column":8},"end":{"line":93,"column":24}},"11":{"start":{"line":111,"column":8},"end":{"line":111,"column":3376}},"12":{"start":{"line":116,"column":12},"end":{"line":116,"column":58}},"13":{"start":{"line":129,"column":8},"end":{"line":129,"column":65}},"14":{"start":{"line":131,"column":8},"end":{"line":131,"column":48}},"15":{"start":{"line":134,"column":8},"end":{"line":134,"column":60}},"16":{"start":{"line":143,"column":8},"end":{"line":143,"column":30}},"17":{"start":{"line":160,"column":8},"end":{"line":160,"column":60}},"18":{"start":{"line":173,"column":8},"end":{"line":173,"column":38}},"19":{"start":{"line":186,"column":8},"end":{"line":186,"column":53}},"20":{"start":{"line":199,"column":8},"end":{"line":199,"column":52}},"21":{"start":{"line":216,"column":8},"end":{"line":216,"column":43}},"22":{"start":{"line":229,"column":8},"end":{"line":229,"column":33}},"23":{"start":{"line":229,"column":25},"end":{"line":229,"column":33}},"24":{"start":{"line":231,"column":8},"end":{"line":231,"column":54}},"25":{"start":{"line":234,"column":8},"end":{"line":234,"column":28}},"26":{"start":{"line":248,"column":8},"end":{"line":248,"column":7682}},"27":{"start":{"line":249,"column":12},"end":{"line":249,"column":29}},"28":{"start":{"line":255,"column":8},"end":{"line":255,"column":35}},"29":{"start":{"line":278,"column":8},"end":{"line":278,"column":52}},"30":{"start":{"line":297,"column":8},"end":{"line":297,"column":9239}},"31":{"start":{"line":299,"column":12},"end":{"line":299,"column":29}},"32":{"start":{"line":305,"column":8},"end":{"line":305,"column":39}},"33":{"start":{"line":344,"column":8},"end":{"line":344,"column":64}},"34":{"start":{"line":357,"column":8},"end":{"line":357,"column":45}},"35":{"start":{"line":372,"column":8},"end":{"line":372,"column":55}},"36":{"start":{"line":385,"column":8},"end":{"line":385,"column":33}},"37":{"start":{"line":385,"column":25},"end":{"line":385,"column":33}},"38":{"start":{"line":387,"column":8},"end":{"line":387,"column":54}},"39":{"start":{"line":388,"column":8},"end":{"line":388,"column":43}},"40":{"start":{"line":404,"column":8},"end":{"line":404,"column":12486}},"41":{"start":{"line":405,"column":12},"end":{"line":405,"column":24}},"42":{"start":{"line":409,"column":8},"end":{"line":409,"column":12657}},"43":{"start":{"line":410,"column":12},"end":{"line":410,"column":24}},"44":{"start":{"line":413,"column":8},"end":{"line":413,"column":19}},"45":{"start":{"line":426,"column":8},"end":{"line":426,"column":40}},"46":{"start":{"line":426,"column":32},"end":{"line":426,"column":40}},"47":{"start":{"line":430,"column":8},"end":{"line":430,"column":36}},"48":{"start":{"line":431,"column":8},"end":{"line":431,"column":45}},"49":{"start":{"line":431,"column":25},"end":{"line":431,"column":45}},"50":{"start":{"line":433,"column":8},"end":{"line":433,"column":44}},"51":{"start":{"line":434,"column":8},"end":{"line":434,"column":58}},"52":{"start":{"line":439,"column":8},"end":{"line":439,"column":68}},"53":{"start":{"line":440,"column":8},"end":{"line":440,"column":60}},"54":{"start":{"line":442,"column":8},"end":{"line":442,"column":13824}},"55":{"start":{"line":445,"column":12},"end":{"line":445,"column":62}},"56":{"start":{"line":450,"column":8},"end":{"line":450,"column":28}},"57":{"start":{"line":469,"column":8},"end":{"line":469,"column":14622}}},"branchMap":{"1":{"line":49,"type":"if","locations":[{"start":{"line":49,"column":8},"end":{"line":49,"column":8}},{"start":{"line":49,"column":8},"end":{"line":49,"column":8}}]},"2":{"line":50,"type":"if","locations":[{"start":{"line":50,"column":8},"end":{"line":50,"column":8}},{"start":{"line":50,"column":8},"end":{"line":50,"column":8}}]},"3":{"line":51,"type":"if","locations":[{"start":{"line":51,"column":8},"end":{"line":51,"column":8}},{"start":{"line":51,"column":8},"end":{"line":51,"column":8}}]},"4":{"line":83,"type":"if","locations":[{"start":{"line":83,"column":8},"end":{"line":83,"column":8}},{"start":{"line":83,"column":8},"end":{"line":83,"column":8}}]},"5":{"line":83,"type":"cond-expr","locations":[{"start":{"line":83,"column":12},"end":{"line":83,"column":27}},{"start":{"line":83,"column":32},"end":{"line":83,"column":42}}]},"6":{"line":89,"type":"if","locations":[{"start":{"line":89,"column":8},"end":{"line":89,"column":8}},{"start":{"line":89,"column":8},"end":{"line":89,"column":8}}]},"7":{"line":111,"type":"if","locations":[{"start":{"line":111,"column":8},"end":{"line":111,"column":8}},{"start":{"line":111,"column":8},"end":{"line":111,"column":8}}]},"8":{"line":129,"type":"if","locations":[{"start":{"line":129,"column":8},"end":{"line":129,"column":8}},{"start":{"line":129,"column":8},"end":{"line":129,"column":8}}]},"9":{"line":229,"type":"if","locations":[{"start":{"line":229,"column":8},"end":{"line":229,"column":8}},{"start":{"line":229,"column":8},"end":{"line":229,"column":8}}]},"10":{"line":248,"type":"if","locations":[{"start":{"line":248,"column":8},"end":{"line":248,"column":8}},{"start":{"line":248,"column":8},"end":{"line":248,"column":8}}]},"11":{"line":248,"type":"cond-expr","locations":[{"start":{"line":248,"column":12},"end":{"line":248,"column":27}},{"start":{"line":248,"column":32},"end":{"line":248,"column":42}}]},"12":{"line":297,"type":"if","locations":[{"start":{"line":297,"column":8},"end":{"line":297,"column":8}},{"start":{"line":297,"column":8},"end":{"line":297,"column":8}}]},"13":{"line":297,"type":"cond-expr","locations":[{"start":{"line":297,"column":12},"end":{"line":297,"column":36}},{"start":{"line":297,"column":41},"end":{"line":297,"column":63}}]},"14":{"line":297,"type":"cond-expr","locations":[{"start":{"line":297,"column":12},"end":{"line":297,"column":63}},{"start":{"line":298,"column":12},"end":{"line":298,"column":29}}]},"15":{"line":297,"type":"cond-expr","locations":[{"start":{"line":297,"column":12},"end":{"line":298,"column":29}},{"start":{"line":298,"column":34},"end":{"line":298,"column":49}}]},"16":{"line":385,"type":"if","locations":[{"start":{"line":385,"column":8},"end":{"line":385,"column":8}},{"start":{"line":385,"column":8},"end":{"line":385,"column":8}}]},"17":{"line":404,"type":"if","locations":[{"start":{"line":404,"column":8},"end":{"line":404,"column":8}},{"start":{"line":404,"column":8},"end":{"line":404,"column":8}}]},"18":{"line":404,"type":"cond-expr","locations":[{"start":{"line":404,"column":12},"end":{"line":404,"column":38}},{"start":{"line":404,"column":43},"end":{"line":404,"column":67}}]},"19":{"line":409,"type":"if","locations":[{"start":{"line":409,"column":8},"end":{"line":409,"column":8}},{"start":{"line":409,"column":8},"end":{"line":409,"column":8}}]},"20":{"line":426,"type":"if","locations":[{"start":{"line":426,"column":8},"end":{"line":426,"column":8}},{"start":{"line":426,"column":8},"end":{"line":426,"column":8}}]},"21":{"line":431,"type":"if","locations":[{"start":{"line":431,"column":8},"end":{"line":431,"column":8}},{"start":{"line":431,"column":8},"end":{"line":431,"column":8}}]},"22":{"line":434,"type":"if","locations":[{"start":{"line":434,"column":8},"end":{"line":434,"column":8}},{"start":{"line":434,"column":8},"end":{"line":434,"column":8}}]},"23":{"line":442,"type":"if","locations":[{"start":{"line":442,"column":8},"end":{"line":442,"column":8}},{"start":{"line":442,"column":8},"end":{"line":442,"column":8}}]},"24":{"line":445,"type":"if","locations":[{"start":{"line":445,"column":12},"end":{"line":445,"column":12}},{"start":{"line":445,"column":12},"end":{"line":445,"column":12}}]}}},"contracts\\utils\\Treasury.sol":{"l":{"50":0,"51":0,"52":0,"53":0,"54":0,"55":0,"58":0,"62":0,"63":0,"66":0,"67":0,"71":0,"72":0,"73":0,"77":0,"78":0,"80":0,"81":0,"84":0,"85":0,"86":0,"89":0,"90":0,"91":0,"95":0,"97":0,"98":0,"101":0,"102":0,"103":0,"106":0,"107":0,"111":0,"112":0,"113":0,"117":0,"118":0,"119":0,"124":0,"125":0,"128":0,"129":0,"131":0,"132":0,"133":0,"135":0,"136":0,"138":0,"143":0,"144":0,"148":0,"149":0,"150":0,"153":0,"154":0,"155":0},"path":"C:\\Users\\heruf\\Documents\\GitHub\\Halom\\contracts\\utils\\Treasury.sol","s":{"1":0,"2":0,"3":0,"4":0,"5":0,"6":0,"7":0,"8":0,"9":0,"10":0,"11":0,"12":0,"13":0,"14":0,"15":0,"16":0,"17":0,"18":0,"19":0,"20":0,"21":0,"22":0,"23":0,"24":0,"25":0,"26":0,"27":0,"28":0,"29":0,"30":0,"31":0,"32":0,"33":0,"34":0,"35":0,"36":0,"37":0,"38":0,"39":0,"40":0,"41":0,"42":0,"43":0},"b":{"1":[0,0],"2":[0,0],"3":[0,0],"4":[0,0],"5":[0,0],"6":[0,0],"7":[0,0],"8":[0,0],"9":[0,0],"10":[0,0],"11":[0,0],"12":[0,0],"13":[0,0],"14":[0,0],"15":[0,0],"16":[0,0],"17":[0,0],"18":[0,0],"19":[0,0],"20":[0,0],"21":[0,0],"22":[0,0],"23":[0,0],"24":[0,0],"25":[0,0],"26":[0,0]},"f":{"1":0,"2":0,"3":0,"4":0,"5":0,"6":0,"7":0,"8":0,"9":0,"10":0,"11":0},"fnMap":{"1":{"name":"constructor","line":49,"loc":{"start":{"line":49,"column":4},"end":{"line":59,"column":4}}},"2":{"name":"onlyController","line":61,"loc":{"start":{"line":61,"column":4},"end":{"line":64,"column":4}}},"3":{"name":"onlyEmergency","line":65,"loc":{"start":{"line":65,"column":4},"end":{"line":68,"column":4}}},"4":{"name":"setRewardToken","line":70,"loc":{"start":{"line":70,"column":4},"end":{"line":74,"column":4}}},"5":{"name":"allocateTo","line":76,"loc":{"start":{"line":76,"column":4},"end":{"line":92,"column":4}}},"6":{"name":"drainTreasury","line":94,"loc":{"start":{"line":94,"column":4},"end":{"line":108,"column":4}}},"7":{"name":"emergencyDrain","line":110,"loc":{"start":{"line":110,"column":4},"end":{"line":114,"column":4}}},"8":{"name":"emergencyDrain","line":116,"loc":{"start":{"line":116,"column":4},"end":{"line":120,"column":4}}},"9":{"name":"checkRewardExhaustion","line":123,"loc":{"start":{"line":123,"column":4},"end":{"line":140,"column":4}}},"10":{"name":"requestFallbackFunding","line":142,"loc":{"start":{"line":142,"column":4},"end":{"line":145,"column":4}}},"11":{"name":"provideFallbackFunding","line":147,"loc":{"start":{"line":147,"column":4},"end":{"line":157,"column":4}}}},"statementMap":{"1":{"start":{"line":50,"column":8},"end":{"line":50,"column":91}},"2":{"start":{"line":53,"column":8},"end":{"line":53,"column":51}},"3":{"start":{"line":54,"column":8},"end":{"line":54,"column":52}},"4":{"start":{"line":55,"column":8},"end":{"line":55,"column":47}},"5":{"start":{"line":58,"column":8},"end":{"line":58,"column":50}},"6":{"start":{"line":62,"column":8},"end":{"line":62,"column":76}},"7":{"start":{"line":66,"column":8},"end":{"line":66,"column":71}},"8":{"start":{"line":71,"column":8},"end":{"line":71,"column":55}},"9":{"start":{"line":73,"column":8},"end":{"line":73,"column":35}},"10":{"start":{"line":77,"column":8},"end":{"line":77,"column":47}},"11":{"start":{"line":78,"column":8},"end":{"line":78,"column":99}},"12":{"start":{"line":80,"column":8},"end":{"line":80,"column":69}},"13":{"start":{"line":81,"column":8},"end":{"line":81,"column":65}},"14":{"start":{"line":84,"column":8},"end":{"line":84,"column":3483}},"15":{"start":{"line":86,"column":12},"end":{"line":86,"column":87}},"16":{"start":{"line":89,"column":8},"end":{"line":89,"column":43}},"17":{"start":{"line":91,"column":8},"end":{"line":91,"column":34}},"18":{"start":{"line":95,"column":8},"end":{"line":95,"column":47}},"19":{"start":{"line":97,"column":8},"end":{"line":97,"column":69}},"20":{"start":{"line":98,"column":8},"end":{"line":98,"column":65}},"21":{"start":{"line":101,"column":8},"end":{"line":101,"column":4182}},"22":{"start":{"line":103,"column":12},"end":{"line":103,"column":87}},"23":{"start":{"line":106,"column":8},"end":{"line":106,"column":43}},"24":{"start":{"line":107,"column":8},"end":{"line":107,"column":40}},"25":{"start":{"line":111,"column":8},"end":{"line":111,"column":47}},"26":{"start":{"line":112,"column":8},"end":{"line":112,"column":43}},"27":{"start":{"line":113,"column":8},"end":{"line":113,"column":41}},"28":{"start":{"line":117,"column":8},"end":{"line":117,"column":47}},"29":{"start":{"line":118,"column":8},"end":{"line":118,"column":45}},"30":{"start":{"line":119,"column":8},"end":{"line":119,"column":41}},"31":{"start":{"line":124,"column":8},"end":{"line":124,"column":5074}},"32":{"start":{"line":128,"column":8},"end":{"line":128,"column":69}},"33":{"start":{"line":131,"column":8},"end":{"line":131,"column":5357}},"34":{"start":{"line":133,"column":12},"end":{"line":133,"column":78}},"35":{"start":{"line":134,"column":15},"end":{"line":134,"column":5545}},"36":{"start":{"line":136,"column":12},"end":{"line":136,"column":93}},"37":{"start":{"line":143,"column":8},"end":{"line":143,"column":47}},"38":{"start":{"line":144,"column":8},"end":{"line":144,"column":57}},"39":{"start":{"line":148,"column":8},"end":{"line":148,"column":47}},"40":{"start":{"line":149,"column":8},"end":{"line":149,"column":70}},"41":{"start":{"line":150,"column":8},"end":{"line":150,"column":56}},"42":{"start":{"line":153,"column":8},"end":{"line":153,"column":69}},"43":{"start":{"line":154,"column":8},"end":{"line":154,"column":6426}}},"branchMap":{"1":{"line":50,"type":"if","locations":[{"start":{"line":50,"column":8},"end":{"line":50,"column":8}},{"start":{"line":50,"column":8},"end":{"line":50,"column":8}}]},"2":{"line":50,"type":"cond-expr","locations":[{"start":{"line":50,"column":12},"end":{"line":50,"column":37}},{"start":{"line":50,"column":42},"end":{"line":50,"column":67}}]},"3":{"line":62,"type":"if","locations":[{"start":{"line":62,"column":8},"end":{"line":62,"column":8}},{"start":{"line":62,"column":8},"end":{"line":62,"column":8}}]},"4":{"line":66,"type":"if","locations":[{"start":{"line":66,"column":8},"end":{"line":66,"column":8}},{"start":{"line":66,"column":8},"end":{"line":66,"column":8}}]},"5":{"line":70,"type":"if","locations":[{"start":{"line":70,"column":53},"end":{"line":70,"column":53}},{"start":{"line":70,"column":53},"end":{"line":70,"column":53}}]},"6":{"line":71,"type":"if","locations":[{"start":{"line":71,"column":8},"end":{"line":71,"column":8}},{"start":{"line":71,"column":8},"end":{"line":71,"column":8}}]},"7":{"line":76,"type":"if","locations":[{"start":{"line":76,"column":61},"end":{"line":76,"column":61}},{"start":{"line":76,"column":61},"end":{"line":76,"column":61}}]},"8":{"line":77,"type":"if","locations":[{"start":{"line":77,"column":8},"end":{"line":77,"column":8}},{"start":{"line":77,"column":8},"end":{"line":77,"column":8}}]},"9":{"line":78,"type":"if","locations":[{"start":{"line":78,"column":8},"end":{"line":78,"column":8}},{"start":{"line":78,"column":8},"end":{"line":78,"column":8}}]},"10":{"line":81,"type":"if","locations":[{"start":{"line":81,"column":8},"end":{"line":81,"column":8}},{"start":{"line":81,"column":8},"end":{"line":81,"column":8}}]},"11":{"line":84,"type":"if","locations":[{"start":{"line":84,"column":8},"end":{"line":84,"column":8}},{"start":{"line":84,"column":8},"end":{"line":84,"column":8}}]},"12":{"line":94,"type":"if","locations":[{"start":{"line":94,"column":64},"end":{"line":94,"column":64}},{"start":{"line":94,"column":64},"end":{"line":94,"column":64}}]},"13":{"line":95,"type":"if","locations":[{"start":{"line":95,"column":8},"end":{"line":95,"column":8}},{"start":{"line":95,"column":8},"end":{"line":95,"column":8}}]},"14":{"line":98,"type":"if","locations":[{"start":{"line":98,"column":8},"end":{"line":98,"column":8}},{"start":{"line":98,"column":8},"end":{"line":98,"column":8}}]},"15":{"line":101,"type":"if","locations":[{"start":{"line":101,"column":8},"end":{"line":101,"column":8}},{"start":{"line":101,"column":8},"end":{"line":101,"column":8}}]},"16":{"line":110,"type":"if","locations":[{"start":{"line":110,"column":65},"end":{"line":110,"column":65}},{"start":{"line":110,"column":65},"end":{"line":110,"column":65}}]},"17":{"line":111,"type":"if","locations":[{"start":{"line":111,"column":8},"end":{"line":111,"column":8}},{"start":{"line":111,"column":8},"end":{"line":111,"column":8}}]},"18":{"line":116,"type":"if","locations":[{"start":{"line":116,"column":80},"end":{"line":116,"column":80}},{"start":{"line":116,"column":80},"end":{"line":116,"column":80}}]},"19":{"line":117,"type":"if","locations":[{"start":{"line":117,"column":8},"end":{"line":117,"column":8}},{"start":{"line":117,"column":8},"end":{"line":117,"column":8}}]},"20":{"line":124,"type":"if","locations":[{"start":{"line":124,"column":8},"end":{"line":124,"column":8}},{"start":{"line":124,"column":8},"end":{"line":124,"column":8}}]},"21":{"line":131,"type":"if","locations":[{"start":{"line":131,"column":8},"end":{"line":131,"column":8}},{"start":{"line":131,"column":8},"end":{"line":131,"column":8}}]},"22":{"line":134,"type":"if","locations":[{"start":{"line":134,"column":15},"end":{"line":134,"column":15}},{"start":{"line":134,"column":15},"end":{"line":134,"column":15}}]},"23":{"line":142,"type":"if","locations":[{"start":{"line":142,"column":61},"end":{"line":142,"column":61}},{"start":{"line":142,"column":61},"end":{"line":142,"column":61}}]},"24":{"line":143,"type":"if","locations":[{"start":{"line":143,"column":8},"end":{"line":143,"column":8}},{"start":{"line":143,"column":8},"end":{"line":143,"column":8}}]},"25":{"line":148,"type":"if","locations":[{"start":{"line":148,"column":8},"end":{"line":148,"column":8}},{"start":{"line":148,"column":8},"end":{"line":148,"column":8}}]},"26":{"line":154,"type":"if","locations":[{"start":{"line":154,"column":8},"end":{"line":154,"column":8}},{"start":{"line":154,"column":8},"end":{"line":154,"column":8}}]}}}}