{"contracts\\HalomGovernor.sol":{"l":{"56":1,"57":1,"58":1,"60":1,"61":1,"63":1,"64":25,"66":25,"67":25,"68":25,"70":25,"72":1,"79":0,"80":0,"81":0,"83":0,"84":0,"85":0,"87":0,"94":3,"95":2,"96":1,"98":1,"105":0,"106":0,"107":0,"108":0,"115":4,"116":4,"121":4,"122":4,"124":4,"131":1,"132":1,"137":1,"138":1,"139":1,"141":1,"146":1,"157":1,"168":1,"177":1,"186":0,"195":0,"204":1,"213":2,"222":0,"231":0,"240":0,"251":0,"261":0,"267":0},"path":"C:\\Users\\heruf\\Documents\\GitHub\\Halom\\contracts\\HalomGovernor.sol","s":{"1":1,"2":0,"3":1,"4":0,"5":1,"6":0,"7":1,"8":1,"9":1,"10":25,"11":25,"12":1,"13":0,"14":0,"15":0,"16":0,"17":0,"18":0,"19":3,"20":1,"21":2,"22":1,"23":1,"24":0,"25":0,"26":0,"27":4,"28":4,"29":4,"30":1,"31":1,"32":1,"33":1,"34":1,"35":1,"36":1,"37":1,"38":0,"39":0,"40":1,"41":2,"42":0,"43":0,"44":0,"45":0,"46":0,"47":0},"b":{"1":[0,1],"2":[0,1],"3":[0,1],"4":[0,0],"5":[1,2],"6":[1,1],"7":[0,0],"8":[0,0],"9":[4,0],"10":[4,0],"11":[1,0],"12":[1,0],"13":[1,0]},"f":{"1":69,"2":1,"3":0,"4":3,"5":0,"6":4,"7":1,"8":1,"9":1,"10":1,"11":0,"12":0,"13":1,"14":2,"15":0,"16":0,"17":0,"18":0,"19":0,"20":0},"fnMap":{"1":{"name":"constructor","line":49,"loc":{"start":{"line":41,"column":4},"end":{"line":50,"column":5}}},"2":{"name":"nthRoot","line":55,"loc":{"start":{"line":55,"column":4},"end":{"line":73,"column":4}}},"3":{"name":"sqrt","line":78,"loc":{"start":{"line":78,"column":4},"end":{"line":88,"column":4}}},"4":{"name":"getVotePower","line":93,"loc":{"start":{"line":93,"column":4},"end":{"line":99,"column":4}}},"5":{"name":"setRootPower","line":104,"loc":{"start":{"line":104,"column":4},"end":{"line":109,"column":4}}},"6":{"name":"lockTokens","line":114,"loc":{"start":{"line":114,"column":4},"end":{"line":125,"column":4}}},"7":{"name":"unlockTokens","line":130,"loc":{"start":{"line":130,"column":4},"end":{"line":147,"column":4}}},"8":{"name":"_getVotes","line":152,"loc":{"start":{"line":152,"column":4},"end":{"line":158,"column":4}}},"9":{"name":"votingDelay","line":162,"loc":{"start":{"line":162,"column":4},"end":{"line":169,"column":4}}},"10":{"name":"votingPeriod","line":171,"loc":{"start":{"line":171,"column":4},"end":{"line":178,"column":4}}},"11":{"name":"quorum","line":180,"loc":{"start":{"line":180,"column":4},"end":{"line":187,"column":4}}},"12":{"name":"state","line":189,"loc":{"start":{"line":189,"column":4},"end":{"line":196,"column":4}}},"13":{"name":"propose","line":198,"loc":{"start":{"line":198,"column":4},"end":{"line":205,"column":4}}},"14":{"name":"proposalThreshold","line":207,"loc":{"start":{"line":207,"column":4},"end":{"line":214,"column":4}}},"15":{"name":"_cancel","line":216,"loc":{"start":{"line":216,"column":4},"end":{"line":223,"column":4}}},"16":{"name":"_executor","line":225,"loc":{"start":{"line":225,"column":4},"end":{"line":232,"column":4}}},"17":{"name":"supportsInterface","line":234,"loc":{"start":{"line":234,"column":4},"end":{"line":241,"column":4}}},"18":{"name":"_queueOperations","line":244,"loc":{"start":{"line":244,"column":4},"end":{"line":252,"column":4}}},"19":{"name":"_executeOperations","line":254,"loc":{"start":{"line":254,"column":4},"end":{"line":262,"column":4}}},"20":{"name":"proposalNeedsQueuing","line":264,"loc":{"start":{"line":264,"column":4},"end":{"line":268,"column":4}}}},"statementMap":{"1":{"start":{"line":56,"column":8},"end":{"line":56,"column":28}},"2":{"start":{"line":56,"column":20},"end":{"line":56,"column":28}},"3":{"start":{"line":57,"column":8},"end":{"line":57,"column":28}},"4":{"start":{"line":57,"column":20},"end":{"line":57,"column":28}},"5":{"start":{"line":58,"column":8},"end":{"line":58,"column":34}},"6":{"start":{"line":58,"column":20},"end":{"line":58,"column":34}},"7":{"start":{"line":60,"column":8},"end":{"line":60,"column":21}},"8":{"start":{"line":61,"column":8},"end":{"line":61,"column":35}},"9":{"start":{"line":63,"column":8},"end":{"line":63,"column":2454}},"10":{"start":{"line":66,"column":12},"end":{"line":66,"column":30}},"11":{"start":{"line":67,"column":12},"end":{"line":67,"column":2600}},"12":{"start":{"line":72,"column":8},"end":{"line":72,"column":16}},"13":{"start":{"line":79,"column":8},"end":{"line":79,"column":28}},"14":{"start":{"line":79,"column":20},"end":{"line":79,"column":28}},"15":{"start":{"line":80,"column":8},"end":{"line":80,"column":21}},"16":{"start":{"line":81,"column":8},"end":{"line":81,"column":31}},"17":{"start":{"line":83,"column":8},"end":{"line":83,"column":3063}},"18":{"start":{"line":87,"column":8},"end":{"line":87,"column":16}},"19":{"start":{"line":94,"column":8},"end":{"line":94,"column":41}},"20":{"start":{"line":94,"column":33},"end":{"line":94,"column":41}},"21":{"start":{"line":95,"column":8},"end":{"line":95,"column":3395}},"22":{"start":{"line":96,"column":12},"end":{"line":96,"column":57}},"23":{"start":{"line":98,"column":8},"end":{"line":98,"column":16}},"24":{"start":{"line":105,"column":8},"end":{"line":105,"column":102}},"25":{"start":{"line":106,"column":8},"end":{"line":106,"column":36}},"26":{"start":{"line":108,"column":8},"end":{"line":108,"column":53}},"27":{"start":{"line":115,"column":8},"end":{"line":115,"column":59}},"28":{"start":{"line":116,"column":8},"end":{"line":116,"column":4147}},"29":{"start":{"line":124,"column":8},"end":{"line":124,"column":62}},"30":{"start":{"line":131,"column":8},"end":{"line":131,"column":60}},"31":{"start":{"line":132,"column":8},"end":{"line":132,"column":4654}},"32":{"start":{"line":137,"column":8},"end":{"line":137,"column":49}},"33":{"start":{"line":141,"column":8},"end":{"line":141,"column":4939}},"34":{"start":{"line":146,"column":8},"end":{"line":146,"column":47}},"35":{"start":{"line":157,"column":8},"end":{"line":157,"column":36}},"36":{"start":{"line":168,"column":8},"end":{"line":168,"column":34}},"37":{"start":{"line":177,"column":8},"end":{"line":177,"column":35}},"38":{"start":{"line":186,"column":8},"end":{"line":186,"column":40}},"39":{"start":{"line":195,"column":8},"end":{"line":195,"column":38}},"40":{"start":{"line":204,"column":8},"end":{"line":204,"column":69}},"41":{"start":{"line":213,"column":8},"end":{"line":213,"column":40}},"42":{"start":{"line":222,"column":8},"end":{"line":222,"column":73}},"43":{"start":{"line":231,"column":8},"end":{"line":231,"column":32}},"44":{"start":{"line":240,"column":8},"end":{"line":240,"column":51}},"45":{"start":{"line":251,"column":8},"end":{"line":251,"column":94}},"46":{"start":{"line":261,"column":8},"end":{"line":261,"column":88}},"47":{"start":{"line":267,"column":8},"end":{"line":267,"column":53}}},"branchMap":{"1":{"line":56,"type":"if","locations":[{"start":{"line":56,"column":8},"end":{"line":56,"column":8}},{"start":{"line":56,"column":8},"end":{"line":56,"column":8}}]},"2":{"line":57,"type":"if","locations":[{"start":{"line":57,"column":8},"end":{"line":57,"column":8}},{"start":{"line":57,"column":8},"end":{"line":57,"column":8}}]},"3":{"line":58,"type":"if","locations":[{"start":{"line":58,"column":8},"end":{"line":58,"column":8}},{"start":{"line":58,"column":8},"end":{"line":58,"column":8}}]},"4":{"line":79,"type":"if","locations":[{"start":{"line":79,"column":8},"end":{"line":79,"column":8}},{"start":{"line":79,"column":8},"end":{"line":79,"column":8}}]},"5":{"line":94,"type":"if","locations":[{"start":{"line":94,"column":8},"end":{"line":94,"column":8}},{"start":{"line":94,"column":8},"end":{"line":94,"column":8}}]},"6":{"line":95,"type":"if","locations":[{"start":{"line":95,"column":8},"end":{"line":95,"column":8}},{"start":{"line":95,"column":8},"end":{"line":95,"column":8}}]},"7":{"line":104,"type":"if","locations":[{"start":{"line":104,"column":57},"end":{"line":104,"column":57}},{"start":{"line":104,"column":57},"end":{"line":104,"column":57}}]},"8":{"line":105,"type":"if","locations":[{"start":{"line":105,"column":8},"end":{"line":105,"column":8}},{"start":{"line":105,"column":8},"end":{"line":105,"column":8}}]},"9":{"line":115,"type":"if","locations":[{"start":{"line":115,"column":8},"end":{"line":115,"column":8}},{"start":{"line":115,"column":8},"end":{"line":115,"column":8}}]},"10":{"line":116,"type":"if","locations":[{"start":{"line":116,"column":8},"end":{"line":116,"column":8}},{"start":{"line":116,"column":8},"end":{"line":116,"column":8}}]},"11":{"line":131,"type":"if","locations":[{"start":{"line":131,"column":8},"end":{"line":131,"column":8}},{"start":{"line":131,"column":8},"end":{"line":131,"column":8}}]},"12":{"line":132,"type":"if","locations":[{"start":{"line":132,"column":8},"end":{"line":132,"column":8}},{"start":{"line":132,"column":8},"end":{"line":132,"column":8}}]},"13":{"line":141,"type":"if","locations":[{"start":{"line":141,"column":8},"end":{"line":141,"column":8}},{"start":{"line":141,"column":8},"end":{"line":141,"column":8}}]}}},"contracts\\HalomLPStaking.sol":{"l":{"47":91,"50":91,"53":91,"56":91,"60":91,"61":91,"62":91,"63":91,"66":91,"67":91,"68":91,"69":91,"76":7,"77":6,"78":6,"80":6,"81":762,"82":762,"84":6,"91":1,"95":6,"96":6,"97":1,"98":1,"100":6,"101":6,"105":4,"108":4,"109":0,"110":0,"111":0,"115":4,"116":4,"117":4,"120":4,"121":4,"124":4,"125":4,"127":4,"128":4,"132":1,"133":1,"136":1,"137":1,"138":1,"141":1,"142":1,"145":1,"146":1,"148":1,"149":1,"157":2,"158":2,"159":2,"160":0,"161":0,"163":2,"164":2,"169":1,"183":1,"186":1,"190":1,"194":1,"195":1,"196":1,"197":1,"203":1,"204":1,"211":0,"222":0,"223":0,"224":0,"231":0},"path":"C:\\Users\\heruf\\Documents\\GitHub\\Halom\\contracts\\HalomLPStaking.sol","s":{"1":91,"2":91,"3":91,"4":91,"5":91,"6":91,"7":91,"8":91,"9":7,"10":1,"11":6,"12":6,"13":6,"14":6,"15":1,"16":6,"17":6,"18":1,"19":1,"20":4,"21":4,"22":0,"23":4,"24":4,"25":4,"26":4,"27":4,"28":1,"29":1,"30":1,"31":1,"32":1,"33":1,"34":1,"35":2,"36":2,"37":2,"38":0,"39":2,"40":1,"41":1,"42":1,"43":1,"44":1,"45":1,"46":1,"47":1,"48":1,"49":1,"50":0,"51":0},"b":{"1":[91,0],"2":[91,0],"3":[91,0],"4":[91,0],"5":[1,6],"6":[1,5],"7":[4,0],"8":[4,0],"9":[4,0],"10":[0,4],"11":[1,0],"12":[1,0],"13":[1,0],"14":[1,0],"15":[1,0],"16":[1,0],"17":[2,1],"18":[2,0],"19":[0,2],"20":[1,0],"21":[1,0],"22":[1,0],"23":[1,0],"24":[1,0],"25":[1,0]},"f":{"1":91,"2":7,"3":1,"4":6,"5":4,"6":1,"7":1,"8":2,"9":1,"10":1,"11":0,"12":0,"13":0},"fnMap":{"1":{"name":"constructor","line":41,"loc":{"start":{"line":41,"column":4},"end":{"line":70,"column":4}}},"2":{"name":"fourthRoot","line":75,"loc":{"start":{"line":75,"column":4},"end":{"line":85,"column":4}}},"3":{"name":"getGovernancePower","line":90,"loc":{"start":{"line":90,"column":4},"end":{"line":92,"column":4}}},"4":{"name":"updateRewards","line":94,"loc":{"start":{"line":94,"column":4},"end":{"line":102,"column":4}}},"5":{"name":"stake","line":104,"loc":{"start":{"line":104,"column":4},"end":{"line":129,"column":4}}},"6":{"name":"unstake","line":131,"loc":{"start":{"line":131,"column":4},"end":{"line":150,"column":4}}},"7":{"name":"claimRewards","line":152,"loc":{"start":{"line":152,"column":4},"end":{"line":154,"column":4}}},"8":{"name":"addRewards","line":156,"loc":{"start":{"line":156,"column":4},"end":{"line":166,"column":4}}},"9":{"name":"getPendingRewardsForUser","line":168,"loc":{"start":{"line":168,"column":4},"end":{"line":170,"column":4}}},"10":{"name":"emergencyRecovery","line":182,"loc":{"start":{"line":178,"column":4},"end":{"line":205,"column":4}}},"11":{"name":"getPendingRewards","line":210,"loc":{"start":{"line":210,"column":4},"end":{"line":212,"column":4}}},"12":{"name":"getContractBalances","line":217,"loc":{"start":{"line":217,"column":4},"end":{"line":225,"column":4}}},"13":{"name":"getTotalFourthRootStake","line":230,"loc":{"start":{"line":230,"column":4},"end":{"line":232,"column":4}}}},"statementMap":{"1":{"start":{"line":47,"column":8},"end":{"line":47,"column":1924}},"2":{"start":{"line":50,"column":8},"end":{"line":50,"column":2017}},"3":{"start":{"line":53,"column":8},"end":{"line":53,"column":2116}},"4":{"start":{"line":56,"column":8},"end":{"line":56,"column":2217}},"5":{"start":{"line":66,"column":8},"end":{"line":66,"column":51}},"6":{"start":{"line":67,"column":8},"end":{"line":67,"column":46}},"7":{"start":{"line":68,"column":8},"end":{"line":68,"column":46}},"8":{"start":{"line":69,"column":8},"end":{"line":69,"column":44}},"9":{"start":{"line":76,"column":8},"end":{"line":76,"column":28}},"10":{"start":{"line":76,"column":20},"end":{"line":76,"column":28}},"11":{"start":{"line":77,"column":8},"end":{"line":77,"column":21}},"12":{"start":{"line":78,"column":8},"end":{"line":78,"column":31}},"13":{"start":{"line":80,"column":8},"end":{"line":80,"column":3032}},"14":{"start":{"line":84,"column":8},"end":{"line":84,"column":16}},"15":{"start":{"line":91,"column":8},"end":{"line":91,"column":46}},"16":{"start":{"line":95,"column":8},"end":{"line":95,"column":106}},"17":{"start":{"line":96,"column":8},"end":{"line":96,"column":3533}},"18":{"start":{"line":97,"column":12},"end":{"line":97,"column":81}},"19":{"start":{"line":98,"column":12},"end":{"line":98,"column":49}},"20":{"start":{"line":105,"column":8},"end":{"line":105,"column":45}},"21":{"start":{"line":108,"column":8},"end":{"line":108,"column":4054}},"22":{"start":{"line":111,"column":12},"end":{"line":111,"column":66}},"23":{"start":{"line":115,"column":8},"end":{"line":115,"column":59}},"24":{"start":{"line":116,"column":8},"end":{"line":116,"column":62}},"25":{"start":{"line":117,"column":8},"end":{"line":117,"column":52}},"26":{"start":{"line":127,"column":8},"end":{"line":127,"column":67}},"27":{"start":{"line":128,"column":8},"end":{"line":128,"column":40}},"28":{"start":{"line":132,"column":8},"end":{"line":132,"column":47}},"29":{"start":{"line":133,"column":8},"end":{"line":133,"column":83}},"30":{"start":{"line":136,"column":8},"end":{"line":136,"column":59}},"31":{"start":{"line":137,"column":8},"end":{"line":137,"column":62}},"32":{"start":{"line":138,"column":8},"end":{"line":138,"column":52}},"33":{"start":{"line":148,"column":8},"end":{"line":148,"column":48}},"34":{"start":{"line":149,"column":8},"end":{"line":149,"column":42}},"35":{"start":{"line":157,"column":8},"end":{"line":157,"column":51}},"36":{"start":{"line":158,"column":8},"end":{"line":158,"column":98}},"37":{"start":{"line":159,"column":8},"end":{"line":159,"column":6246}},"38":{"start":{"line":161,"column":12},"end":{"line":161,"column":49}},"39":{"start":{"line":164,"column":12},"end":{"line":164,"column":49}},"40":{"start":{"line":169,"column":8},"end":{"line":169,"column":95}},"41":{"start":{"line":183,"column":8},"end":{"line":183,"column":7120}},"42":{"start":{"line":186,"column":8},"end":{"line":186,"column":7214}},"43":{"start":{"line":190,"column":8},"end":{"line":190,"column":7344}},"44":{"start":{"line":194,"column":8},"end":{"line":194,"column":7517}},"45":{"start":{"line":195,"column":12},"end":{"line":195,"column":73}},"46":{"start":{"line":196,"column":12},"end":{"line":196,"column":52}},"47":{"start":{"line":197,"column":12},"end":{"line":197,"column":7702}},"48":{"start":{"line":203,"column":8},"end":{"line":203,"column":48}},"49":{"start":{"line":204,"column":8},"end":{"line":204,"column":52}},"50":{"start":{"line":211,"column":8},"end":{"line":211,"column":29}},"51":{"start":{"line":231,"column":8},"end":{"line":231,"column":35}}},"branchMap":{"1":{"line":47,"type":"if","locations":[{"start":{"line":47,"column":8},"end":{"line":47,"column":8}},{"start":{"line":47,"column":8},"end":{"line":47,"column":8}}]},"2":{"line":50,"type":"if","locations":[{"start":{"line":50,"column":8},"end":{"line":50,"column":8}},{"start":{"line":50,"column":8},"end":{"line":50,"column":8}}]},"3":{"line":53,"type":"if","locations":[{"start":{"line":53,"column":8},"end":{"line":53,"column":8}},{"start":{"line":53,"column":8},"end":{"line":53,"column":8}}]},"4":{"line":56,"type":"if","locations":[{"start":{"line":56,"column":8},"end":{"line":56,"column":8}},{"start":{"line":56,"column":8},"end":{"line":56,"column":8}}]},"5":{"line":76,"type":"if","locations":[{"start":{"line":76,"column":8},"end":{"line":76,"column":8}},{"start":{"line":76,"column":8},"end":{"line":76,"column":8}}]},"6":{"line":96,"type":"if","locations":[{"start":{"line":96,"column":8},"end":{"line":96,"column":8}},{"start":{"line":96,"column":8},"end":{"line":96,"column":8}}]},"7":{"line":104,"type":"if","locations":[{"start":{"line":104,"column":45},"end":{"line":104,"column":45}},{"start":{"line":104,"column":45},"end":{"line":104,"column":45}}]},"8":{"line":104,"type":"if","locations":[{"start":{"line":104,"column":58},"end":{"line":104,"column":58}},{"start":{"line":104,"column":58},"end":{"line":104,"column":58}}]},"9":{"line":105,"type":"if","locations":[{"start":{"line":105,"column":8},"end":{"line":105,"column":8}},{"start":{"line":105,"column":8},"end":{"line":105,"column":8}}]},"10":{"line":108,"type":"if","locations":[{"start":{"line":108,"column":8},"end":{"line":108,"column":8}},{"start":{"line":108,"column":8},"end":{"line":108,"column":8}}]},"11":{"line":131,"type":"if","locations":[{"start":{"line":131,"column":47},"end":{"line":131,"column":47}},{"start":{"line":131,"column":47},"end":{"line":131,"column":47}}]},"12":{"line":131,"type":"if","locations":[{"start":{"line":131,"column":60},"end":{"line":131,"column":60}},{"start":{"line":131,"column":60},"end":{"line":131,"column":60}}]},"13":{"line":132,"type":"if","locations":[{"start":{"line":132,"column":8},"end":{"line":132,"column":8}},{"start":{"line":132,"column":8},"end":{"line":132,"column":8}}]},"14":{"line":133,"type":"if","locations":[{"start":{"line":133,"column":8},"end":{"line":133,"column":8}},{"start":{"line":133,"column":8},"end":{"line":133,"column":8}}]},"15":{"line":152,"type":"if","locations":[{"start":{"line":152,"column":37},"end":{"line":152,"column":37}},{"start":{"line":152,"column":37},"end":{"line":152,"column":37}}]},"16":{"line":152,"type":"if","locations":[{"start":{"line":152,"column":50},"end":{"line":152,"column":50}},{"start":{"line":152,"column":50},"end":{"line":152,"column":50}}]},"17":{"line":156,"type":"if","locations":[{"start":{"line":156,"column":50},"end":{"line":156,"column":50}},{"start":{"line":156,"column":50},"end":{"line":156,"column":50}}]},"18":{"line":157,"type":"if","locations":[{"start":{"line":157,"column":8},"end":{"line":157,"column":8}},{"start":{"line":157,"column":8},"end":{"line":157,"column":8}}]},"19":{"line":159,"type":"if","locations":[{"start":{"line":159,"column":8},"end":{"line":159,"column":8}},{"start":{"line":159,"column":8},"end":{"line":159,"column":8}}]},"20":{"line":182,"type":"if","locations":[{"start":{"line":182,"column":15},"end":{"line":182,"column":15}},{"start":{"line":182,"column":15},"end":{"line":182,"column":15}}]},"21":{"line":183,"type":"if","locations":[{"start":{"line":183,"column":8},"end":{"line":183,"column":8}},{"start":{"line":183,"column":8},"end":{"line":183,"column":8}}]},"22":{"line":186,"type":"if","locations":[{"start":{"line":186,"column":8},"end":{"line":186,"column":8}},{"start":{"line":186,"column":8},"end":{"line":186,"column":8}}]},"23":{"line":190,"type":"if","locations":[{"start":{"line":190,"column":8},"end":{"line":190,"column":8}},{"start":{"line":190,"column":8},"end":{"line":190,"column":8}}]},"24":{"line":194,"type":"if","locations":[{"start":{"line":194,"column":8},"end":{"line":194,"column":8}},{"start":{"line":194,"column":8},"end":{"line":194,"column":8}}]},"25":{"line":197,"type":"if","locations":[{"start":{"line":197,"column":12},"end":{"line":197,"column":12}},{"start":{"line":197,"column":12},"end":{"line":197,"column":12}}]}}},"contracts\\HalomOracle.sol":{"l":{"22":14,"23":14,"24":14,"29":4,"33":2,"37":14,"38":14,"42":8,"46":6,"47":6,"49":6,"51":6,"52":6,"54":0,"57":6,"58":6,"59":6,"61":6,"63":6},"path":"C:\\Users\\heruf\\Documents\\GitHub\\Halom\\contracts\\HalomOracle.sol","s":{"1":14,"2":14,"3":4,"4":2,"5":14,"6":8,"7":6,"8":6,"9":6,"10":6,"11":6,"12":6},"b":{"1":[4,1],"2":[2,1],"3":[14,0],"4":[14,0],"5":[9,2],"6":[8,1],"7":[6,2],"8":[6,0]},"f":{"1":14,"2":4,"3":2,"4":14,"5":8},"fnMap":{"1":{"name":"constructor","line":21,"loc":{"start":{"line":21,"column":4},"end":{"line":26,"column":4}}},"2":{"name":"pause","line":28,"loc":{"start":{"line":28,"column":4},"end":{"line":30,"column":4}}},"3":{"name":"unpause","line":32,"loc":{"start":{"line":32,"column":4},"end":{"line":34,"column":4}}},"4":{"name":"setHalomToken","line":36,"loc":{"start":{"line":36,"column":4},"end":{"line":39,"column":4}}},"5":{"name":"setHOI","line":41,"loc":{"start":{"line":41,"column":4},"end":{"line":64,"column":4}}}},"statementMap":{"1":{"start":{"line":23,"column":8},"end":{"line":23,"column":50}},"2":{"start":{"line":24,"column":8},"end":{"line":24,"column":45}},"3":{"start":{"line":29,"column":8},"end":{"line":29,"column":15}},"4":{"start":{"line":33,"column":8},"end":{"line":33,"column":17}},"5":{"start":{"line":37,"column":8},"end":{"line":37,"column":57}},"6":{"start":{"line":42,"column":8},"end":{"line":42,"column":61}},"7":{"start":{"line":46,"column":8},"end":{"line":46,"column":44}},"8":{"start":{"line":47,"column":8},"end":{"line":47,"column":26}},"9":{"start":{"line":49,"column":8},"end":{"line":49,"column":1825}},"10":{"start":{"line":51,"column":12},"end":{"line":51,"column":36}},"11":{"start":{"line":61,"column":8},"end":{"line":61,"column":37}},"12":{"start":{"line":63,"column":8},"end":{"line":63,"column":46}}},"branchMap":{"1":{"line":28,"type":"if","locations":[{"start":{"line":28,"column":30},"end":{"line":28,"column":30}},{"start":{"line":28,"column":30},"end":{"line":28,"column":30}}]},"2":{"line":32,"type":"if","locations":[{"start":{"line":32,"column":32},"end":{"line":32,"column":32}},{"start":{"line":32,"column":32},"end":{"line":32,"column":32}}]},"3":{"line":36,"type":"if","locations":[{"start":{"line":36,"column":57},"end":{"line":36,"column":57}},{"start":{"line":36,"column":57},"end":{"line":36,"column":57}}]},"4":{"line":37,"type":"if","locations":[{"start":{"line":37,"column":8},"end":{"line":37,"column":8}},{"start":{"line":37,"column":8},"end":{"line":37,"column":8}}]},"5":{"line":41,"type":"if","locations":[{"start":{"line":41,"column":59},"end":{"line":41,"column":59}},{"start":{"line":41,"column":59},"end":{"line":41,"column":59}}]},"6":{"line":41,"type":"if","locations":[{"start":{"line":41,"column":89},"end":{"line":41,"column":89}},{"start":{"line":41,"column":89},"end":{"line":41,"column":89}}]},"7":{"line":42,"type":"if","locations":[{"start":{"line":42,"column":8},"end":{"line":42,"column":8}},{"start":{"line":42,"column":8},"end":{"line":42,"column":8}}]},"8":{"line":49,"type":"if","locations":[{"start":{"line":49,"column":8},"end":{"line":49,"column":8}},{"start":{"line":49,"column":8},"end":{"line":49,"column":8}}]}}},"contracts\\HalomOracleV2.sol":{"l":{"78":69,"79":69,"81":69,"82":69,"83":69,"84":69,"91":43,"92":43,"93":43,"100":43,"101":43,"102":43,"103":43,"105":43,"106":43,"107":43,"109":43,"110":43,"117":0,"118":0,"120":0,"121":0,"124":0,"125":0,"126":0,"127":0,"128":0,"132":0,"133":0,"144":0,"145":0,"146":0,"147":0,"151":0,"158":0,"159":0,"160":0,"162":0,"165":0,"166":0,"167":0,"168":0,"171":0,"172":0,"175":0,"181":0,"182":0,"184":0,"187":0,"188":0,"196":0,"197":0,"200":0,"201":0,"202":0,"204":0,"206":0,"209":0,"210":0,"211":0,"212":0,"213":0,"214":0,"218":0,"219":0,"227":0,"230":0,"231":0,"233":0,"235":0,"236":0,"238":0,"242":0,"243":0,"244":0,"245":0,"248":0,"251":0,"253":0,"260":0,"261":0,"262":0,"269":0,"271":0,"272":0,"273":0,"275":0,"276":0,"280":0,"284":0,"286":0,"287":0,"288":0,"291":0,"292":0,"306":0,"307":0,"325":0,"326":0,"333":0,"340":0,"347":0,"354":0,"361":0,"362":0,"364":0,"365":0,"367":0},"path":"C:\\Users\\heruf\\Documents\\GitHub\\Halom\\contracts\\HalomOracleV2.sol","s":{"1":69,"2":69,"3":69,"4":69,"5":69,"6":43,"7":43,"8":43,"9":43,"10":43,"11":43,"12":43,"13":43,"14":43,"15":43,"16":0,"17":0,"18":0,"19":0,"20":0,"21":0,"22":0,"23":0,"24":0,"25":0,"26":0,"27":0,"28":0,"29":0,"30":0,"31":0,"32":0,"33":0,"34":0,"35":0,"36":0,"37":0,"38":0,"39":0,"40":0,"41":0,"42":0,"43":0,"44":0,"45":0,"46":0,"47":0,"48":0,"49":0,"50":0,"51":0,"52":0,"53":0,"54":0,"55":0,"56":0,"57":0,"58":0,"59":0,"60":0,"61":0,"62":0,"63":0,"64":0,"65":0,"66":0,"67":0,"68":0,"69":0,"70":0,"71":0,"72":0,"73":0,"74":0,"75":0,"76":0,"77":0,"78":0,"79":0,"80":0,"81":0,"82":0,"83":0,"84":0,"85":0,"86":0},"b":{"1":[69,0],"2":[69,0],"3":[43,0],"4":[43,0],"5":[43,0],"6":[43,0],"7":[43,0],"8":[43,0],"9":[43,0],"10":[43,0],"11":[0,0],"12":[0,0],"13":[0,0],"14":[0,0],"15":[0,0],"16":[0,0],"17":[0,0],"18":[0,0],"19":[0,0],"20":[0,3],"21":[0,0],"22":[0,0],"23":[0,0],"24":[0,0],"25":[0,0],"26":[0,0],"27":[0,0],"28":[0,0],"29":[0,0],"30":[0,0],"31":[0,0],"32":[0,0],"33":[0,0],"34":[0,0],"35":[0,0],"36":[0,0],"37":[0,0],"38":[0,0],"39":[0,0],"40":[0,0],"41":[0,0],"42":[0,0],"43":[0,0]},"f":{"1":69,"2":43,"3":43,"4":0,"5":0,"6":0,"7":0,"8":0,"9":0,"10":0,"11":0,"12":0,"13":0,"14":0,"15":0,"16":0,"17":0},"fnMap":{"1":{"name":"constructor","line":77,"loc":{"start":{"line":77,"column":4},"end":{"line":85,"column":4}}},"2":{"name":"setHalomToken","line":90,"loc":{"start":{"line":90,"column":4},"end":{"line":94,"column":4}}},"3":{"name":"addOracleNode","line":99,"loc":{"start":{"line":99,"column":4},"end":{"line":111,"column":4}}},"4":{"name":"removeOracleNode","line":116,"loc":{"start":{"line":116,"column":4},"end":{"line":134,"column":4}}},"5":{"name":"updateConsensusParameters","line":143,"loc":{"start":{"line":139,"column":4},"end":{"line":152,"column":4}}},"6":{"name":"submitHOI","line":157,"loc":{"start":{"line":157,"column":4},"end":{"line":190,"column":4}}},"7":{"name":"_tryReachConsensus","line":195,"loc":{"start":{"line":195,"column":4},"end":{"line":221,"column":4}}},"8":{"name":"_executeConsensus","line":226,"loc":{"start":{"line":226,"column":4},"end":{"line":254,"column":4}}},"9":{"name":"_calculateDeviation","line":259,"loc":{"start":{"line":259,"column":4},"end":{"line":263,"column":4}}},"10":{"name":"_quickSort","line":268,"loc":{"start":{"line":268,"column":4},"end":{"line":293,"column":4}}},"11":{"name":"getCurrentRound","line":298,"loc":{"start":{"line":298,"column":4},"end":{"line":315,"column":4}}},"12":{"name":"getOracleSubmission","line":320,"loc":{"start":{"line":320,"column":4},"end":{"line":327,"column":4}}},"13":{"name":"getOracleNodes","line":332,"loc":{"start":{"line":332,"column":4},"end":{"line":334,"column":4}}},"14":{"name":"isAuthorizedOracle","line":339,"loc":{"start":{"line":339,"column":4},"end":{"line":341,"column":4}}},"15":{"name":"pause","line":346,"loc":{"start":{"line":346,"column":4},"end":{"line":348,"column":4}}},"16":{"name":"unpause","line":353,"loc":{"start":{"line":353,"column":4},"end":{"line":355,"column":4}}},"17":{"name":"emergencyForceConsensus","line":360,"loc":{"start":{"line":360,"column":4},"end":{"line":368,"column":4}}}},"statementMap":{"1":{"start":{"line":78,"column":8},"end":{"line":78,"column":70}},"2":{"start":{"line":79,"column":8},"end":{"line":79,"column":57}},"3":{"start":{"line":82,"column":8},"end":{"line":82,"column":50}},"4":{"start":{"line":83,"column":8},"end":{"line":83,"column":45}},"5":{"start":{"line":84,"column":8},"end":{"line":84,"column":43}},"6":{"start":{"line":91,"column":8},"end":{"line":91,"column":73}},"7":{"start":{"line":92,"column":8},"end":{"line":92,"column":65}},"8":{"start":{"line":100,"column":8},"end":{"line":100,"column":70}},"9":{"start":{"line":101,"column":8},"end":{"line":101,"column":68}},"10":{"start":{"line":102,"column":8},"end":{"line":102,"column":72}},"11":{"start":{"line":103,"column":8},"end":{"line":103,"column":76}},"12":{"start":{"line":106,"column":8},"end":{"line":106,"column":32}},"13":{"start":{"line":107,"column":8},"end":{"line":107,"column":47}},"14":{"start":{"line":109,"column":8},"end":{"line":109,"column":44}},"15":{"start":{"line":110,"column":8},"end":{"line":110,"column":49}},"16":{"start":{"line":117,"column":8},"end":{"line":117,"column":67}},"17":{"start":{"line":118,"column":8},"end":{"line":118,"column":75}},"18":{"start":{"line":121,"column":8},"end":{"line":121,"column":48}},"19":{"start":{"line":124,"column":8},"end":{"line":124,"column":4681}},"20":{"start":{"line":125,"column":12},"end":{"line":125,"column":4749}},"21":{"start":{"line":127,"column":16},"end":{"line":127,"column":32}},"22":{"start":{"line":132,"column":8},"end":{"line":132,"column":45}},"23":{"start":{"line":133,"column":8},"end":{"line":133,"column":51}},"24":{"start":{"line":144,"column":8},"end":{"line":144,"column":62}},"25":{"start":{"line":145,"column":8},"end":{"line":145,"column":63}},"26":{"start":{"line":146,"column":8},"end":{"line":146,"column":72}},"27":{"start":{"line":147,"column":8},"end":{"line":147,"column":95}},"28":{"start":{"line":151,"column":8},"end":{"line":151,"column":77}},"29":{"start":{"line":158,"column":8},"end":{"line":158,"column":71}},"30":{"start":{"line":159,"column":8},"end":{"line":159,"column":53}},"31":{"start":{"line":160,"column":8},"end":{"line":160,"column":58}},"32":{"start":{"line":162,"column":8},"end":{"line":162,"column":61}},"33":{"start":{"line":165,"column":8},"end":{"line":165,"column":6408}},"34":{"start":{"line":171,"column":8},"end":{"line":171,"column":84}},"35":{"start":{"line":172,"column":8},"end":{"line":172,"column":86}},"36":{"start":{"line":181,"column":8},"end":{"line":181,"column":35}},"37":{"start":{"line":182,"column":8},"end":{"line":182,"column":40}},"38":{"start":{"line":184,"column":8},"end":{"line":184,"column":79}},"39":{"start":{"line":187,"column":8},"end":{"line":187,"column":7241}},"40":{"start":{"line":188,"column":12},"end":{"line":188,"column":31}},"41":{"start":{"line":196,"column":8},"end":{"line":196,"column":61}},"42":{"start":{"line":197,"column":8},"end":{"line":197,"column":59}},"43":{"start":{"line":200,"column":8},"end":{"line":200,"column":84}},"44":{"start":{"line":201,"column":8},"end":{"line":201,"column":7747}},"45":{"start":{"line":204,"column":8},"end":{"line":204,"column":77}},"46":{"start":{"line":206,"column":8},"end":{"line":206,"column":75}},"47":{"start":{"line":209,"column":8},"end":{"line":209,"column":36}},"48":{"start":{"line":210,"column":8},"end":{"line":210,"column":8165}},"49":{"start":{"line":211,"column":12},"end":{"line":211,"column":84}},"50":{"start":{"line":212,"column":12},"end":{"line":212,"column":8326}},"51":{"start":{"line":218,"column":8},"end":{"line":218,"column":8467}},"52":{"start":{"line":219,"column":12},"end":{"line":219,"column":39}},"53":{"start":{"line":227,"column":8},"end":{"line":227,"column":61}},"54":{"start":{"line":230,"column":8},"end":{"line":230,"column":44}},"55":{"start":{"line":231,"column":8},"end":{"line":231,"column":26}},"56":{"start":{"line":233,"column":8},"end":{"line":233,"column":8939}},"57":{"start":{"line":235,"column":12},"end":{"line":235,"column":36}},"58":{"start":{"line":248,"column":8},"end":{"line":248,"column":37}},"59":{"start":{"line":253,"column":8},"end":{"line":253,"column":82}},"60":{"start":{"line":260,"column":8},"end":{"line":260,"column":28}},"61":{"start":{"line":260,"column":20},"end":{"line":260,"column":28}},"62":{"start":{"line":261,"column":8},"end":{"line":261,"column":44}},"63":{"start":{"line":262,"column":8},"end":{"line":262,"column":33}},"64":{"start":{"line":269,"column":8},"end":{"line":269,"column":33}},"65":{"start":{"line":269,"column":27},"end":{"line":269,"column":33}},"66":{"start":{"line":271,"column":8},"end":{"line":271,"column":63}},"67":{"start":{"line":272,"column":8},"end":{"line":272,"column":27}},"68":{"start":{"line":273,"column":8},"end":{"line":273,"column":28}},"69":{"start":{"line":275,"column":8},"end":{"line":275,"column":10314}},"70":{"start":{"line":284,"column":12},"end":{"line":284,"column":29}},"71":{"start":{"line":286,"column":12},"end":{"line":286,"column":42}},"72":{"start":{"line":291,"column":8},"end":{"line":291,"column":31}},"73":{"start":{"line":292,"column":8},"end":{"line":292,"column":36}},"74":{"start":{"line":306,"column":8},"end":{"line":306,"column":61}},"75":{"start":{"line":307,"column":8},"end":{"line":307,"column":11185}},"76":{"start":{"line":325,"column":8},"end":{"line":325,"column":73}},"77":{"start":{"line":326,"column":8},"end":{"line":326,"column":75}},"78":{"start":{"line":333,"column":8},"end":{"line":333,"column":26}},"79":{"start":{"line":340,"column":8},"end":{"line":340,"column":41}},"80":{"start":{"line":347,"column":8},"end":{"line":347,"column":15}},"81":{"start":{"line":354,"column":8},"end":{"line":354,"column":17}},"82":{"start":{"line":361,"column":8},"end":{"line":361,"column":45}},"83":{"start":{"line":362,"column":8},"end":{"line":362,"column":50}},"84":{"start":{"line":364,"column":8},"end":{"line":364,"column":61}},"85":{"start":{"line":365,"column":8},"end":{"line":365,"column":57}},"86":{"start":{"line":367,"column":8},"end":{"line":367,"column":30}}},"branchMap":{"1":{"line":78,"type":"if","locations":[{"start":{"line":78,"column":8},"end":{"line":78,"column":8}},{"start":{"line":78,"column":8},"end":{"line":78,"column":8}}]},"2":{"line":79,"type":"if","locations":[{"start":{"line":79,"column":8},"end":{"line":79,"column":8}},{"start":{"line":79,"column":8},"end":{"line":79,"column":8}}]},"3":{"line":90,"type":"if","locations":[{"start":{"line":90,"column":57},"end":{"line":90,"column":57}},{"start":{"line":90,"column":57},"end":{"line":90,"column":57}}]},"4":{"line":91,"type":"if","locations":[{"start":{"line":91,"column":8},"end":{"line":91,"column":8}},{"start":{"line":91,"column":8},"end":{"line":91,"column":8}}]},"5":{"line":92,"type":"if","locations":[{"start":{"line":92,"column":8},"end":{"line":92,"column":8}},{"start":{"line":92,"column":8},"end":{"line":92,"column":8}}]},"6":{"line":99,"type":"if","locations":[{"start":{"line":99,"column":53},"end":{"line":99,"column":53}},{"start":{"line":99,"column":53},"end":{"line":99,"column":53}}]},"7":{"line":100,"type":"if","locations":[{"start":{"line":100,"column":8},"end":{"line":100,"column":8}},{"start":{"line":100,"column":8},"end":{"line":100,"column":8}}]},"8":{"line":101,"type":"if","locations":[{"start":{"line":101,"column":8},"end":{"line":101,"column":8}},{"start":{"line":101,"column":8},"end":{"line":101,"column":8}}]},"9":{"line":102,"type":"if","locations":[{"start":{"line":102,"column":8},"end":{"line":102,"column":8}},{"start":{"line":102,"column":8},"end":{"line":102,"column":8}}]},"10":{"line":103,"type":"if","locations":[{"start":{"line":103,"column":8},"end":{"line":103,"column":8}},{"start":{"line":103,"column":8},"end":{"line":103,"column":8}}]},"11":{"line":116,"type":"if","locations":[{"start":{"line":116,"column":56},"end":{"line":116,"column":56}},{"start":{"line":116,"column":56},"end":{"line":116,"column":56}}]},"12":{"line":117,"type":"if","locations":[{"start":{"line":117,"column":8},"end":{"line":117,"column":8}},{"start":{"line":117,"column":8},"end":{"line":117,"column":8}}]},"13":{"line":118,"type":"if","locations":[{"start":{"line":118,"column":8},"end":{"line":118,"column":8}},{"start":{"line":118,"column":8},"end":{"line":118,"column":8}}]},"14":{"line":125,"type":"if","locations":[{"start":{"line":125,"column":12},"end":{"line":125,"column":12}},{"start":{"line":125,"column":12},"end":{"line":125,"column":12}}]},"15":{"line":143,"type":"if","locations":[{"start":{"line":143,"column":15},"end":{"line":143,"column":15}},{"start":{"line":143,"column":15},"end":{"line":143,"column":15}}]},"16":{"line":144,"type":"if","locations":[{"start":{"line":144,"column":8},"end":{"line":144,"column":8}},{"start":{"line":144,"column":8},"end":{"line":144,"column":8}}]},"17":{"line":145,"type":"if","locations":[{"start":{"line":145,"column":8},"end":{"line":145,"column":8}},{"start":{"line":145,"column":8},"end":{"line":145,"column":8}}]},"18":{"line":146,"type":"if","locations":[{"start":{"line":146,"column":8},"end":{"line":146,"column":8}},{"start":{"line":146,"column":8},"end":{"line":146,"column":8}}]},"19":{"line":147,"type":"if","locations":[{"start":{"line":147,"column":8},"end":{"line":147,"column":8}},{"start":{"line":147,"column":8},"end":{"line":147,"column":8}}]},"20":{"line":157,"type":"if","locations":[{"start":{"line":157,"column":46},"end":{"line":157,"column":46}},{"start":{"line":157,"column":46},"end":{"line":157,"column":46}}]},"21":{"line":157,"type":"if","locations":[{"start":{"line":157,"column":76},"end":{"line":157,"column":76}},{"start":{"line":157,"column":76},"end":{"line":157,"column":76}}]},"22":{"line":157,"type":"if","locations":[{"start":{"line":157,"column":89},"end":{"line":157,"column":89}},{"start":{"line":157,"column":89},"end":{"line":157,"column":89}}]},"23":{"line":158,"type":"if","locations":[{"start":{"line":158,"column":8},"end":{"line":158,"column":8}},{"start":{"line":158,"column":8},"end":{"line":158,"column":8}}]},"24":{"line":159,"type":"if","locations":[{"start":{"line":159,"column":8},"end":{"line":159,"column":8}},{"start":{"line":159,"column":8},"end":{"line":159,"column":8}}]},"25":{"line":160,"type":"if","locations":[{"start":{"line":160,"column":8},"end":{"line":160,"column":8}},{"start":{"line":160,"column":8},"end":{"line":160,"column":8}}]},"26":{"line":165,"type":"if","locations":[{"start":{"line":165,"column":8},"end":{"line":165,"column":8}},{"start":{"line":165,"column":8},"end":{"line":165,"column":8}}]},"27":{"line":171,"type":"if","locations":[{"start":{"line":171,"column":8},"end":{"line":171,"column":8}},{"start":{"line":171,"column":8},"end":{"line":171,"column":8}}]},"28":{"line":172,"type":"if","locations":[{"start":{"line":172,"column":8},"end":{"line":172,"column":8}},{"start":{"line":172,"column":8},"end":{"line":172,"column":8}}]},"29":{"line":187,"type":"if","locations":[{"start":{"line":187,"column":8},"end":{"line":187,"column":8}},{"start":{"line":187,"column":8},"end":{"line":187,"column":8}}]},"30":{"line":197,"type":"if","locations":[{"start":{"line":197,"column":8},"end":{"line":197,"column":8}},{"start":{"line":197,"column":8},"end":{"line":197,"column":8}}]},"31":{"line":212,"type":"if","locations":[{"start":{"line":212,"column":12},"end":{"line":212,"column":12}},{"start":{"line":212,"column":12},"end":{"line":212,"column":12}}]},"32":{"line":218,"type":"if","locations":[{"start":{"line":218,"column":8},"end":{"line":218,"column":8}},{"start":{"line":218,"column":8},"end":{"line":218,"column":8}}]},"33":{"line":233,"type":"if","locations":[{"start":{"line":233,"column":8},"end":{"line":233,"column":8}},{"start":{"line":233,"column":8},"end":{"line":233,"column":8}}]},"34":{"line":260,"type":"if","locations":[{"start":{"line":260,"column":8},"end":{"line":260,"column":8}},{"start":{"line":260,"column":8},"end":{"line":260,"column":8}}]},"35":{"line":261,"type":"if","locations":[{"start":{"line":261,"column":31},"end":{"line":261,"column":35}},{"start":{"line":261,"column":39},"end":{"line":261,"column":43}}]},"36":{"line":269,"type":"if","locations":[{"start":{"line":269,"column":8},"end":{"line":269,"column":8}},{"start":{"line":269,"column":8},"end":{"line":269,"column":8}}]},"37":{"line":284,"type":"if","locations":[{"start":{"line":284,"column":12},"end":{"line":284,"column":12}},{"start":{"line":284,"column":12},"end":{"line":284,"column":12}}]},"38":{"line":346,"type":"if","locations":[{"start":{"line":346,"column":30},"end":{"line":346,"column":30}},{"start":{"line":346,"column":30},"end":{"line":346,"column":30}}]},"39":{"line":353,"type":"if","locations":[{"start":{"line":353,"column":32},"end":{"line":353,"column":32}},{"start":{"line":353,"column":32},"end":{"line":353,"column":32}}]},"40":{"line":360,"type":"if","locations":[{"start":{"line":360,"column":60},"end":{"line":360,"column":60}},{"start":{"line":360,"column":60},"end":{"line":360,"column":60}}]},"41":{"line":361,"type":"if","locations":[{"start":{"line":361,"column":8},"end":{"line":361,"column":8}},{"start":{"line":361,"column":8},"end":{"line":361,"column":8}}]},"42":{"line":362,"type":"if","locations":[{"start":{"line":362,"column":8},"end":{"line":362,"column":8}},{"start":{"line":362,"column":8},"end":{"line":362,"column":8}}]},"43":{"line":365,"type":"if","locations":[{"start":{"line":365,"column":8},"end":{"line":365,"column":8}},{"start":{"line":365,"column":8},"end":{"line":365,"column":8}}]}}},"contracts\\HalomRoleManager.sol":{"l":{"49":43,"50":43,"53":43,"56":43,"59":43,"62":43,"69":0,"70":0,"71":0,"73":0,"74":0,"76":0,"83":0,"84":0,"86":0,"88":0,"95":0,"96":0,"98":0,"105":0,"106":0,"108":0,"115":0,"122":0,"129":1,"136":1,"143":0,"150":0,"157":0,"158":0,"159":0,"160":0,"161":0,"162":0,"163":0,"164":0,"165":0,"166":0,"167":0,"169":0,"170":0,"171":0},"path":"C:\\Users\\heruf\\Documents\\GitHub\\Halom\\contracts\\HalomRoleManager.sol","s":{"1":43,"2":43,"3":43,"4":43,"5":43,"6":43,"7":0,"8":0,"9":0,"10":0,"11":0,"12":0,"13":0,"14":0,"15":0,"16":0,"17":0,"18":0,"19":0,"20":0,"21":0,"22":0,"23":1,"24":1,"25":0,"26":0,"27":0,"28":0,"29":0,"30":0},"b":{"1":[43,0],"2":[43,0],"3":[0,0],"4":[0,0],"5":[0,0],"6":[0,0],"7":[0,0],"8":[0,0],"9":[0,0],"10":[0,0],"11":[0,0],"12":[0,0],"13":[0,0],"14":[0,0],"15":[0,0],"16":[0,0],"17":[0,0]},"f":{"1":43,"2":0,"3":0,"4":0,"5":0,"6":0,"7":0,"8":1,"9":1,"10":0,"11":0,"12":0},"fnMap":{"1":{"name":"constructor","line":48,"loc":{"start":{"line":48,"column":4},"end":{"line":63,"column":4}}},"2":{"name":"grantRoleToContract","line":68,"loc":{"start":{"line":68,"column":4},"end":{"line":77,"column":4}}},"3":{"name":"revokeRoleFromHuman","line":82,"loc":{"start":{"line":82,"column":4},"end":{"line":89,"column":4}}},"4":{"name":"freezeRole","line":94,"loc":{"start":{"line":94,"column":4},"end":{"line":99,"column":4}}},"5":{"name":"unfreezeRole","line":104,"loc":{"start":{"line":104,"column":4},"end":{"line":109,"column":4}}},"6":{"name":"getRoleMembers","line":114,"loc":{"start":{"line":114,"column":4},"end":{"line":116,"column":4}}},"7":{"name":"isRoleFrozen","line":121,"loc":{"start":{"line":121,"column":4},"end":{"line":123,"column":4}}},"8":{"name":"grantRole","line":128,"loc":{"start":{"line":128,"column":4},"end":{"line":130,"column":4}}},"9":{"name":"revokeRole","line":135,"loc":{"start":{"line":135,"column":4},"end":{"line":137,"column":4}}},"10":{"name":"pause","line":142,"loc":{"start":{"line":142,"column":4},"end":{"line":144,"column":4}}},"11":{"name":"unpause","line":149,"loc":{"start":{"line":149,"column":4},"end":{"line":151,"column":4}}},"12":{"name":"emergencyRevokeAllRoles","line":156,"loc":{"start":{"line":156,"column":4},"end":{"line":174,"column":4}}}},"statementMap":{"1":{"start":{"line":49,"column":8},"end":{"line":49,"column":66}},"2":{"start":{"line":50,"column":8},"end":{"line":50,"column":66}},"3":{"start":{"line":53,"column":8},"end":{"line":53,"column":48}},"4":{"start":{"line":56,"column":8},"end":{"line":56,"column":43}},"5":{"start":{"line":59,"column":8},"end":{"line":59,"column":41}},"6":{"start":{"line":62,"column":8},"end":{"line":62,"column":44}},"7":{"start":{"line":69,"column":8},"end":{"line":69,"column":80}},"8":{"start":{"line":70,"column":8},"end":{"line":70,"column":77}},"9":{"start":{"line":71,"column":8},"end":{"line":71,"column":51}},"10":{"start":{"line":73,"column":8},"end":{"line":73,"column":40}},"11":{"start":{"line":74,"column":8},"end":{"line":74,"column":50}},"12":{"start":{"line":76,"column":8},"end":{"line":76,"column":68}},"13":{"start":{"line":83,"column":8},"end":{"line":83,"column":71}},"14":{"start":{"line":84,"column":8},"end":{"line":84,"column":68}},"15":{"start":{"line":86,"column":8},"end":{"line":86,"column":33}},"16":{"start":{"line":88,"column":8},"end":{"line":88,"column":56}},"17":{"start":{"line":95,"column":8},"end":{"line":95,"column":56}},"18":{"start":{"line":98,"column":8},"end":{"line":98,"column":41}},"19":{"start":{"line":105,"column":8},"end":{"line":105,"column":51}},"20":{"start":{"line":108,"column":8},"end":{"line":108,"column":43}},"21":{"start":{"line":115,"column":8},"end":{"line":115,"column":36}},"22":{"start":{"line":122,"column":8},"end":{"line":122,"column":31}},"23":{"start":{"line":129,"column":8},"end":{"line":129,"column":87}},"24":{"start":{"line":136,"column":8},"end":{"line":136,"column":87}},"25":{"start":{"line":143,"column":8},"end":{"line":143,"column":15}},"26":{"start":{"line":150,"column":8},"end":{"line":150,"column":17}},"27":{"start":{"line":157,"column":8},"end":{"line":157,"column":53}},"28":{"start":{"line":169,"column":8},"end":{"line":169,"column":6136}},"29":{"start":{"line":170,"column":12},"end":{"line":170,"column":6201}},"30":{"start":{"line":171,"column":16},"end":{"line":171,"column":48}}},"branchMap":{"1":{"line":49,"type":"if","locations":[{"start":{"line":49,"column":8},"end":{"line":49,"column":8}},{"start":{"line":49,"column":8},"end":{"line":49,"column":8}}]},"2":{"line":50,"type":"if","locations":[{"start":{"line":50,"column":8},"end":{"line":50,"column":8}},{"start":{"line":50,"column":8},"end":{"line":50,"column":8}}]},"3":{"line":68,"type":"if","locations":[{"start":{"line":68,"column":81},"end":{"line":68,"column":81}},{"start":{"line":68,"column":81},"end":{"line":68,"column":81}}]},"4":{"line":69,"type":"if","locations":[{"start":{"line":69,"column":8},"end":{"line":69,"column":8}},{"start":{"line":69,"column":8},"end":{"line":69,"column":8}}]},"5":{"line":70,"type":"if","locations":[{"start":{"line":70,"column":8},"end":{"line":70,"column":8}},{"start":{"line":70,"column":8},"end":{"line":70,"column":8}}]},"6":{"line":71,"type":"if","locations":[{"start":{"line":71,"column":8},"end":{"line":71,"column":8}},{"start":{"line":71,"column":8},"end":{"line":71,"column":8}}]},"7":{"line":82,"type":"if","locations":[{"start":{"line":82,"column":73},"end":{"line":82,"column":73}},{"start":{"line":82,"column":73},"end":{"line":82,"column":73}}]},"8":{"line":83,"type":"if","locations":[{"start":{"line":83,"column":8},"end":{"line":83,"column":8}},{"start":{"line":83,"column":8},"end":{"line":83,"column":8}}]},"9":{"line":84,"type":"if","locations":[{"start":{"line":84,"column":8},"end":{"line":84,"column":8}},{"start":{"line":84,"column":8},"end":{"line":84,"column":8}}]},"10":{"line":94,"type":"if","locations":[{"start":{"line":94,"column":47},"end":{"line":94,"column":47}},{"start":{"line":94,"column":47},"end":{"line":94,"column":47}}]},"11":{"line":95,"type":"if","locations":[{"start":{"line":95,"column":8},"end":{"line":95,"column":8}},{"start":{"line":95,"column":8},"end":{"line":95,"column":8}}]},"12":{"line":104,"type":"if","locations":[{"start":{"line":104,"column":49},"end":{"line":104,"column":49}},{"start":{"line":104,"column":49},"end":{"line":104,"column":49}}]},"13":{"line":105,"type":"if","locations":[{"start":{"line":105,"column":8},"end":{"line":105,"column":8}},{"start":{"line":105,"column":8},"end":{"line":105,"column":8}}]},"14":{"line":142,"type":"if","locations":[{"start":{"line":142,"column":30},"end":{"line":142,"column":30}},{"start":{"line":142,"column":30},"end":{"line":142,"column":30}}]},"15":{"line":149,"type":"if","locations":[{"start":{"line":149,"column":32},"end":{"line":149,"column":32}},{"start":{"line":149,"column":32},"end":{"line":149,"column":32}}]},"16":{"line":156,"type":"if","locations":[{"start":{"line":156,"column":63},"end":{"line":156,"column":63}},{"start":{"line":156,"column":63},"end":{"line":156,"column":63}}]},"17":{"line":170,"type":"if","locations":[{"start":{"line":170,"column":12},"end":{"line":170,"column":12}},{"start":{"line":170,"column":12},"end":{"line":170,"column":12}}]}}},"contracts\\HalomStaking.sol":{"l":{"98":121,"99":121,"100":121,"101":121,"102":121,"104":121,"105":121,"106":121,"107":121,"108":121,"111":121,"112":121,"113":121,"114":121,"115":121,"122":52,"123":52,"124":52,"126":52,"127":6500,"128":6500,"130":52,"137":3,"144":52,"145":52,"146":45,"153":52,"154":52,"155":52,"156":52,"157":1,"158":1,"168":42,"176":0,"179":0,"181":0,"182":0,"185":0,"195":46,"196":44,"197":42,"198":42,"200":42,"202":42,"203":42,"204":42,"207":42,"208":42,"209":42,"211":42,"212":42,"213":42,"214":42,"217":42,"219":42,"227":2,"228":2,"229":2,"232":2,"233":1,"237":1,"238":1,"241":1,"243":1,"244":1,"245":1,"248":1,"249":1,"250":1,"253":1,"254":0,"257":1,"264":3,"265":3,"268":3,"269":3,"271":0,"274":1,"275":1,"276":1,"278":1,"279":1,"280":1,"283":1,"284":0,"285":0,"286":0,"289":1,"291":1,"298":10,"300":10,"301":9,"303":1,"306":10,"313":0,"314":0,"316":0,"317":0,"319":0,"321":0,"335":4,"336":4,"338":4,"339":4,"342":4,"343":4,"344":4,"346":4,"347":4,"348":4,"351":4,"353":3,"364":1,"365":1,"367":1,"368":1,"369":1,"371":1,"378":0,"380":0,"381":0,"383":0,"397":1,"398":1,"401":1,"403":1,"404":1,"411":2,"418":1,"425":0,"432":4,"445":0,"457":43,"458":43,"463":43,"464":43,"473":43,"474":43,"475":43,"476":43,"484":43,"485":43,"486":43,"493":43,"494":43,"495":43,"502":11,"503":11,"504":10,"505":10,"508":10,"509":2,"513":10,"514":10,"515":10,"517":10,"524":2,"525":2,"527":1,"528":1,"530":1,"537":3,"538":3,"539":3,"546":8,"547":7,"549":6,"550":6,"557":3,"558":3,"560":0,"561":0,"563":0,"570":5,"571":5,"573":4,"574":4,"576":4,"577":4,"579":4,"586":8,"587":8,"589":7,"590":7,"594":7,"595":7,"597":7,"600":7,"601":7,"613":4,"614":4,"615":4,"616":4,"627":3,"628":3,"629":3,"633":0,"635":0,"636":0,"637":0,"639":0},"path":"C:\\Users\\heruf\\Documents\\GitHub\\Halom\\contracts\\HalomStaking.sol","s":{"1":121,"2":121,"3":121,"4":121,"5":121,"6":121,"7":121,"8":121,"9":121,"10":121,"11":52,"12":0,"13":52,"14":52,"15":52,"16":52,"17":3,"18":52,"19":52,"20":52,"21":52,"22":52,"23":1,"24":1,"25":42,"26":0,"27":0,"28":0,"29":0,"30":0,"31":46,"32":44,"33":42,"34":42,"35":42,"36":42,"37":42,"38":42,"39":2,"40":2,"41":2,"42":2,"43":1,"44":1,"45":1,"46":1,"47":1,"48":1,"49":1,"50":1,"51":3,"52":3,"53":3,"54":3,"55":0,"56":1,"57":1,"58":1,"59":1,"60":1,"61":10,"62":10,"63":10,"64":0,"65":0,"66":0,"67":0,"68":4,"69":4,"70":4,"71":4,"72":4,"73":4,"74":4,"75":3,"76":1,"77":1,"78":1,"79":0,"80":0,"81":0,"82":1,"83":1,"84":1,"85":1,"86":1,"87":2,"88":1,"89":0,"90":4,"91":0,"92":43,"93":43,"94":43,"95":43,"96":43,"97":43,"98":43,"99":43,"100":43,"101":43,"102":43,"103":43,"104":11,"105":11,"106":10,"107":10,"108":10,"109":2,"110":10,"111":2,"112":2,"113":1,"114":1,"115":1,"116":8,"117":7,"118":6,"119":3,"120":3,"121":0,"122":0,"123":5,"124":5,"125":4,"126":4,"127":4,"128":4,"129":8,"130":8,"131":1,"132":7,"133":7,"134":7,"135":7,"136":7,"137":7,"138":7,"139":0,"140":0,"141":0,"142":0,"143":0,"144":0},"b":{"1":[121,0],"2":[121,0],"3":[121,0],"4":[121,0],"5":[121,0],"6":[0,52],"7":[1,51],"8":[1,51],"9":[0,0],"10":[46,0],"11":[46,0],"12":[46,0],"13":[44,2],"14":[42,2],"15":[42,0],"16":[42,0],"17":[2,0],"18":[2,0],"19":[2,0],"20":[2,0],"21":[2,0],"22":[2,0],"23":[1,1],"24":[1,0],"25":[1,0],"26":[0,1],"27":[3,0],"28":[3,0],"29":[3,0],"30":[3,0],"31":[3,0],"32":[3,0],"33":[1,2],"34":[0,0],"35":[0,1],"36":[10,2],"37":[10,0],"38":[9,1],"39":[0,0],"40":[0,0],"41":[0,0],"42":[1,0],"43":[1,0],"44":[1,0],"45":[4,2],"46":[4,0],"47":[4,0],"48":[1,2],"49":[1,0],"50":[1,0],"51":[0,0],"52":[0,0],"53":[1,0],"54":[1,0],"55":[1,0],"56":[1,0],"57":[2,0],"58":[1,0],"59":[1,42],"60":[11,0],"61":[11,0],"62":[11,0],"63":[10,1],"64":[10,0],"65":[10,0],"66":[2,8],"67":[2,0],"68":[2,0],"69":[1,1],"70":[7,1],"71":[6,1],"72":[3,0],"73":[0,3],"74":[5,0],"75":[4,1],"76":[4,0],"77":[1,7],"78":[3,1],"79":[0,0]},"f":{"1":121,"2":52,"3":3,"4":52,"5":52,"6":42,"7":0,"8":46,"9":2,"10":3,"11":10,"12":0,"13":1,"14":4,"15":1,"16":0,"17":1,"18":2,"19":1,"20":0,"21":4,"22":0,"23":43,"24":43,"25":43,"26":43,"27":43,"28":11,"29":2,"30":3,"31":8,"32":3,"33":5,"34":8,"35":4,"36":3,"37":0},"fnMap":{"1":{"name":"constructor","line":91,"loc":{"start":{"line":91,"column":4},"end":{"line":116,"column":4}}},"2":{"name":"fourthRoot","line":121,"loc":{"start":{"line":121,"column":4},"end":{"line":131,"column":4}}},"3":{"name":"getGovernancePower","line":136,"loc":{"start":{"line":136,"column":4},"end":{"line":138,"column":4}}},"4":{"name":"updateRewards","line":143,"loc":{"start":{"line":143,"column":4},"end":{"line":147,"column":4}}},"5":{"name":"_updateRewards","line":152,"loc":{"start":{"line":152,"column":4},"end":{"line":160,"column":4}}},"6":{"name":"_getRebaseIndex","line":165,"loc":{"start":{"line":165,"column":4},"end":{"line":169,"column":4}}},"7":{"name":"_adjustRewardsForRebase","line":174,"loc":{"start":{"line":174,"column":4},"end":{"line":186,"column":4}}},"8":{"name":"stakeWithLock","line":194,"loc":{"start":{"line":191,"column":4},"end":{"line":220,"column":4}}},"9":{"name":"stake","line":226,"loc":{"start":{"line":226,"column":4},"end":{"line":258,"column":4}}},"10":{"name":"unstake","line":263,"loc":{"start":{"line":263,"column":4},"end":{"line":292,"column":4}}},"11":{"name":"addRewards","line":297,"loc":{"start":{"line":297,"column":4},"end":{"line":307,"column":4}}},"12":{"name":"claimPendingRewards","line":312,"loc":{"start":{"line":312,"column":4},"end":{"line":322,"column":4}}},"13":{"name":"claimRewards","line":327,"loc":{"start":{"line":327,"column":4},"end":{"line":329,"column":4}}},"14":{"name":"slash","line":334,"loc":{"start":{"line":334,"column":4},"end":{"line":354,"column":4}}},"15":{"name":"updateStakingParameters","line":363,"loc":{"start":{"line":359,"column":4},"end":{"line":372,"column":4}}},"16":{"name":"updateSlashPercentage","line":377,"loc":{"start":{"line":377,"column":4},"end":{"line":384,"column":4}}},"17":{"name":"emergencyRecovery","line":396,"loc":{"start":{"line":392,"column":4},"end":{"line":405,"column":4}}},"18":{"name":"pause","line":410,"loc":{"start":{"line":410,"column":4},"end":{"line":412,"column":4}}},"19":{"name":"unpause","line":417,"loc":{"start":{"line":417,"column":4},"end":{"line":419,"column":4}}},"20":{"name":"getPendingRewards","line":424,"loc":{"start":{"line":424,"column":4},"end":{"line":426,"column":4}}},"21":{"name":"getPendingRewardsForUser","line":431,"loc":{"start":{"line":431,"column":4},"end":{"line":433,"column":4}}},"22":{"name":"getStakingInfo","line":438,"loc":{"start":{"line":438,"column":4},"end":{"line":452,"column":4}}},"23":{"name":"min","line":455,"loc":{"start":{"line":455,"column":4},"end":{"line":460,"column":4}}},"24":{"name":"max","line":461,"loc":{"start":{"line":461,"column":4},"end":{"line":466,"column":4}}},"25":{"name":"calculateBoostMultiplier","line":471,"loc":{"start":{"line":471,"column":4},"end":{"line":477,"column":4}}},"26":{"name":"getUserBoostMultiplier","line":482,"loc":{"start":{"line":482,"column":4},"end":{"line":487,"column":4}}},"27":{"name":"fourthRootWithBoost","line":492,"loc":{"start":{"line":492,"column":4},"end":{"line":496,"column":4}}},"28":{"name":"delegateToValidator","line":501,"loc":{"start":{"line":501,"column":4},"end":{"line":518,"column":4}}},"29":{"name":"undelegateFromValidator","line":523,"loc":{"start":{"line":523,"column":4},"end":{"line":531,"column":4}}},"30":{"name":"_undelegate","line":536,"loc":{"start":{"line":536,"column":4},"end":{"line":540,"column":4}}},"31":{"name":"setCommissionRate","line":545,"loc":{"start":{"line":545,"column":4},"end":{"line":551,"column":4}}},"32":{"name":"claimCommission","line":556,"loc":{"start":{"line":556,"column":4},"end":{"line":564,"column":4}}},"33":{"name":"claimDelegatorRewards","line":569,"loc":{"start":{"line":569,"column":4},"end":{"line":580,"column":4}}},"34":{"name":"_calculateDelegatorRewards","line":585,"loc":{"start":{"line":585,"column":4},"end":{"line":602,"column":4}}},"35":{"name":"getDelegationInfo","line":607,"loc":{"start":{"line":607,"column":4},"end":{"line":617,"column":4}}},"36":{"name":"getValidatorInfo","line":622,"loc":{"start":{"line":622,"column":4},"end":{"line":630,"column":4}}},"37":{"name":"calculateRewards","line":632,"loc":{"start":{"line":632,"column":4},"end":{"line":640,"column":4}}}},"statementMap":{"1":{"start":{"line":98,"column":8},"end":{"line":98,"column":72}},"2":{"start":{"line":99,"column":8},"end":{"line":99,"column":74}},"3":{"start":{"line":100,"column":8},"end":{"line":100,"column":69}},"4":{"start":{"line":101,"column":8},"end":{"line":101,"column":69}},"5":{"start":{"line":102,"column":8},"end":{"line":102,"column":108}},"6":{"start":{"line":111,"column":8},"end":{"line":111,"column":51}},"7":{"start":{"line":112,"column":8},"end":{"line":112,"column":46}},"8":{"start":{"line":113,"column":8},"end":{"line":113,"column":46}},"9":{"start":{"line":114,"column":8},"end":{"line":114,"column":45}},"10":{"start":{"line":115,"column":8},"end":{"line":115,"column":44}},"11":{"start":{"line":122,"column":8},"end":{"line":122,"column":28}},"12":{"start":{"line":122,"column":20},"end":{"line":122,"column":28}},"13":{"start":{"line":123,"column":8},"end":{"line":123,"column":21}},"14":{"start":{"line":124,"column":8},"end":{"line":124,"column":31}},"15":{"start":{"line":126,"column":8},"end":{"line":126,"column":6200}},"16":{"start":{"line":130,"column":8},"end":{"line":130,"column":16}},"17":{"start":{"line":137,"column":8},"end":{"line":137,"column":46}},"18":{"start":{"line":144,"column":8},"end":{"line":144,"column":31}},"19":{"start":{"line":153,"column":8},"end":{"line":153,"column":106}},"20":{"start":{"line":154,"column":8},"end":{"line":154,"column":42}},"21":{"start":{"line":155,"column":8},"end":{"line":155,"column":39}},"22":{"start":{"line":156,"column":8},"end":{"line":156,"column":7150}},"23":{"start":{"line":157,"column":12},"end":{"line":157,"column":80}},"24":{"start":{"line":158,"column":12},"end":{"line":158,"column":48}},"25":{"start":{"line":168,"column":8},"end":{"line":168,"column":39}},"26":{"start":{"line":176,"column":8},"end":{"line":176,"column":69}},"27":{"start":{"line":179,"column":8},"end":{"line":179,"column":8075}},"28":{"start":{"line":181,"column":12},"end":{"line":181,"column":73}},"29":{"start":{"line":182,"column":12},"end":{"line":182,"column":58}},"30":{"start":{"line":185,"column":8},"end":{"line":185,"column":30}},"31":{"start":{"line":195,"column":8},"end":{"line":195,"column":65}},"32":{"start":{"line":196,"column":8},"end":{"line":196,"column":65}},"33":{"start":{"line":197,"column":8},"end":{"line":197,"column":103}},"34":{"start":{"line":198,"column":8},"end":{"line":198,"column":105}},"35":{"start":{"line":200,"column":8},"end":{"line":200,"column":98}},"36":{"start":{"line":202,"column":8},"end":{"line":202,"column":59}},"37":{"start":{"line":207,"column":8},"end":{"line":207,"column":90}},"38":{"start":{"line":219,"column":8},"end":{"line":219,"column":83}},"39":{"start":{"line":227,"column":8},"end":{"line":227,"column":65}},"40":{"start":{"line":228,"column":8},"end":{"line":228,"column":65}},"41":{"start":{"line":229,"column":8},"end":{"line":229,"column":105}},"42":{"start":{"line":232,"column":8},"end":{"line":232,"column":10517}},"43":{"start":{"line":233,"column":12},"end":{"line":233,"column":56}},"44":{"start":{"line":237,"column":8},"end":{"line":237,"column":10717}},"45":{"start":{"line":238,"column":12},"end":{"line":238,"column":82}},"46":{"start":{"line":241,"column":8},"end":{"line":241,"column":98}},"47":{"start":{"line":243,"column":8},"end":{"line":243,"column":59}},"48":{"start":{"line":248,"column":8},"end":{"line":248,"column":90}},"49":{"start":{"line":253,"column":8},"end":{"line":253,"column":11476}},"50":{"start":{"line":257,"column":8},"end":{"line":257,"column":57}},"51":{"start":{"line":264,"column":8},"end":{"line":264,"column":47}},"52":{"start":{"line":265,"column":8},"end":{"line":265,"column":83}},"53":{"start":{"line":268,"column":8},"end":{"line":268,"column":12035}},"54":{"start":{"line":269,"column":12},"end":{"line":269,"column":83}},"55":{"start":{"line":271,"column":12},"end":{"line":271,"column":96}},"56":{"start":{"line":274,"column":8},"end":{"line":274,"column":59}},"57":{"start":{"line":278,"column":8},"end":{"line":278,"column":69}},"58":{"start":{"line":283,"column":8},"end":{"line":283,"column":12735}},"59":{"start":{"line":289,"column":8},"end":{"line":289,"column":79}},"60":{"start":{"line":291,"column":8},"end":{"line":291,"column":42}},"61":{"start":{"line":298,"column":8},"end":{"line":298,"column":51}},"62":{"start":{"line":300,"column":8},"end":{"line":300,"column":13297}},"63":{"start":{"line":306,"column":8},"end":{"line":306,"column":45}},"64":{"start":{"line":313,"column":8},"end":{"line":313,"column":56}},"65":{"start":{"line":314,"column":8},"end":{"line":314,"column":58}},"66":{"start":{"line":316,"column":8},"end":{"line":316,"column":39}},"67":{"start":{"line":321,"column":8},"end":{"line":321,"column":54}},"68":{"start":{"line":335,"column":8},"end":{"line":335,"column":64}},"69":{"start":{"line":336,"column":8},"end":{"line":336,"column":70}},"70":{"start":{"line":338,"column":8},"end":{"line":338,"column":78}},"71":{"start":{"line":339,"column":8},"end":{"line":339,"column":68}},"72":{"start":{"line":342,"column":8},"end":{"line":342,"column":54}},"73":{"start":{"line":346,"column":8},"end":{"line":346,"column":59}},"74":{"start":{"line":351,"column":8},"end":{"line":351,"column":76}},"75":{"start":{"line":353,"column":8},"end":{"line":353,"column":49}},"76":{"start":{"line":364,"column":8},"end":{"line":364,"column":87}},"77":{"start":{"line":365,"column":8},"end":{"line":365,"column":63}},"78":{"start":{"line":371,"column":8},"end":{"line":371,"column":84}},"79":{"start":{"line":378,"column":8},"end":{"line":378,"column":83}},"80":{"start":{"line":380,"column":8},"end":{"line":380,"column":47}},"81":{"start":{"line":383,"column":8},"end":{"line":383,"column":66}},"82":{"start":{"line":397,"column":8},"end":{"line":397,"column":67}},"83":{"start":{"line":398,"column":8},"end":{"line":398,"column":54}},"84":{"start":{"line":401,"column":8},"end":{"line":401,"column":77}},"85":{"start":{"line":403,"column":8},"end":{"line":403,"column":48}},"86":{"start":{"line":404,"column":8},"end":{"line":404,"column":52}},"87":{"start":{"line":411,"column":8},"end":{"line":411,"column":15}},"88":{"start":{"line":418,"column":8},"end":{"line":418,"column":17}},"89":{"start":{"line":425,"column":8},"end":{"line":425,"column":29}},"90":{"start":{"line":432,"column":8},"end":{"line":432,"column":89}},"91":{"start":{"line":445,"column":8},"end":{"line":445,"column":18227}},"92":{"start":{"line":458,"column":12},"end":{"line":458,"column":51}},"93":{"start":{"line":464,"column":12},"end":{"line":464,"column":51}},"94":{"start":{"line":473,"column":8},"end":{"line":473,"column":81}},"95":{"start":{"line":474,"column":8},"end":{"line":474,"column":42}},"96":{"start":{"line":475,"column":8},"end":{"line":475,"column":63}},"97":{"start":{"line":476,"column":8},"end":{"line":476,"column":20}},"98":{"start":{"line":484,"column":8},"end":{"line":484,"column":54}},"99":{"start":{"line":485,"column":8},"end":{"line":485,"column":71}},"100":{"start":{"line":486,"column":8},"end":{"line":486,"column":61}},"101":{"start":{"line":493,"column":8},"end":{"line":493,"column":63}},"102":{"start":{"line":494,"column":8},"end":{"line":494,"column":66}},"103":{"start":{"line":495,"column":8},"end":{"line":495,"column":40}},"104":{"start":{"line":502,"column":8},"end":{"line":502,"column":75}},"105":{"start":{"line":503,"column":8},"end":{"line":503,"column":67}},"106":{"start":{"line":504,"column":8},"end":{"line":504,"column":48}},"107":{"start":{"line":505,"column":8},"end":{"line":505,"column":83}},"108":{"start":{"line":508,"column":8},"end":{"line":508,"column":20851}},"109":{"start":{"line":509,"column":12},"end":{"line":509,"column":87}},"110":{"start":{"line":517,"column":8},"end":{"line":517,"column":55}},"111":{"start":{"line":524,"column":8},"end":{"line":524,"column":50}},"112":{"start":{"line":525,"column":8},"end":{"line":525,"column":62}},"113":{"start":{"line":527,"column":8},"end":{"line":527,"column":52}},"114":{"start":{"line":528,"column":8},"end":{"line":528,"column":49}},"115":{"start":{"line":530,"column":8},"end":{"line":530,"column":55}},"116":{"start":{"line":546,"column":8},"end":{"line":546,"column":82}},"117":{"start":{"line":547,"column":8},"end":{"line":547,"column":83}},"118":{"start":{"line":550,"column":8},"end":{"line":550,"column":59}},"119":{"start":{"line":557,"column":8},"end":{"line":557,"column":72}},"120":{"start":{"line":558,"column":8},"end":{"line":558,"column":62}},"121":{"start":{"line":561,"column":8},"end":{"line":561,"column":88}},"122":{"start":{"line":563,"column":8},"end":{"line":563,"column":60}},"123":{"start":{"line":570,"column":8},"end":{"line":570,"column":50}},"124":{"start":{"line":571,"column":8},"end":{"line":571,"column":62}},"125":{"start":{"line":573,"column":8},"end":{"line":573,"column":80}},"126":{"start":{"line":574,"column":8},"end":{"line":574,"column":66}},"127":{"start":{"line":577,"column":8},"end":{"line":577,"column":95}},"128":{"start":{"line":579,"column":8},"end":{"line":579,"column":72}},"129":{"start":{"line":586,"column":8},"end":{"line":586,"column":50}},"130":{"start":{"line":587,"column":8},"end":{"line":587,"column":45}},"131":{"start":{"line":587,"column":37},"end":{"line":587,"column":45}},"132":{"start":{"line":589,"column":8},"end":{"line":589,"column":65}},"133":{"start":{"line":590,"column":8},"end":{"line":590,"column":72}},"134":{"start":{"line":594,"column":8},"end":{"line":594,"column":89}},"135":{"start":{"line":595,"column":8},"end":{"line":595,"column":33}},"136":{"start":{"line":597,"column":8},"end":{"line":597,"column":102}},"137":{"start":{"line":600,"column":8},"end":{"line":600,"column":89}},"138":{"start":{"line":601,"column":8},"end":{"line":601,"column":35}},"139":{"start":{"line":633,"column":8},"end":{"line":633,"column":47}},"140":{"start":{"line":633,"column":39},"end":{"line":633,"column":47}},"141":{"start":{"line":635,"column":8},"end":{"line":635,"column":37}},"142":{"start":{"line":636,"column":8},"end":{"line":636,"column":63}},"143":{"start":{"line":637,"column":8},"end":{"line":637,"column":98}},"144":{"start":{"line":639,"column":8},"end":{"line":639,"column":21}}},"branchMap":{"1":{"line":98,"type":"if","locations":[{"start":{"line":98,"column":8},"end":{"line":98,"column":8}},{"start":{"line":98,"column":8},"end":{"line":98,"column":8}}]},"2":{"line":99,"type":"if","locations":[{"start":{"line":99,"column":8},"end":{"line":99,"column":8}},{"start":{"line":99,"column":8},"end":{"line":99,"column":8}}]},"3":{"line":100,"type":"if","locations":[{"start":{"line":100,"column":8},"end":{"line":100,"column":8}},{"start":{"line":100,"column":8},"end":{"line":100,"column":8}}]},"4":{"line":101,"type":"if","locations":[{"start":{"line":101,"column":8},"end":{"line":101,"column":8}},{"start":{"line":101,"column":8},"end":{"line":101,"column":8}}]},"5":{"line":102,"type":"if","locations":[{"start":{"line":102,"column":8},"end":{"line":102,"column":8}},{"start":{"line":102,"column":8},"end":{"line":102,"column":8}}]},"6":{"line":122,"type":"if","locations":[{"start":{"line":122,"column":8},"end":{"line":122,"column":8}},{"start":{"line":122,"column":8},"end":{"line":122,"column":8}}]},"7":{"line":154,"type":"if","locations":[{"start":{"line":154,"column":37},"end":{"line":154,"column":37}},{"start":{"line":154,"column":41},"end":{"line":154,"column":41}}]},"8":{"line":156,"type":"if","locations":[{"start":{"line":156,"column":8},"end":{"line":156,"column":8}},{"start":{"line":156,"column":8},"end":{"line":156,"column":8}}]},"9":{"line":179,"type":"if","locations":[{"start":{"line":179,"column":8},"end":{"line":179,"column":8}},{"start":{"line":179,"column":8},"end":{"line":179,"column":8}}]},"10":{"line":194,"type":"if","locations":[{"start":{"line":194,"column":15},"end":{"line":194,"column":15}},{"start":{"line":194,"column":15},"end":{"line":194,"column":15}}]},"11":{"line":194,"type":"if","locations":[{"start":{"line":194,"column":28},"end":{"line":194,"column":28}},{"start":{"line":194,"column":28},"end":{"line":194,"column":28}}]},"12":{"line":194,"type":"if","locations":[{"start":{"line":194,"column":42},"end":{"line":194,"column":42}},{"start":{"line":194,"column":42},"end":{"line":194,"column":42}}]},"13":{"line":195,"type":"if","locations":[{"start":{"line":195,"column":8},"end":{"line":195,"column":8}},{"start":{"line":195,"column":8},"end":{"line":195,"column":8}}]},"14":{"line":196,"type":"if","locations":[{"start":{"line":196,"column":8},"end":{"line":196,"column":8}},{"start":{"line":196,"column":8},"end":{"line":196,"column":8}}]},"15":{"line":197,"type":"if","locations":[{"start":{"line":197,"column":8},"end":{"line":197,"column":8}},{"start":{"line":197,"column":8},"end":{"line":197,"column":8}}]},"16":{"line":198,"type":"if","locations":[{"start":{"line":198,"column":8},"end":{"line":198,"column":8}},{"start":{"line":198,"column":8},"end":{"line":198,"column":8}}]},"17":{"line":226,"type":"if","locations":[{"start":{"line":226,"column":45},"end":{"line":226,"column":45}},{"start":{"line":226,"column":45},"end":{"line":226,"column":45}}]},"18":{"line":226,"type":"if","locations":[{"start":{"line":226,"column":58},"end":{"line":226,"column":58}},{"start":{"line":226,"column":58},"end":{"line":226,"column":58}}]},"19":{"line":226,"type":"if","locations":[{"start":{"line":226,"column":72},"end":{"line":226,"column":72}},{"start":{"line":226,"column":72},"end":{"line":226,"column":72}}]},"20":{"line":227,"type":"if","locations":[{"start":{"line":227,"column":8},"end":{"line":227,"column":8}},{"start":{"line":227,"column":8},"end":{"line":227,"column":8}}]},"21":{"line":228,"type":"if","locations":[{"start":{"line":228,"column":8},"end":{"line":228,"column":8}},{"start":{"line":228,"column":8},"end":{"line":228,"column":8}}]},"22":{"line":229,"type":"if","locations":[{"start":{"line":229,"column":8},"end":{"line":229,"column":8}},{"start":{"line":229,"column":8},"end":{"line":229,"column":8}}]},"23":{"line":232,"type":"if","locations":[{"start":{"line":232,"column":8},"end":{"line":232,"column":8}},{"start":{"line":232,"column":8},"end":{"line":232,"column":8}}]},"24":{"line":237,"type":"if","locations":[{"start":{"line":237,"column":8},"end":{"line":237,"column":8}},{"start":{"line":237,"column":8},"end":{"line":237,"column":8}}]},"25":{"line":238,"type":"if","locations":[{"start":{"line":238,"column":12},"end":{"line":238,"column":12}},{"start":{"line":238,"column":12},"end":{"line":238,"column":12}}]},"26":{"line":253,"type":"if","locations":[{"start":{"line":253,"column":8},"end":{"line":253,"column":8}},{"start":{"line":253,"column":8},"end":{"line":253,"column":8}}]},"27":{"line":263,"type":"if","locations":[{"start":{"line":263,"column":47},"end":{"line":263,"column":47}},{"start":{"line":263,"column":47},"end":{"line":263,"column":47}}]},"28":{"line":263,"type":"if","locations":[{"start":{"line":263,"column":60},"end":{"line":263,"column":60}},{"start":{"line":263,"column":60},"end":{"line":263,"column":60}}]},"29":{"line":263,"type":"if","locations":[{"start":{"line":263,"column":74},"end":{"line":263,"column":74}},{"start":{"line":263,"column":74},"end":{"line":263,"column":74}}]},"30":{"line":264,"type":"if","locations":[{"start":{"line":264,"column":8},"end":{"line":264,"column":8}},{"start":{"line":264,"column":8},"end":{"line":264,"column":8}}]},"31":{"line":265,"type":"if","locations":[{"start":{"line":265,"column":8},"end":{"line":265,"column":8}},{"start":{"line":265,"column":8},"end":{"line":265,"column":8}}]},"32":{"line":268,"type":"if","locations":[{"start":{"line":268,"column":8},"end":{"line":268,"column":8}},{"start":{"line":268,"column":8},"end":{"line":268,"column":8}}]},"33":{"line":269,"type":"if","locations":[{"start":{"line":269,"column":12},"end":{"line":269,"column":12}},{"start":{"line":269,"column":12},"end":{"line":269,"column":12}}]},"34":{"line":271,"type":"if","locations":[{"start":{"line":271,"column":12},"end":{"line":271,"column":12}},{"start":{"line":271,"column":12},"end":{"line":271,"column":12}}]},"35":{"line":283,"type":"if","locations":[{"start":{"line":283,"column":8},"end":{"line":283,"column":8}},{"start":{"line":283,"column":8},"end":{"line":283,"column":8}}]},"36":{"line":297,"type":"if","locations":[{"start":{"line":297,"column":50},"end":{"line":297,"column":50}},{"start":{"line":297,"column":50},"end":{"line":297,"column":50}}]},"37":{"line":298,"type":"if","locations":[{"start":{"line":298,"column":8},"end":{"line":298,"column":8}},{"start":{"line":298,"column":8},"end":{"line":298,"column":8}}]},"38":{"line":300,"type":"if","locations":[{"start":{"line":300,"column":8},"end":{"line":300,"column":8}},{"start":{"line":300,"column":8},"end":{"line":300,"column":8}}]},"39":{"line":312,"type":"if","locations":[{"start":{"line":312,"column":44},"end":{"line":312,"column":44}},{"start":{"line":312,"column":44},"end":{"line":312,"column":44}}]},"40":{"line":313,"type":"if","locations":[{"start":{"line":313,"column":8},"end":{"line":313,"column":8}},{"start":{"line":313,"column":8},"end":{"line":313,"column":8}}]},"41":{"line":314,"type":"if","locations":[{"start":{"line":314,"column":8},"end":{"line":314,"column":8}},{"start":{"line":314,"column":8},"end":{"line":314,"column":8}}]},"42":{"line":327,"type":"if","locations":[{"start":{"line":327,"column":37},"end":{"line":327,"column":37}},{"start":{"line":327,"column":37},"end":{"line":327,"column":37}}]},"43":{"line":327,"type":"if","locations":[{"start":{"line":327,"column":50},"end":{"line":327,"column":50}},{"start":{"line":327,"column":50},"end":{"line":327,"column":50}}]},"44":{"line":327,"type":"if","locations":[{"start":{"line":327,"column":64},"end":{"line":327,"column":64}},{"start":{"line":327,"column":64},"end":{"line":327,"column":64}}]},"45":{"line":334,"type":"if","locations":[{"start":{"line":334,"column":66},"end":{"line":334,"column":66}},{"start":{"line":334,"column":66},"end":{"line":334,"column":66}}]},"46":{"line":335,"type":"if","locations":[{"start":{"line":335,"column":8},"end":{"line":335,"column":8}},{"start":{"line":335,"column":8},"end":{"line":335,"column":8}}]},"47":{"line":336,"type":"if","locations":[{"start":{"line":336,"column":8},"end":{"line":336,"column":8}},{"start":{"line":336,"column":8},"end":{"line":336,"column":8}}]},"48":{"line":363,"type":"if","locations":[{"start":{"line":363,"column":15},"end":{"line":363,"column":15}},{"start":{"line":363,"column":15},"end":{"line":363,"column":15}}]},"49":{"line":364,"type":"if","locations":[{"start":{"line":364,"column":8},"end":{"line":364,"column":8}},{"start":{"line":364,"column":8},"end":{"line":364,"column":8}}]},"50":{"line":365,"type":"if","locations":[{"start":{"line":365,"column":8},"end":{"line":365,"column":8}},{"start":{"line":365,"column":8},"end":{"line":365,"column":8}}]},"51":{"line":377,"type":"if","locations":[{"start":{"line":377,"column":68},"end":{"line":377,"column":68}},{"start":{"line":377,"column":68},"end":{"line":377,"column":68}}]},"52":{"line":378,"type":"if","locations":[{"start":{"line":378,"column":8},"end":{"line":378,"column":8}},{"start":{"line":378,"column":8},"end":{"line":378,"column":8}}]},"53":{"line":396,"type":"if","locations":[{"start":{"line":396,"column":15},"end":{"line":396,"column":15}},{"start":{"line":396,"column":15},"end":{"line":396,"column":15}}]},"54":{"line":397,"type":"if","locations":[{"start":{"line":397,"column":8},"end":{"line":397,"column":8}},{"start":{"line":397,"column":8},"end":{"line":397,"column":8}}]},"55":{"line":398,"type":"if","locations":[{"start":{"line":398,"column":8},"end":{"line":398,"column":8}},{"start":{"line":398,"column":8},"end":{"line":398,"column":8}}]},"56":{"line":401,"type":"if","locations":[{"start":{"line":401,"column":8},"end":{"line":401,"column":8}},{"start":{"line":401,"column":8},"end":{"line":401,"column":8}}]},"57":{"line":410,"type":"if","locations":[{"start":{"line":410,"column":30},"end":{"line":410,"column":30}},{"start":{"line":410,"column":30},"end":{"line":410,"column":30}}]},"58":{"line":417,"type":"if","locations":[{"start":{"line":417,"column":32},"end":{"line":417,"column":32}},{"start":{"line":417,"column":32},"end":{"line":417,"column":32}}]},"59":{"line":484,"type":"if","locations":[{"start":{"line":484,"column":49},"end":{"line":484,"column":49}},{"start":{"line":484,"column":53},"end":{"line":484,"column":53}}]},"60":{"line":501,"type":"if","locations":[{"start":{"line":501,"column":79},"end":{"line":501,"column":79}},{"start":{"line":501,"column":79},"end":{"line":501,"column":79}}]},"61":{"line":501,"type":"if","locations":[{"start":{"line":501,"column":92},"end":{"line":501,"column":92}},{"start":{"line":501,"column":92},"end":{"line":501,"column":92}}]},"62":{"line":502,"type":"if","locations":[{"start":{"line":502,"column":8},"end":{"line":502,"column":8}},{"start":{"line":502,"column":8},"end":{"line":502,"column":8}}]},"63":{"line":503,"type":"if","locations":[{"start":{"line":503,"column":8},"end":{"line":503,"column":8}},{"start":{"line":503,"column":8},"end":{"line":503,"column":8}}]},"64":{"line":504,"type":"if","locations":[{"start":{"line":504,"column":8},"end":{"line":504,"column":8}},{"start":{"line":504,"column":8},"end":{"line":504,"column":8}}]},"65":{"line":505,"type":"if","locations":[{"start":{"line":505,"column":8},"end":{"line":505,"column":8}},{"start":{"line":505,"column":8},"end":{"line":505,"column":8}}]},"66":{"line":508,"type":"if","locations":[{"start":{"line":508,"column":8},"end":{"line":508,"column":8}},{"start":{"line":508,"column":8},"end":{"line":508,"column":8}}]},"67":{"line":523,"type":"if","locations":[{"start":{"line":523,"column":48},"end":{"line":523,"column":48}},{"start":{"line":523,"column":48},"end":{"line":523,"column":48}}]},"68":{"line":523,"type":"if","locations":[{"start":{"line":523,"column":61},"end":{"line":523,"column":61}},{"start":{"line":523,"column":61},"end":{"line":523,"column":61}}]},"69":{"line":525,"type":"if","locations":[{"start":{"line":525,"column":8},"end":{"line":525,"column":8}},{"start":{"line":525,"column":8},"end":{"line":525,"column":8}}]},"70":{"line":546,"type":"if","locations":[{"start":{"line":546,"column":8},"end":{"line":546,"column":8}},{"start":{"line":546,"column":8},"end":{"line":546,"column":8}}]},"71":{"line":547,"type":"if","locations":[{"start":{"line":547,"column":8},"end":{"line":547,"column":8}},{"start":{"line":547,"column":8},"end":{"line":547,"column":8}}]},"72":{"line":556,"type":"if","locations":[{"start":{"line":556,"column":40},"end":{"line":556,"column":40}},{"start":{"line":556,"column":40},"end":{"line":556,"column":40}}]},"73":{"line":558,"type":"if","locations":[{"start":{"line":558,"column":8},"end":{"line":558,"column":8}},{"start":{"line":558,"column":8},"end":{"line":558,"column":8}}]},"74":{"line":569,"type":"if","locations":[{"start":{"line":569,"column":46},"end":{"line":569,"column":46}},{"start":{"line":569,"column":46},"end":{"line":569,"column":46}}]},"75":{"line":571,"type":"if","locations":[{"start":{"line":571,"column":8},"end":{"line":571,"column":8}},{"start":{"line":571,"column":8},"end":{"line":571,"column":8}}]},"76":{"line":574,"type":"if","locations":[{"start":{"line":574,"column":8},"end":{"line":574,"column":8}},{"start":{"line":574,"column":8},"end":{"line":574,"column":8}}]},"77":{"line":587,"type":"if","locations":[{"start":{"line":587,"column":8},"end":{"line":587,"column":8}},{"start":{"line":587,"column":8},"end":{"line":587,"column":8}}]},"78":{"line":616,"type":"if","locations":[{"start":{"line":616,"column":51},"end":{"line":616,"column":80}},{"start":{"line":616,"column":84},"end":{"line":616,"column":84}}]},"79":{"line":633,"type":"if","locations":[{"start":{"line":633,"column":8},"end":{"line":633,"column":8}},{"start":{"line":633,"column":8},"end":{"line":633,"column":8}}]}}},"contracts\\HalomTimelock.sol":{"l":{},"path":"C:\\Users\\heruf\\Documents\\GitHub\\Halom\\contracts\\HalomTimelock.sol","s":{},"b":{},"f":{"1":43},"fnMap":{"1":{"name":"constructor","line":17,"loc":{"start":{"line":12,"column":4},"end":{"line":17,"column":65}}}},"statementMap":{},"bran
[...]
":12}},{"start":{"line":132,"column":12},"end":{"line":132,"column":12}}]},"22":{"line":138,"type":"if","locations":[{"start":{"line":138,"column":12},"end":{"line":138,"column":12}},{"start":{"line":138,"column":12},"end":{"line":138,"column":12}}]},"23":{"line":147,"type":"if","locations":[{"start":{"line":147,"column":64},"end":{"line":147,"column":64}},{"start":{"line":147,"column":64},"end":{"line":147,"column":64}}]},"24":{"line":155,"type":"if","locations":[{"start":{"line":155,"column":55},"end":{"line":155,"column":55}},{"start":{"line":155,"column":55},"end":{"line":155,"column":55}}]},"25":{"line":156,"type":"if","locations":[{"start":{"line":156,"column":8},"end":{"line":156,"column":8}},{"start":{"line":156,"column":8},"end":{"line":156,"column":8}}]},"26":{"line":157,"type":"if","locations":[{"start":{"line":157,"column":8},"end":{"line":157,"column":8}},{"start":{"line":157,"column":8},"end":{"line":157,"column":8}}]},"27":{"line":174,"type":"if","locations":[{"start":{"line":174,"column":8},"end":{"line":174,"column":8}},{"start":{"line":174,"column":8},"end":{"line":174,"column":8}}]},"28":{"line":176,"type":"if","locations":[{"start":{"line":176,"column":12},"end":{"line":176,"column":12}},{"start":{"line":176,"column":12},"end":{"line":176,"column":12}}]},"29":{"line":183,"type":"if","locations":[{"start":{"line":183,"column":12},"end":{"line":183,"column":12}},{"start":{"line":183,"column":12},"end":{"line":183,"column":12}}]},"30":{"line":195,"type":"if","locations":[{"start":{"line":195,"column":8},"end":{"line":195,"column":8}},{"start":{"line":195,"column":8},"end":{"line":195,"column":8}}]},"31":{"line":199,"type":"if","locations":[{"start":{"line":199,"column":12},"end":{"line":199,"column":12}},{"start":{"line":199,"column":12},"end":{"line":199,"column":12}}]},"32":{"line":211,"type":"if","locations":[{"start":{"line":211,"column":8},"end":{"line":211,"column":8}},{"start":{"line":211,"column":8},"end":{"line":211,"column":8}}]},"33":{"line":212,"type":"if","locations":[{"start":{"line":212,"column":8},"end":{"line":212,"column":8}},{"start":{"line":212,"column":8},"end":{"line":212,"column":8}}]},"34":{"line":213,"type":"if","locations":[{"start":{"line":213,"column":8},"end":{"line":213,"column":8}},{"start":{"line":213,"column":8},"end":{"line":213,"column":8}}]},"35":{"line":216,"type":"if","locations":[{"start":{"line":216,"column":8},"end":{"line":216,"column":8}},{"start":{"line":216,"column":8},"end":{"line":216,"column":8}}]},"36":{"line":217,"type":"if","locations":[{"start":{"line":217,"column":12},"end":{"line":217,"column":12}},{"start":{"line":217,"column":12},"end":{"line":217,"column":12}}]},"37":{"line":218,"type":"if","locations":[{"start":{"line":218,"column":12},"end":{"line":218,"column":12}},{"start":{"line":218,"column":12},"end":{"line":218,"column":12}}]},"38":{"line":249,"type":"if","locations":[{"start":{"line":249,"column":8},"end":{"line":249,"column":8}},{"start":{"line":249,"column":8},"end":{"line":249,"column":8}}]},"39":{"line":254,"type":"if","locations":[{"start":{"line":254,"column":8},"end":{"line":254,"column":8}},{"start":{"line":254,"column":8},"end":{"line":254,"column":8}}]},"40":{"line":255,"type":"if","locations":[{"start":{"line":255,"column":8},"end":{"line":255,"column":8}},{"start":{"line":255,"column":8},"end":{"line":255,"column":8}}]},"41":{"line":262,"type":"if","locations":[{"start":{"line":262,"column":26},"end":{"line":262,"column":26}},{"start":{"line":262,"column":30},"end":{"line":262,"column":67}}]},"42":{"line":266,"type":"if","locations":[{"start":{"line":266,"column":8},"end":{"line":266,"column":8}},{"start":{"line":266,"column":8},"end":{"line":266,"column":8}}]},"43":{"line":271,"type":"if","locations":[{"start":{"line":271,"column":8},"end":{"line":271,"column":8}},{"start":{"line":271,"column":8},"end":{"line":271,"column":8}}]},"44":{"line":276,"type":"if","locations":[{"start":{"line":276,"column":8},"end":{"line":276,"column":8}},{"start":{"line":276,"column":8},"end":{"line":276,"column":8}}]},"45":{"line":277,"type":"if","locations":[{"start":{"line":277,"column":12},"end":{"line":277,"column":12}},{"start":{"line":277,"column":12},"end":{"line":277,"column":12}}]},"46":{"line":286,"type":"if","locations":[{"start":{"line":286,"column":12},"end":{"line":286,"column":12}},{"start":{"line":286,"column":12},"end":{"line":286,"column":12}}]},"47":{"line":305,"type":"if","locations":[{"start":{"line":305,"column":8},"end":{"line":305,"column":8}},{"start":{"line":305,"column":8},"end":{"line":305,"column":8}}]},"48":{"line":318,"type":"if","locations":[{"start":{"line":318,"column":8},"end":{"line":318,"column":8}},{"start":{"line":318,"column":8},"end":{"line":318,"column":8}}]},"49":{"line":331,"type":"if","locations":[{"start":{"line":331,"column":8},"end":{"line":331,"column":8}},{"start":{"line":331,"column":8},"end":{"line":331,"column":8}}]},"50":{"line":340,"type":"if","locations":[{"start":{"line":340,"column":12},"end":{"line":340,"column":12}},{"start":{"line":340,"column":12},"end":{"line":340,"column":12}}]}}},"contracts\\HalomTreasury.sol":{"l":{"75":86,"76":86,"77":86,"79":86,"80":86,"81":86,"84":86,"85":86,"86":86,"87":86,"94":0,"95":0,"96":0,"98":0,"99":0,"100":0,"102":0,"109":3,"110":3,"115":3,"122":1,"123":1,"125":1,"126":0,"129":1,"136":0,"137":0,"140":0,"141":0,"143":0,"154":0,"155":0,"156":0,"158":0,"159":0,"160":0,"161":0,"165":0,"167":0,"174":0,"176":0,"177":0,"179":0,"190":3,"191":2,"192":2,"194":2,"195":2,"196":2,"198":2,"209":2,"213":1,"214":0,"215":0,"217":0,"218":0,"219":0,"221":0,"228":0,"229":0,"231":0,"232":0,"234":0,"248":2,"249":1,"251":1,"252":1,"259":2,"266":1,"273":0,"286":0,"303":0},"path":"C:\\Users\\heruf\\Documents\\GitHub\\Halom\\contracts\\HalomTreasury.sol","s":{"1":86,"2":86,"3":86,"4":86,"5":86,"6":86,"7":86,"8":0,"9":0,"10":0,"11":0,"12":0,"13":0,"14":3,"15":3,"16":3,"17":1,"18":1,"19":1,"20":1,"21":0,"22":0,"23":0,"24":0,"25":0,"26":0,"27":0,"28":0,"29":0,"30":0,"31":0,"32":0,"33":0,"34":0,"35":0,"36":3,"37":2,"38":2,"39":2,"40":2,"41":1,"42":0,"43":0,"44":0,"45":0,"46":0,"47":0,"48":2,"49":1,"50":1,"51":1,"52":2,"53":1,"54":0,"55":0,"56":0},"b":{"1":[86,0],"2":[86,0],"3":[86,0],"4":[0,0],"5":[3,0],"6":[3,0],"7":[3,0],"8":[1,0],"9":[1,0],"10":[1,0],"11":[0,1],"12":[0,0],"13":[0,0],"14":[0,0],"15":[0,1],"16":[0,0],"17":[0,0],"18":[0,0],"19":[0,0],"20":[0,0],"21":[0,0],"22":[0,0],"23":[0,0],"24":[3,0],"25":[2,1],"26":[2,0],"27":[2,0],"28":[2,0],"29":[1,1],"30":[0,1],"31":[0,0],"32":[0,0],"33":[0,0],"34":[0,0],"35":[0,0],"36":[2,0],"37":[1,1],"38":[1,0],"39":[2,0],"40":[1,0]},"f":{"1":86,"2":0,"3":3,"4":1,"5":0,"6":0,"7":0,"8":3,"9":2,"10":0,"11":2,"12":2,"13":1,"14":0,"15":0,"16":0},"fnMap":{"1":{"name":"constructor","line":70,"loc":{"start":{"line":70,"column":4},"end":{"line":88,"column":4}}},"2":{"name":"fourthRoot","line":93,"loc":{"start":{"line":93,"column":4},"end":{"line":103,"column":4}}},"3":{"name":"collectFees","line":108,"loc":{"start":{"line":108,"column":4},"end":{"line":116,"column":4}}},"4":{"name":"distributeFees","line":121,"loc":{"start":{"line":121,"column":4},"end":{"line":130,"column":4}}},"5":{"name":"claimFeeRewards","line":135,"loc":{"start":{"line":135,"column":4},"end":{"line":144,"column":4}}},"6":{"name":"withdrawTreasuryFunds","line":153,"loc":{"start":{"line":149,"column":4},"end":{"line":168,"column":4}}},"7":{"name":"updateFeeRate","line":173,"loc":{"start":{"line":173,"column":4},"end":{"line":180,"column":4}}},"8":{"name":"updateFeeDistributionAddresses","line":189,"loc":{"start":{"line":185,"column":4},"end":{"line":199,"column":4}}},"9":{"name":"updateFeePercentages","line":208,"loc":{"start":{"line":204,"column":4},"end":{"line":222,"column":4}}},"10":{"name":"updateWithdrawalParameters","line":227,"loc":{"start":{"line":227,"column":4},"end":{"line":235,"column":4}}},"11":{"name":"emergencyRecovery","line":247,"loc":{"start":{"line":243,"column":4},"end":{"line":253,"column":4}}},"12":{"name":"pause","line":258,"loc":{"start":{"line":258,"column":4},"end":{"line":260,"column":4}}},"13":{"name":"unpause","line":265,"loc":{"start":{"line":265,"column":4},"end":{"line":267,"column":4}}},"14":{"name":"getPendingFeeRewards","line":272,"loc":{"start":{"line":272,"column":4},"end":{"line":274,"column":4}}},"15":{"name":"getTreasuryInfo","line":279,"loc":{"start":{"line":279,"column":4},"end":{"line":293,"column":4}}},"16":{"name":"getUserFeeInfo","line":298,"loc":{"start":{"line":298,"column":4},"end":{"line":308,"column":4}}}},"statementMap":{"1":{"start":{"line":75,"column":8},"end":{"line":75,"column":72}},"2":{"start":{"line":76,"column":8},"end":{"line":76,"column":70}},"3":{"start":{"line":77,"column":8},"end":{"line":77,"column":74}},"4":{"start":{"line":84,"column":8},"end":{"line":84,"column":51}},"5":{"start":{"line":85,"column":8},"end":{"line":85,"column":46}},"6":{"start":{"line":86,"column":8},"end":{"line":86,"column":52}},"7":{"start":{"line":87,"column":8},"end":{"line":87,"column":44}},"8":{"start":{"line":94,"column":8},"end":{"line":94,"column":28}},"9":{"start":{"line":94,"column":20},"end":{"line":94,"column":28}},"10":{"start":{"line":95,"column":8},"end":{"line":95,"column":21}},"11":{"start":{"line":96,"column":8},"end":{"line":96,"column":31}},"12":{"start":{"line":98,"column":8},"end":{"line":98,"column":4288}},"13":{"start":{"line":102,"column":8},"end":{"line":102,"column":16}},"14":{"start":{"line":109,"column":8},"end":{"line":109,"column":71}},"15":{"start":{"line":110,"column":8},"end":{"line":110,"column":52}},"16":{"start":{"line":115,"column":8},"end":{"line":115,"column":44}},"17":{"start":{"line":122,"column":8},"end":{"line":122,"column":60}},"18":{"start":{"line":123,"column":8},"end":{"line":123,"column":95}},"19":{"start":{"line":125,"column":8},"end":{"line":125,"column":5339}},"20":{"start":{"line":129,"column":8},"end":{"line":129,"column":48}},"21":{"start":{"line":136,"column":8},"end":{"line":136,"column":109}},"22":{"start":{"line":137,"column":8},"end":{"line":137,"column":50}},"23":{"start":{"line":140,"column":8},"end":{"line":140,"column":79}},"24":{"start":{"line":143,"column":8},"end":{"line":143,"column":48}},"25":{"start":{"line":154,"column":8},"end":{"line":154,"column":68}},"26":{"start":{"line":155,"column":8},"end":{"line":155,"column":60}},"27":{"start":{"line":156,"column":8},"end":{"line":156,"column":95}},"28":{"start":{"line":158,"column":8},"end":{"line":158,"column":6631}},"29":{"start":{"line":159,"column":12},"end":{"line":159,"column":87}},"30":{"start":{"line":160,"column":12},"end":{"line":160,"column":114}},"31":{"start":{"line":165,"column":8},"end":{"line":165,"column":72}},"32":{"start":{"line":167,"column":8},"end":{"line":167,"column":57}},"33":{"start":{"line":174,"column":8},"end":{"line":174,"column":94}},"34":{"start":{"line":176,"column":8},"end":{"line":176,"column":33}},"35":{"start":{"line":179,"column":8},"end":{"line":179,"column":46}},"36":{"start":{"line":190,"column":8},"end":{"line":190,"column":79}},"37":{"start":{"line":191,"column":8},"end":{"line":191,"column":84}},"38":{"start":{"line":192,"column":8},"end":{"line":192,"column":86}},"39":{"start":{"line":198,"column":8},"end":{"line":198,"column":91}},"40":{"start":{"line":209,"column":8},"end":{"line":209,"column":8612}},"41":{"start":{"line":213,"column":8},"end":{"line":213,"column":83}},"42":{"start":{"line":214,"column":8},"end":{"line":214,"column":88}},"43":{"start":{"line":215,"column":8},"end":{"line":215,"column":90}},"44":{"start":{"line":221,"column":8},"end":{"line":221,"column":99}},"45":{"start":{"line":228,"column":8},"end":{"line":228,"column":67}},"46":{"start":{"line":229,"column":8},"end":{"line":229,"column":56}},"47":{"start":{"line":234,"column":8},"end":{"line":234,"column":63}},"48":{"start":{"line":248,"column":8},"end":{"line":248,"column":67}},"49":{"start":{"line":249,"column":8},"end":{"line":249,"column":54}},"50":{"start":{"line":251,"column":8},"end":{"line":251,"column":48}},"51":{"start":{"line":252,"column":8},"end":{"line":252,"column":52}},"52":{"start":{"line":259,"column":8},"end":{"line":259,"column":15}},"53":{"start":{"line":266,"column":8},"end":{"line":266,"column":17}},"54":{"start":{"line":273,"column":8},"end":{"line":273,"column":88}},"55":{"start":{"line":286,"column":8},"end":{"line":286,"column":11313}},"56":{"start":{"line":303,"column":8},"end":{"line":303,"column":11788}}},"branchMap":{"1":{"line":75,"type":"if","locations":[{"start":{"line":75,"column":8},"end":{"line":75,"column":8}},{"start":{"line":75,"column":8},"end":{"line":75,"column":8}}]},"2":{"line":76,"type":"if","locations":[{"start":{"line":76,"column":8},"end":{"line":76,"column":8}},{"start":{"line":76,"column":8},"end":{"line":76,"column":8}}]},"3":{"line":77,"type":"if","locations":[{"start":{"line":77,"column":8},"end":{"line":77,"column":8}},{"start":{"line":77,"column":8},"end":{"line":77,"column":8}}]},"4":{"line":94,"type":"if","locations":[{"start":{"line":94,"column":8},"end":{"line":94,"column":8}},{"start":{"line":94,"column":8},"end":{"line":94,"column":8}}]},"5":{"line":108,"type":"if","locations":[{"start":{"line":108,"column":66},"end":{"line":108,"column":66}},{"start":{"line":108,"column":66},"end":{"line":108,"column":66}}]},"6":{"line":109,"type":"if","locations":[{"start":{"line":109,"column":8},"end":{"line":109,"column":8}},{"start":{"line":109,"column":8},"end":{"line":109,"column":8}}]},"7":{"line":110,"type":"if","locations":[{"start":{"line":110,"column":8},"end":{"line":110,"column":8}},{"start":{"line":110,"column":8},"end":{"line":110,"column":8}}]},"8":{"line":121,"type":"if","locations":[{"start":{"line":121,"column":54},"end":{"line":121,"column":54}},{"start":{"line":121,"column":54},"end":{"line":121,"column":54}}]},"9":{"line":122,"type":"if","locations":[{"start":{"line":122,"column":8},"end":{"line":122,"column":8}},{"start":{"line":122,"column":8},"end":{"line":122,"column":8}}]},"10":{"line":123,"type":"if","locations":[{"start":{"line":123,"column":8},"end":{"line":123,"column":8}},{"start":{"line":123,"column":8},"end":{"line":123,"column":8}}]},"11":{"line":125,"type":"if","locations":[{"start":{"line":125,"column":8},"end":{"line":125,"column":8}},{"start":{"line":125,"column":8},"end":{"line":125,"column":8}}]},"12":{"line":135,"type":"if","locations":[{"start":{"line":135,"column":40},"end":{"line":135,"column":40}},{"start":{"line":135,"column":40},"end":{"line":135,"column":40}}]},"13":{"line":135,"type":"if","locations":[{"start":{"line":135,"column":53},"end":{"line":135,"column":53}},{"start":{"line":135,"column":53},"end":{"line":135,"column":53}}]},"14":{"line":137,"type":"if","locations":[{"start":{"line":137,"column":8},"end":{"line":137,"column":8}},{"start":{"line":137,"column":8},"end":{"line":137,"column":8}}]},"15":{"line":153,"type":"if","locations":[{"start":{"line":153,"column":15},"end":{"line":153,"column":15}},{"start":{"line":153,"column":15},"end":{"line":153,"column":15}}]},"16":{"line":154,"type":"if","locations":[{"start":{"line":154,"column":8},"end":{"line":154,"column":8}},{"start":{"line":154,"column":8},"end":{"line":154,"column":8}}]},"17":{"line":155,"type":"if","locations":[{"start":{"line":155,"column":8},"end":{"line":155,"column":8}},{"start":{"line":155,"column":8},"end":{"line":155,"column":8}}]},"18":{"line":156,"type":"if","locations":[{"start":{"line":156,"column":8},"end":{"line":156,"column":8}},{"start":{"line":156,"column":8},"end":{"line":156,"column":8}}]},"19":{"line":158,"type":"if","locations":[{"start":{"line":158,"column":8},"end":{"line":158,"column":8}},{"start":{"line":158,"column":8},"end":{"line":158,"column":8}}]},"20":{"line":159,"type":"if","locations":[{"start":{"line":159,"column":12},"end":{"line":159,"column":12}},{"start":{"line":159,"column":12},"end":{"line":159,"column":12}}]},"21":{"line":160,"type":"if","locations":[{"start":{"line":160,"column":12},"end":{"line":160,"column":12}},{"start":{"line":160,"column":12},"end":{"line":160,"column":12}}]},"22":{"line":173,"type":"if","locations":[{"start":{"line":173,"column":54},"end":{"line":173,"column":54}},{"start":{"line":173,"column":54},"end":{"line":173,"column":54}}]},"23":{"line":174,"type":"if","locations":[{"start":{"line":174,"column":8},"end":{"line":174,"column":8}},{"start":{"line":174,"column":8},"end":{"line":174,"column":8}}]},"24":{"line":189,"type":"if","locations":[{"start":{"line":189,"column":15},"end":{"line":189,"column":15}},{"start":{"line":189,"column":15},"end":{"line":189,"column":15}}]},"25":{"line":190,"type":"if","locations":[{"start":{"line":190,"column":8},"end":{"line":190,"column":8}},{"start":{"line":190,"column":8},"end":{"line":190,"column":8}}]},"26":{"line":191,"type":"if","locations":[{"start":{"line":191,"column":8},"end":{"line":191,"column":8}},{"start":{"line":191,"column":8},"end":{"line":191,"column":8}}]},"27":{"line":192,"type":"if","locations":[{"start":{"line":192,"column":8},"end":{"line":192,"column":8}},{"start":{"line":192,"column":8},"end":{"line":192,"column":8}}]},"28":{"line":208,"type":"if","locations":[{"start":{"line":208,"column":15},"end":{"line":208,"column":15}},{"start":{"line":208,"column":15},"end":{"line":208,"column":15}}]},"29":{"line":209,"type":"if","locations":[{"start":{"line":209,"column":8},"end":{"line":209,"column":8}},{"start":{"line":209,"column":8},"end":{"line":209,"column":8}}]},"30":{"line":213,"type":"if","locations":[{"start":{"line":213,"column":8},"end":{"line":213,"column":8}},{"start":{"line":213,"column":8},"end":{"line":213,"column":8}}]},"31":{"line":214,"type":"if","locations":[{"start":{"line":214,"column":8},"end":{"line":214,"column":8}},{"start":{"line":214,"column":8},"end":{"line":214,"column":8}}]},"32":{"line":215,"type":"if","locations":[{"start":{"line":215,"column":8},"end":{"line":215,"column":8}},{"start":{"line":215,"column":8},"end":{"line":215,"column":8}}]},"33":{"line":227,"type":"if","locations":[{"start":{"line":227,"column":88},"end":{"line":227,"column":88}},{"start":{"line":227,"column":88},"end":{"line":227,"column":88}}]},"34":{"line":228,"type":"if","locations":[{"start":{"line":228,"column":8},"end":{"line":228,"column":8}},{"start":{"line":228,"column":8},"end":{"line":228,"column":8}}]},"35":{"line":229,"type":"if","locations":[{"start":{"line":229,"column":8},"end":{"line":229,"column":8}},{"start":{"line":229,"column":8},"end":{"line":229,"column":8}}]},"36":{"line":247,"type":"if","locations":[{"start":{"line":247,"column":15},"end":{"line":247,"column":15}},{"start":{"line":247,"column":15},"end":{"line":247,"column":15}}]},"37":{"line":248,"type":"if","locations":[{"start":{"line":248,"column":8},"end":{"line":248,"column":8}},{"start":{"line":248,"column":8},"end":{"line":248,"column":8}}]},"38":{"line":249,"type":"if","locations":[{"start":{"line":249,"column":8},"end":{"line":249,"column":8}},{"start":{"line":249,"column":8},"end":{"line":249,"column":8}}]},"39":{"line":258,"type":"if","locations":[{"start":{"line":258,"column":30},"end":{"line":258,"column":30}},{"start":{"line":258,"column":30},"end":{"line":258,"column":30}}]},"40":{"line":265,"type":"if","locations":[{"start":{"line":265,"column":32},"end":{"line":265,"column":32}},{"start":{"line":265,"column":32},"end":{"line":265,"column":32}}]}}},"contracts\\interfaces\\IHalomInterfaces.sol":{"l":{},"path":"C:\\Users\\heruf\\Documents\\GitHub\\Halom\\contracts\\interfaces\\IHalomInterfaces.sol","s":{},"b":{},"f":{},"fnMap":{},"statementMap":{},"branchMap":{}},"contracts\\test\\MockERC20.sol":{"l":{"9":40},"path":"C:\\Users\\heruf\\Documents\\GitHub\\Halom\\contracts\\test\\MockERC20.sol","s":{"1":40},"b":{},"f":{"1":40},"fnMap":{"1":{"name":"constructor","line":8,"loc":{"start":{"line":8,"column":4},"end":{"line":10,"column":4}}}},"statementMap":{"1":{"start":{"line":9,"column":8},"end":{"line":9,"column":39}}},"branchMap":{}}}