TN:
SF:C:\Users\heruf\Documents\GitHub\Halom\contracts\HalomGovernor.sol
FN:85,constructor
FN:94,onlyEmergency
FN:99,whenNotPausedGovernor
FN:111,setVotingParams
FN:126,setEmergencyMode
FN:133,lockTokens
FN:139,unlockTokens
FN:148,delegate
FN:167,revokeDelegation
FN:183,_getVotingPower
FN:195,votingDelay
FN:198,votingPeriod
FN:201,proposalThreshold
FN:204,quorum
FN:207,state
FN:215,propose
FN:218,_cancel
FN:226,_executor
FN:229,_queueOperations
FN:238,_executeOperations
FN:247,proposalNeedsQueuing
FN:250,supportsInterface
FN:255,emergencyPause
FN:259,emergencyUnpause
FN:265,getVotingPower
FN:268,getDelegators
FN:271,getDelegate
FN:274,isEmergency
FN:277,getLocked
FN:280,getLockStart
FN:289,execute
FNF:31
FNH:28
FNDA:116,constructor
FNDA:6,onlyEmergency
FNDA:11,whenNotPausedGovernor
FNDA:11,setVotingParams
FNDA:7,setEmergencyMode
FNDA:11,lockTokens
FNDA:5,unlockTokens
FNDA:11,delegate
FNDA:3,revokeDelegation
FNDA:5,_getVotingPower
FNDA:8,votingDelay
FNDA:8,votingPeriod
FNDA:11,proposalThreshold
FNDA:12,quorum
FNDA:40,state
FNDA:10,propose
FNDA:0,_cancel
FNDA:6,_executor
FNDA:2,_queueOperations
FNDA:2,_executeOperations
FNDA:0,proposalNeedsQueuing
FNDA:0,supportsInterface
FNDA:2,emergencyPause
FNDA:2,emergencyUnpause
FNDA:5,getVotingPower
FNDA:6,getDelegators
FNDA:6,getDelegate
FNDA:4,isEmergency
FNDA:4,getLocked
FNDA:2,getLockStart
FNDA:2,execute
DA:87,116
DA:88,116
DA:89,116
DA:90,116
DA:91,116
DA:95,6
DA:96,4
DA:100,11
DA:101,10
DA:112,11
DA:113,9
DA:114,7
DA:115,6
DA:116,4
DA:117,3
DA:118,3
DA:119,3
DA:120,3
DA:121,3
DA:122,3
DA:127,7
DA:128,7
DA:129,7
DA:134,11
DA:135,9
DA:136,9
DA:137,9
DA:140,5
DA:141,5
DA:142,4
DA:143,2
DA:144,2
DA:149,11
DA:150,7
DA:151,7
DA:153,1
DA:154,1
DA:155,1
DA:156,1
DA:157,1
DA:158,1
DA:161,1
DA:163,7
DA:164,7
DA:165,7
DA:168,3
DA:169,3
DA:170,2
DA:171,2
DA:172,2
DA:173,2
DA:174,2
DA:175,2
DA:178,2
DA:179,2
DA:184,5
DA:185,5
DA:186,5
DA:187,5
DA:188,3
DA:189,3
DA:191,5
DA:196,8
DA:199,8
DA:202,11
DA:205,12
DA:208,40
DA:216,10
DA:224,0
DA:227,6
DA:236,2
DA:245,2
DA:248,0
DA:251,0
DA:256,2
DA:257,2
DA:260,2
DA:261,2
DA:266,5
DA:269,6
DA:272,6
DA:275,4
DA:278,4
DA:281,2
DA:291,2
DA:292,2
DA:293,2
DA:295,2
LF:88
LH:85
BRDA:95,1,0,2
BRDA:95,1,1,4
BRDA:100,2,0,1
BRDA:100,2,1,10
BRDA:111,3,0,11
BRDA:111,3,1,2
BRDA:112,4,0,2
BRDA:112,4,1,9
BRDA:113,5,0,2
BRDA:113,5,1,7
BRDA:114,6,0,1
BRDA:114,6,1,6
BRDA:115,7,0,2
BRDA:115,7,1,4
BRDA:116,8,0,1
BRDA:116,8,1,3
BRDA:126,9,0,7
BRDA:126,9,1,2
BRDA:128,10,0,5
BRDA:128,10,1,2
BRDA:133,11,0,11
BRDA:133,11,1,1
BRDA:134,12,0,2
BRDA:134,12,1,9
BRDA:141,13,0,1
BRDA:141,13,1,4
BRDA:142,14,0,2
BRDA:142,14,1,2
BRDA:148,15,0,13
BRDA:148,15,1,1
BRDA:148,16,0,11
BRDA:148,16,1,2
BRDA:149,17,0,4
BRDA:149,17,1,7
BRDA:149,18,0,2
BRDA:149,18,1,2
BRDA:151,19,0,1
BRDA:151,19,1,6
BRDA:155,20,0,1
BRDA:155,20,1,0
BRDA:169,21,0,1
BRDA:169,21,1,2
BRDA:172,22,0,2
BRDA:172,22,1,0
BRDA:187,23,0,3
BRDA:187,23,1,2
BRDA:191,24,0,1
BRDA:191,24,1,4
BRDA:215,25,0,10
BRDA:215,25,1,1
BRDA:255,26,0,2
BRDA:255,26,1,1
BRDA:259,27,0,2
BRDA:259,27,1,1
BRDA:289,28,0,2
BRDA:289,28,1,0
BRDA:291,29,0,2
BRDA:291,29,1,0
BRDA:292,30,0,2
BRDA:292,30,1,0
BRDA:293,31,0,2
BRDA:293,31,1,0
BRF:62
BRH:56
end_of_record
TN:
SF:C:\Users\heruf\Documents\GitHub\Halom\contracts\HalomLPStaking.sol
FN:68,constructor
FN:89,onlyLPAdmin
FN:94,onlyRewardManager
FN:99,onlyEmergency
FN:104,whenNotPausedStaking
FN:109,whenLPPoolActive
FN:114,stakeLP
FN:143,unstakeLP
FN:172,claimLPReward
FN:189,compoundLPReward
FN:206,setLPRewardRate
FN:212,setLPPoolActive
FN:216,emergencyPause
FN:221,emergencyUnpause
FN:226,_updateLPPool
FN:239,_calculatePendingLPReward
FN:255,getPendingLPReward
FN:259,getLPStakerInfo
FN:263,getLPPoolInfo
FN:267,supportsInterface
FN:272,stake
FN:276,unstake
FN:280,addRewards
FN:289,fourthRoot
FN:293,getGovernancePower
FN:299,getPendingRewardsForUser
FN:303,stakedBalance
FN:307,emergencyRecovery
FN:313,REWARDER_ROLE
FN:317,GOVERNOR_ROLE
FNF:30
FNH:20
FNDA:31,constructor
FNDA:2,onlyLPAdmin
FNDA:6,onlyRewardManager
FNDA:3,onlyEmergency
FNDA:11,whenNotPausedStaking
FNDA:10,whenLPPoolActive
FNDA:8,stakeLP
FNDA:0,unstakeLP
FNDA:0,claimLPReward
FNDA:1,compoundLPReward
FNDA:1,setLPRewardRate
FNDA:2,setLPPoolActive
FNDA:1,emergencyPause
FNDA:1,emergencyUnpause
FNDA:10,_updateLPPool
FNDA:12,_calculatePendingLPReward
FNDA:0,getPendingLPReward
FNDA:0,getLPStakerInfo
FNDA:0,getLPPoolInfo
FNDA:0,supportsInterface
FNDA:0,stake
FNDA:0,unstake
FNDA:4,addRewards
FNDA:1,fourthRoot
FNDA:1,getGovernancePower
FNDA:3,getPendingRewardsForUser
FNDA:4,stakedBalance
FNDA:1,emergencyRecovery
FNDA:0,REWARDER_ROLE
FNDA:0,GOVERNOR_ROLE
DA:69,31
DA:71,31
DA:72,31
DA:74,31
DA:75,31
DA:76,31
DA:77,31
DA:79,31
DA:90,2
DA:91,2
DA:95,6
DA:96,5
DA:100,3
DA:101,3
DA:105,11
DA:106,10
DA:110,10
DA:111,9
DA:115,8
DA:116,8
DA:118,8
DA:120,8
DA:121,8
DA:123,8
DA:124,0
DA:127,8
DA:128,8
DA:130,8
DA:131,8
DA:132,8
DA:133,8
DA:134,8
DA:136,8
DA:138,8
DA:140,8
DA:144,0
DA:146,0
DA:147,0
DA:148,0
DA:150,0
DA:152,0
DA:153,0
DA:154,0
DA:157,0
DA:158,0
DA:160,0
DA:161,0
DA:162,0
DA:165,0
DA:167,0
DA:169,0
DA:173,0
DA:175,0
DA:176,0
DA:178,0
DA:179,0
DA:180,0
DA:182,0
DA:184,0
DA:186,0
DA:190,1
DA:192,1
DA:193,1
DA:195,1
DA:196,1
DA:197,1
DA:198,1
DA:200,1
DA:201,1
DA:203,1
DA:207,1
DA:208,1
DA:209,1
DA:213,2
DA:217,1
DA:218,1
DA:222,1
DA:223,1
DA:227,10
DA:228,10
DA:230,10
DA:231,2
DA:232,2
DA:233,2
DA:236,10
DA:240,12
DA:241,12
DA:243,4
DA:244,4
DA:246,4
DA:247,3
DA:248,3
DA:249,3
DA:252,4
DA:256,0
DA:260,0
DA:264,0
DA:268,0
DA:273,0
DA:277,0
DA:281,4
DA:283,4
DA:284,3
DA:286,3
DA:290,1
DA:294,1
DA:295,1
DA:296,1
DA:300,3
DA:304,4
DA:308,1
DA:309,1
DA:314,0
DA:318,0
LF:114
LH:80
BRDA:69,1,0,0
BRDA:69,1,1,31
BRDA:69,2,0,0
BRDA:69,2,1,0
BRDA:69,3,0,0
BRDA:69,3,1,0
BRDA:90,4,0,0
BRDA:90,4,1,2
BRDA:95,5,0,1
BRDA:95,5,1,5
BRDA:100,6,0,0
BRDA:100,6,1,3
BRDA:105,7,0,1
BRDA:105,7,1,10
BRDA:110,8,0,1
BRDA:110,8,1,9
BRDA:114,9,0,9
BRDA:114,9,1,1
BRDA:114,10,0,8
BRDA:114,10,1,1
BRDA:114,11,0,8
BRDA:114,11,1,0
BRDA:115,12,0,0
BRDA:115,12,1,8
BRDA:116,13,0,0
BRDA:116,13,1,8
BRDA:116,14,0,0
BRDA:116,14,1,0
BRDA:123,15,0,0
BRDA:123,15,1,8
BRDA:143,16,0,0
BRDA:143,16,1,0
BRDA:143,17,0,0
BRDA:143,17,1,0
BRDA:144,18,0,0
BRDA:144,18,1,0
BRDA:147,19,0,0
BRDA:147,19,1,0
BRDA:148,20,0,0
BRDA:148,20,1,0
BRDA:153,21,0,0
BRDA:153,21,1,0
BRDA:160,22,0,0
BRDA:160,22,1,0
BRDA:172,23,0,0
BRDA:172,23,1,0
BRDA:172,24,0,0
BRDA:172,24,1,0
BRDA:176,25,0,0
BRDA:176,25,1,0
BRDA:189,26,0,1
BRDA:189,26,1,0
BRDA:189,27,0,1
BRDA:189,27,1,0
BRDA:189,28,0,1
BRDA:189,28,1,0
BRDA:193,29,0,0
BRDA:193,29,1,1
BRDA:206,30,0,1
BRDA:206,30,1,0
BRDA:212,31,0,2
BRDA:212,31,1,0
BRDA:216,32,0,1
BRDA:216,32,1,0
BRDA:221,33,0,1
BRDA:221,33,1,0
BRDA:228,34,0,0
BRDA:228,34,1,10
BRDA:230,35,0,2
BRDA:230,35,1,8
BRDA:241,36,0,8
BRDA:241,36,1,4
BRDA:246,37,0,3
BRDA:246,37,1,1
BRDA:280,38,0,4
BRDA:280,38,1,1
BRDA:281,39,0,0
BRDA:281,39,1,4
BRDA:295,40,0,0
BRDA:295,40,1,1
BRDA:307,41,0,1
BRDA:307,41,1,0
BRDA:308,42,0,0
BRDA:308,42,1,1
BRF:84
BRH:38
end_of_record
TN:
SF:C:\Users\heruf\Documents\GitHub\Halom\contracts\HalomOracle.sol
FN:26,constructor
FN:33,pause
FN:37,unpause
FN:41,setHalomToken
FN:46,setHOI
FN:85,_calculateDeviation
FNF:6
FNH:5
FNDA:116,constructor
FNDA:4,pause
FNDA:2,unpause
FNDA:14,setHalomToken
FNDA:8,setHOI
FNDA:0,_calculateDeviation
DA:27,116
DA:28,116
DA:29,116
DA:34,4
DA:38,2
DA:42,14
DA:43,14
DA:47,8
DA:48,8
DA:49,8
DA:52,6
DA:55,6
DA:56,0
DA:57,0
DA:61,6
DA:62,6
DA:63,6
DA:66,6
DA:67,6
DA:69,6
DA:71,0
DA:72,0
DA:74,6
DA:78,6
DA:79,0
DA:82,6
DA:86,0
DA:87,0
DA:88,0
LF:29
LH:21
BRDA:33,1,0,4
BRDA:33,1,1,1
BRDA:37,2,0,2
BRDA:37,2,1,1
BRDA:41,3,0,14
BRDA:41,3,1,0
BRDA:42,4,0,14
BRDA:42,4,1,0
BRDA:46,5,0,9
BRDA:46,5,1,2
BRDA:46,6,0,8
BRDA:46,6,1,1
BRDA:46,7,0,8
BRDA:46,7,1,0
BRDA:47,8,0,8
BRDA:47,8,1,0
BRDA:48,9,0,8
BRDA:48,9,1,0
BRDA:49,10,0,6
BRDA:49,10,1,2
BRDA:52,11,0,6
BRDA:52,11,1,0
BRDA:55,12,0,0
BRDA:55,12,1,6
BRDA:57,13,0,0
BRDA:57,13,1,0
BRDA:69,14,0,0
BRDA:69,14,1,6
BRDA:78,15,0,0
BRDA:78,15,1,6
BRDA:86,16,0,0
BRDA:86,16,1,0
BRDA:87,17,0,0
BRDA:87,17,1,0
BRF:34
BRH:19
end_of_record
TN:
SF:C:\Users\heruf\Documents\GitHub\Halom\contracts\HalomOracleV2.sol
FN:57,constructor
FN:64,onlyOracle
FN:69,onlyUpdater
FN:74,onlyEmergency
FN:79,whenNotPausedOracle
FN:88,addFeed
FN:104,removeFeed
FN:118,updateOracleData
FN:143,_getOracleData
FN:155,getOracleData
FN:159,getLatestValue
FN:164,isDataStale
FN:178,updateConfig
FN:191,emergencyPause
FN:196,emergencyUnpause
FN:205,batchUpdateOracleData
FN:239,getMultipleOracleData
FN:259,getSupportedFeeds
FNF:18
FNH:1
FNDA:2,constructor
FNDA:0,onlyOracle
FNDA:0,onlyUpdater
FNDA:0,onlyEmergency
FNDA:0,whenNotPausedOracle
FNDA:0,addFeed
FNDA:0,removeFeed
FNDA:0,updateOracleData
FNDA:0,_getOracleData
FNDA:0,getOracleData
FNDA:0,getLatestValue
FNDA:0,isDataStale
FNDA:0,updateConfig
FNDA:0,emergencyPause
FNDA:0,emergencyUnpause
FNDA:0,batchUpdateOracleData
FNDA:0,getMultipleOracleData
FNDA:0,getSupportedFeeds
DA:58,2
DA:59,2
DA:60,2
DA:61,2
DA:65,0
DA:66,0
DA:70,0
DA:71,0
DA:75,0
DA:76,0
DA:80,0
DA:81,0
DA:89,0
DA:90,0
DA:91,0
DA:93,0
DA:94,0
DA:101,0
DA:105,0
DA:107,0
DA:108,0
DA:109,0
DA:111,0
DA:119,0
DA:120,0
DA:121,0
DA:123,0
DA:124,0
DA:126,0
DA:127,0
DA:129,0
DA:130,0
DA:133,0
DA:140,0
DA:144,0
DA:146,0
DA:147,0
DA:149,0
DA:150,0
DA:152,0
DA:156,0
DA:160,0
DA:161,0
DA:165,0
DA:167,0
DA:168,0
DA:170,0
DA:171,0
DA:179,0
DA:180,0
DA:181,0
DA:183,0
DA:184,0
DA:185,0
DA:186,0
DA:188,0
DA:192,0
DA:193,0
DA:197,0
DA:198,0
DA:206,0
DA:207,0
DA:209,0
DA:210,0
DA:211,0
DA:212,0
DA:214,0
DA:215,0
DA:216,0
DA:218,0
DA:219,0
DA:221,0
DA:222,0
DA:224,0
DA:225,0
DA:228,0
DA:235,0
DA:240,0
DA:241,0
DA:243,0
DA:244,0
DA:246,0
DA:247,0
DA:248,0
DA:250,0
DA:251,0
DA:256,0
DA:260,0
DA:261,0
DA:263,0
DA:264,0
DA:265,0
DA:266,0
DA:267,0
DA:271,0
DA:272,0
DA:273,0
DA:276,0
LF:98
LH:4
BRDA:65,1,0,0
BRDA:65,1,1,0
BRDA:70,2,0,0
BRDA:70,2,1,0
BRDA:75,3,0,0
BRDA:75,3,1,0
BRDA:80,4,0,0
BRDA:80,4,1,0
BRDA:88,5,0,0
BRDA:88,5,1,0
BRDA:89,6,0,0
BRDA:89,6,1,0
BRDA:90,7,0,0
BRDA:90,7,1,0
BRDA:90,8,0,0
BRDA:90,8,1,0
BRDA:91,9,0,0
BRDA:91,9,1,0
BRDA:104,10,0,0
BRDA:104,10,1,0
BRDA:105,11,0,0
BRDA:105,11,1,0
BRDA:118,12,0,0
BRDA:118,12,1,0
BRDA:118,13,0,0
BRDA:118,13,1,0
BRDA:118,14,0,0
BRDA:118,14,1,0
BRDA:119,15,0,0
BRDA:119,15,1,0
BRDA:120,16,0,0
BRDA:120,16,1,0
BRDA:121,17,0,0
BRDA:121,17,1,0
BRDA:126,18,0,0
BRDA:126,18,1,0
BRDA:127,19,0,0
BRDA:127,19,1,0
BRDA:130,20,0,0
BRDA:130,20,1,0
BRDA:144,21,0,0
BRDA:144,21,1,0
BRDA:147,22,0,0
BRDA:147,22,1,0
BRDA:150,23,0,0
BRDA:150,23,1,0
BRDA:165,24,0,0
BRDA:165,24,1,0
BRDA:168,25,0,0
BRDA:168,25,1,0
BRDA:178,26,0,0
BRDA:178,26,1,0
BRDA:179,27,0,0
BRDA:179,27,1,0
BRDA:180,28,0,0
BRDA:180,28,1,0
BRDA:180,29,0,0
BRDA:180,29,1,0
BRDA:181,30,0,0
BRDA:181,30,1,0
BRDA:191,31,0,0
BRDA:191,31,1,0
BRDA:196,32,0,0
BRDA:196,32,1,0
BRDA:205,33,0,0
BRDA:205,33,1,0
BRDA:205,34,0,0
BRDA:205,34,1,0
BRDA:205,35,0,0
BRDA:205,35,1,0
BRDA:207,36,0,0
BRDA:207,36,1,0
BRDA:207,37,0,0
BRDA:207,37,1,0
BRDA:214,38,0,0
BRDA:214,38,1,0
BRDA:215,39,0,0
BRDA:215,39,1,0
BRDA:216,40,0,0
BRDA:216,40,1,0
BRDA:221,41,0,0
BRDA:221,41,1,0
BRDA:222,42,0,0
BRDA:222,42,1,0
BRDA:225,43,0,0
BRDA:225,43,1,0
BRDA:246,44,0,0
BRDA:246,44,1,0
BRDA:250,45,0,0
BRDA:250,45,1,0
BRDA:265,46,0,0
BRDA:265,46,1,0
BRF:92
BRH:0
end_of_record
TN:
SF:C:\Users\heruf\Documents\GitHub\Halom\contracts\HalomOracleV3.sol
FN:88,constructor
FN:96,onlyOracle
FN:101,onlyUpdater
FN:106,onlyEmergency
FN:111,onlyAggregator
FN:116,whenNotPausedOracle
FN:126,addFeed
FN:145,removeFeed
FN:161,updateOracleData
FN:191,aggregateFeeds
FN:259,_getOracleData
FN:271,getOracleData
FN:275,getLatestValue
FN:280,getAggregatedValue
FN:286,getAggregatedData
FN:290,isDataStale
FN:305,updateConfig
FN:320,setFeedActive
FN:325,setFallbackValue
FN:332,deactivateFallback
FN:342,batchUpdateOracleData
FN:382,getMultipleOracleData
FN:402,getSupportedFeeds
FN:422,emergencyPause
FN:427,emergencyUnpause
FNF:25
FNH:0
FNDA:0,constructor
FNDA:0,onlyOracle
FNDA:0,onlyUpdater
FNDA:0,onlyEmergency
FNDA:0,onlyAggregator
FNDA:0,whenNotPausedOracle
FNDA:0,addFeed
FNDA:0,removeFeed
FNDA:0,updateOracleData
FNDA:0,aggregateFeeds
FNDA:0,_getOracleData
FNDA:0,getOracleData
FNDA:0,getLatestValue
FNDA:0,getAggregatedValue
FNDA:0,getAggregatedData
FNDA:0,isDataStale
FNDA:0,updateConfig
FNDA:0,setFeedActive
FNDA:0,setFallbackValue
FNDA:0,deactivateFallback
FNDA:0,batchUpdateOracleData
FNDA:0,getMultipleOracleData
FNDA:0,getSupportedFeeds
FNDA:0,emergencyPause
FNDA:0,emergencyUnpause
DA:89,0
DA:90,0
DA:91,0
DA:92,0
DA:93,0
DA:97,0
DA:98,0
DA:102,0
DA:103,0
DA:107,0
DA:108,0
DA:112,0
DA:113,0
DA:117,0
DA:118,0
DA:127,0
DA:128,0
DA:129,0
DA:130,0
DA:132,0
DA:133,0
DA:142,0
DA:146,0
DA:148,0
DA:149,0
DA:150,0
DA:151,0
DA:153,0
DA:162,0
DA:163,0
DA:164,0
DA:165,0
DA:167,0
DA:168,0
DA:170,0
DA:172,0
DA:173,0
DA:175,0
DA:176,0
DA:179,0
DA:188,0
DA:192,0
DA:193,0
DA:194,0
DA:195,0
DA:196,0
DA:198,0
DA:199,0
DA:201,0
DA:203,0
DA:204,0
DA:206,0
DA:207,0
DA:210,0
DA:213,0
DA:216,0
DA:217,0
DA:218,0
DA:219,0
DA:221,0
DA:222,0
DA:226,0
DA:228,0
DA:229,0
DA:237,0
DA:239,0
DA:243,0
DA:244,0
DA:246,0
DA:255,0
DA:260,0
DA:262,0
DA:263,0
DA:265,0
DA:266,0
DA:268,0
DA:272,0
DA:276,0
DA:277,0
DA:281,0
DA:282,0
DA:283,0
DA:287,0
DA:291,0
DA:293,0
DA:294,0
DA:296,0
DA:297,0
DA:306,0
DA:307,0
DA:308,0
DA:309,0
DA:311,0
DA:312,0
DA:313,0
DA:314,0
DA:315,0
DA:317,0
DA:321,0
DA:322,0
DA:326,0
DA:327,0
DA:328,0
DA:329,0
DA:333,0
DA:334,0
DA:343,0
DA:344,0
DA:346,0
DA:347,0
DA:348,0
DA:349,0
DA:350,0
DA:352,0
DA:353,0
DA:354,0
DA:355,0
DA:357,0
DA:358,0
DA:360,0
DA:362,0
DA:363,0
DA:365,0
DA:366,0
DA:369,0
DA:378,0
DA:383,0
DA:384,0
DA:386,0
DA:387,0
DA:389,0
DA:390,0
DA:391,0
DA:393,0
DA:394,0
DA:399,0
DA:403,0
DA:404,0
DA:406,0
DA:407,0
DA:408,0
DA:409,0
DA:410,0
DA:414,0
DA:415,0
DA:416,0
DA:419,0
DA:423,0
DA:424,0
DA:428,0
DA:429,0
LF:151
LH:0
BRDA:97,1,0,0
BRDA:97,1,1,0
BRDA:102,2,0,0
BRDA:102,2,1,0
BRDA:107,3,0,0
BRDA:107,3,1,0
BRDA:112,4,0,0
BRDA:112,4,1,0
BRDA:117,5,0,0
BRDA:117,5,1,0
BRDA:126,6,0,0
BRDA:126,6,1,0
BRDA:127,7,0,0
BRDA:127,7,1,0
BRDA:128,8,0,0
BRDA:128,8,1,0
BRDA:128,9,0,0
BRDA:128,9,1,0
BRDA:129,10,0,0
BRDA:129,10,1,0
BRDA:130,11,0,0
BRDA:130,11,1,0
BRDA:145,12,0,0
BRDA:145,12,1,0
BRDA:146,13,0,0
BRDA:146,13,1,0
BRDA:161,14,0,0
BRDA:161,14,1,0
BRDA:161,15,0,0
BRDA:161,15,1,0
BRDA:161,16,0,0
BRDA:161,16,1,0
BRDA:162,17,0,0
BRDA:162,17,1,0
BRDA:163,18,0,0
BRDA:163,18,1,0
BRDA:164,19,0,0
BRDA:164,19,1,0
BRDA:165,20,0,0
BRDA:165,20,1,0
BRDA:168,21,0,0
BRDA:168,21,1,0
BRDA:172,22,0,0
BRDA:172,22,1,0
BRDA:173,23,0,0
BRDA:173,23,1,0
BRDA:176,24,0,0
BRDA:176,24,1,0
BRDA:191,25,0,0
BRDA:191,25,1,0
BRDA:191,26,0,0
BRDA:191,26,1,0
BRDA:201,27,0,0
BRDA:201,27,1,0
BRDA:204,28,0,0
BRDA:204,28,1,0
BRDA:207,29,0,0
BRDA:207,29,1,0
BRDA:210,30,0,0
BRDA:210,30,1,0
BRDA:213,31,0,0
BRDA:213,31,1,0
BRDA:221,32,0,0
BRDA:221,32,1,0
BRDA:226,33,0,0
BRDA:226,33,1,0
BRDA:228,34,0,0
BRDA:228,34,1,0
BRDA:260,35,0,0
BRDA:260,35,1,0
BRDA:263,36,0,0
BRDA:263,36,1,0
BRDA:266,37,0,0
BRDA:266,37,1,0
BRDA:282,38,0,0
BRDA:282,38,1,0
BRDA:291,39,0,0
BRDA:291,39,1,0
BRDA:294,40,0,0
BRDA:294,40,1,0
BRDA:305,41,0,0
BRDA:305,41,1,0
BRDA:306,42,0,0
BRDA:306,42,1,0
BRDA:307,43,0,0
BRDA:307,43,1,0
BRDA:307,44,0,0
BRDA:307,44,1,0
BRDA:308,45,0,0
BRDA:308,45,1,0
BRDA:309,46,0,0
BRDA:309,46,1,0
BRDA:320,47,0,0
BRDA:320,47,1,0
BRDA:321,48,0,0
BRDA:321,48,1,0
BRDA:325,49,0,0
BRDA:325,49,1,0
BRDA:332,50,0,0
BRDA:332,50,1,0
BRDA:342,51,0,0
BRDA:342,51,1,0
BRDA:342,52,0,0
BRDA:342,52,1,0
BRDA:342,53,0,0
BRDA:342,53,1,0
BRDA:344,54,0,0
BRDA:344,54,1,0
BRDA:344,55,0,0
BRDA:344,55,1,0
BRDA:344,56,0,0
BRDA:344,56,1,0
BRDA:352,57,0,0
BRDA:352,57,1,0
BRDA:353,58,0,0
BRDA:353,58,1,0
BRDA:354,59,0,0
BRDA:354,59,1,0
BRDA:355,60,0,0
BRDA:355,60,1,0
BRDA:358,61,0,0
BRDA:358,61,1,0
BRDA:362,62,0,0
BRDA:362,62,1,0
BRDA:363,63,0,0
BRDA:363,63,1,0
BRDA:366,64,0,0
BRDA:366,64,1,0
BRDA:389,65,0,0
BRDA:389,65,1,0
BRDA:393,66,0,0
BRDA:393,66,1,0
BRDA:408,67,0,0
BRDA:408,67,1,0
BRDA:422,68,0,0
BRDA:422,68,1,0
BRDA:427,69,0,0
BRDA:427,69,1,0
BRF:138
BRH:0
end_of_record
TN:
SF:C:\Users\heruf\Documents\GitHub\Halom\contracts\HalomRoleManager.sol
FN:30,constructor
FN:35,onlyAdmin
FN:40,grantRoles
FN:48,revokeRoles
FN:56,transferRole
FN:64,hasRoleFor
FN:68,onlyEmergency
FNF:7
FNH:1
FNDA:108,constructor
FNDA:0,onlyAdmin
FNDA:0,grantRoles
FNDA:0,revokeRoles
FNDA:0,transferRole
FNDA:0,hasRoleFor
FNDA:0,onlyEmergency
DA:31,108
DA:32,108
DA:36,0
DA:37,0
DA:41,0
DA:42,0
DA:43,0
DA:45,0
DA:49,0
DA:50,0
DA:51,0
DA:53,0
DA:57,0
DA:58,0
DA:59,0
DA:60,0
DA:61,0
DA:65,0
DA:69,0
DA:70,0
LF:20
LH:2
BRDA:36,1,0,0
BRDA:36,1,1,0
BRDA:40,2,0,0
BRDA:40,2,1,0
BRDA:41,3,0,0
BRDA:41,3,1,0
BRDA:48,4,0,0
BRDA:48,4,1,0
BRDA:49,5,0,0
BRDA:49,5,1,0
BRDA:57,6,0,0
BRDA:57,6,1,0
BRDA:58,7,0,0
BRDA:58,7,1,0
BRDA:69,8,0,0
BRDA:69,8,1,0
BRF:16
BRH:0
end_of_record
TN:
SF:C:\Users\heruf\Documents\GitHub\Halom\contracts\HalomStaking.sol
FN:70,constructor
FN:97,onlyStakingAdmin
FN:102,onlyRewardManager
FN:107,onlySlasher
FN:112,onlyEmergency
FN:117,whenNotPausedStaking
FN:122,whenPoolActive
FN:127,stake
FN:156,unstake
FN:185,claimReward
FN:202,compound
FN:219,slash
FN:244,setRewardRate
FN:250,setPoolActive
FN:254,emergencyPause
FN:259,emergencyUnpause
FN:264,_updatePool
FN:277,_calculatePendingReward
FN:293,getPendingReward
FN:297,getStakerInfo
FN:301,getPoolInfo
FN:305,supportsInterface
FN:309,addRewards
FN:318,stakedBalance
FN:322,oracle
FN:326,treasury
FNF:26
FNH:23
FNDA:148,constructor
FNDA:3,onlyStakingAdmin
FNDA:12,onlyRewardManager
FNDA:3,onlySlasher
FNDA:11,onlyEmergency
FNDA:218,whenNotPausedStaking
FNDA:203,whenPoolActive
FNDA:201,stake
FNDA:9,unstake
FNDA:3,claimReward
FNDA:1,compound
FNDA:2,slash
FNDA:1,setRewardRate
FNDA:2,setPoolActive
FNDA:7,emergencyPause
FNDA:2,emergencyUnpause
FNDA:204,_updatePool
FNDA:209,_calculatePendingReward
FNDA:6,getPendingReward
FNDA:0,getStakerInfo
FNDA:0,getPoolInfo
FNDA:0,supportsInterface
FNDA:7,addRewards
FNDA:11,stakedBalance
FNDA:1,oracle
FNDA:1,treasury
DA:75,148
DA:77,148
DA:78,148
DA:80,148
DA:81,148
DA:82,148
DA:83,148
DA:84,148
DA:85,148
DA:87,148
DA:98,3
DA:99,2
DA:103,12
DA:104,8
DA:108,3
DA:109,2
DA:113,11
DA:114,9
DA:118,218
DA:119,215
DA:123,203
DA:124,202
DA:128,201
DA:129,197
DA:131,196
DA:133,196
DA:134,196
DA:136,196
DA:137,2
DA:140,196
DA:141,196
DA:143,196
DA:144,196
DA:145,196
DA:146,196
DA:147,196
DA:149,196
DA:151,196
DA:153,193
DA:157,9
DA:159,9
DA:160,9
DA:161,7
DA:163,3
DA:165,3
DA:166,3
DA:167,3
DA:170,3
DA:171,3
DA:173,3
DA:174,1
DA:175,1
DA:178,3
DA:180,3
DA:182,3
DA:186,3
DA:188,3
DA:189,3
DA:191,2
DA:192,2
DA:193,2
DA:195,2
DA:197,2
DA:199,2
DA:203,1
DA:205,1
DA:206,1
DA:208,1
DA:209,1
DA:210,1
DA:211,1
DA:213,1
DA:214,1
DA:216,1
DA:220,2
DA:222,2
DA:223,2
DA:224,1
DA:227,2
DA:228,2
DA:229,2
DA:231,2
DA:232,1
DA:233,1
DA:236,2
DA:238,2
DA:240,2
DA:245,1
DA:246,1
DA:247,1
DA:251,2
DA:255,7
DA:256,7
DA:260,2
DA:261,2
DA:265,204
DA:266,204
DA:268,204
DA:269,139
DA:270,139
DA:271,139
DA:274,204
DA:278,209
DA:279,209
DA:281,14
DA:282,14
DA:284,14
DA:285,6
DA:286,6
DA:287,6
DA:290,14
DA:294,6
DA:298,0
DA:302,0
DA:306,0
DA:310,7
DA:312,7
DA:313,7
DA:315,7
DA:319,11
DA:323,1
DA:327,1
LF:122
LH:119
BRDA:75,1,0,0
BRDA:75,1,1,148
BRDA:75,2,0,0
BRDA:75,2,1,0
BRDA:98,3,0,1
BRDA:98,3,1,2
BRDA:103,4,0,4
BRDA:103,4,1,8
BRDA:108,5,0,1
BRDA:108,5,1,2
BRDA:113,6,0,2
BRDA:113,6,1,9
BRDA:118,7,0,3
BRDA:118,7,1,215
BRDA:123,8,0,1
BRDA:123,8,1,202
BRDA:127,9,0,202
BRDA:127,9,1,2
BRDA:127,10,0,201
BRDA:127,10,1,1
BRDA:127,11,0,201
BRDA:127,11,1,0
BRDA:128,12,0,4
BRDA:128,12,1,197
BRDA:129,13,0,1
BRDA:129,13,1,196
BRDA:129,14,0,1
BRDA:129,14,1,0
BRDA:136,15,0,2
BRDA:136,15,1,194
BRDA:156,16,0,9
BRDA:156,16,1,1
BRDA:156,17,0,9
BRDA:156,17,1,0
BRDA:157,18,0,0
BRDA:157,18,1,9
BRDA:160,19,0,2
BRDA:160,19,1,7
BRDA:161,20,0,4
BRDA:161,20,1,3
BRDA:166,21,0,3
BRDA:166,21,1,0
BRDA:173,22,0,1
BRDA:173,22,1,2
BRDA:185,23,0,3
BRDA:185,23,1,0
BRDA:185,24,0,3
BRDA:185,24,1,0
BRDA:189,25,0,1
BRDA:189,25,1,2
BRDA:202,26,0,1
BRDA:202,26,1,0
BRDA:202,27,0,1
BRDA:202,27,1,0
BRDA:202,28,0,1
BRDA:202,28,1,0
BRDA:206,29,0,0
BRDA:206,29,1,1
BRDA:219,30,0,2
BRDA:219,30,1,1
BRDA:220,31,0,0
BRDA:220,31,1,2
BRDA:223,32,0,1
BRDA:223,32,1,1
BRDA:227,33,0,2
BRDA:227,33,1,0
BRDA:231,34,0,1
BRDA:231,34,1,1
BRDA:244,35,0,1
BRDA:244,35,1,1
BRDA:250,36,0,2
BRDA:250,36,1,1
BRDA:254,37,0,7
BRDA:254,37,1,1
BRDA:259,38,0,2
BRDA:259,38,1,1
BRDA:266,39,0,0
BRDA:266,39,1,204
BRDA:268,40,0,139
BRDA:268,40,1,65
BRDA:279,41,0,195
BRDA:279,41,1,14
BRDA:284,42,0,6
BRDA:284,42,1,8
BRDA:309,43,0,7
BRDA:309,43,1,3
BRDA:310,44,0,0
BRDA:310,44,1,7
BRF:88
BRH:70
end_of_record
TN:
SF:C:\Users\heruf\Documents\GitHub\Halom\contracts\HalomTimelock.sol
FN:39,constructor
FN:48,setMinDelay
FN:55,emergencyPause
FN:59,emergencyResume
FN:72,queueTransaction
FN:87,executeTransaction
FN:101,cancelTransaction
FN:109,isOperationExpired
FN:113,getMinDelay
FN:116,isEmergency
FNF:10
FNH:8
FNDA:110,constructor
FNDA:3,setMinDelay
FNDA:2,emergencyPause
FNDA:1,emergencyResume
FNDA:6,queueTransaction
FNDA:2,executeTransaction
FNDA:0,cancelTransaction
FNDA:0,isOperationExpired
FNDA:31,getMinDelay
FNDA:2,isEmergency
DA:40,110
DA:41,110
DA:42,110
DA:43,110
DA:44,110
DA:49,3
DA:50,2
DA:51,2
DA:56,2
DA:57,2
DA:60,1
DA:61,1
DA:73,6
DA:74,5
DA:75,4
DA:76,4
DA:77,4
DA:78,4
DA:88,2
DA:89,2
DA:90,2
DA:91,1
DA:92,1
DA:102,0
DA:103,0
DA:104,0
DA:105,0
DA:110,0
DA:111,0
DA:114,31
DA:117,2
LF:31
LH:25
BRDA:40,1,0,0
BRDA:40,1,1,110
BRDA:40,2,0,0
BRDA:40,2,1,0
BRDA:48,3,0,3
BRDA:48,3,1,2
BRDA:49,4,0,1
BRDA:49,4,1,2
BRDA:49,5,0,1
BRDA:49,5,1,0
BRDA:55,6,0,2
BRDA:55,6,1,0
BRDA:59,7,0,1
BRDA:59,7,1,0
BRDA:72,8,0,6
BRDA:72,8,1,2
BRDA:73,9,0,1
BRDA:73,9,1,5
BRDA:74,10,0,1
BRDA:74,10,1,4
BRDA:87,11,0,2
BRDA:87,11,1,0
BRDA:87,12,0,2
BRDA:87,12,1,0
BRDA:88,13,0,0
BRDA:88,13,1,2
BRDA:101,14,0,0
BRDA:101,14,1,0
BRDA:102,15,0,0
BRDA:102,15,1,0
BRF:30
BRH:17
end_of_record
TN:
SF:C:\Users\heruf\Documents\GitHub\Halom\contracts\HalomToken.sol
FN:73,constructor
FN:92,onlyMinter
FN:97,onlyBurner
FN:102,onlyRebaser
FN:107,onlyEmergency
FN:112,onlyRebaseCaller
FN:117,whenNotPausedToken
FN:122,mint
FN:130,burnFrom
FN:137,rebase
FN:160,setStakingContract
FN:165,setRewardRate
FN:170,setAntiWhaleLimits
FN:176,setExcludedFromLimits
FN:181,getRebaseBalance
FN:192,_updateRebaseBalance
FN:204,_update
FN:223,nonces
FN:227,emergencyPause
FN:232,emergencyUnpause
FN:237,batchMint
FN:259,batchBurn
FN:274,getRebaseInfo
FN:278,getAccountRebaseInfo
FN:282,supportsInterface
FNF:25
FNH:18
FNDA:247,constructor
FNDA:752,onlyMinter
FNDA:3,onlyBurner
FNDA:0,onlyRebaser
FNDA:3,onlyEmergency
FNDA:8,onlyRebaseCaller
FNDA:760,whenNotPausedToken
FNDA:749,mint
FNDA:2,burnFrom
FNDA:6,rebase
FNDA:0,setStakingContract
FNDA:0,setRewardRate
FNDA:5,setAntiWhaleLimits
FNDA:202,setExcludedFromLimits
FNDA:2462,getRebaseBalance
FNDA:2461,_updateRebaseBalance
FNDA:1361,_update
FNDA:0,nonces
FNDA:2,emergencyPause
FNDA:1,emergencyUnpause
FNDA:1,batchMint
FNDA:1,batchBurn
FNDA:0,getRebaseInfo
FNDA:0,getAccountRebaseInfo
FNDA:0,supportsInterface
DA:74,247
DA:75,247
DA:76,247
DA:77,247
DA:78,247
DA:79,247
DA:81,247
DA:82,247
DA:83,247
DA:84,247
DA:87,247
DA:89,247
DA:93,752
DA:94,751
DA:98,3
DA:99,3
DA:103,0
DA:104,0
DA:108,3
DA:109,3
DA:113,8
DA:114,6
DA:118,760
DA:119,759
DA:123,749
DA:124,749
DA:126,749
DA:127,749
DA:131,2
DA:133,2
DA:134,1
DA:138,6
DA:139,6
DA:140,6
DA:141,6
DA:142,3
DA:143,2
DA:144,2
DA:145,2
DA:146,2
DA:147,2
DA:148,0
DA:151,1
DA:152,0
DA:153,0
DA:154,0
DA:155,0
DA:157,4
DA:161,0
DA:162,0
DA:166,0
DA:167,0
DA:171,5
DA:172,5
DA:173,5
DA:177,202
DA:178,202
DA:182,2462
DA:183,2462
DA:185,2462
DA:186,1111
DA:189,2462
DA:193,2461
DA:194,2461
DA:196,2461
DA:197,2461
DA:199,2461
DA:200,1703
DA:205,1361
DA:207,1357
DA:210,1357
DA:211,920
DA:212,919
DA:215,1355
DA:216,355
DA:218,1355
DA:219,1352
DA:224,0
DA:228,2
DA:229,2
DA:233,1
DA:234,1
DA:238,1
DA:239,1
DA:241,1
DA:242,1
DA:243,1
DA:246,1
DA:248,1
DA:249,2
DA:250,2
DA:252,2
DA:253,2
DA:254,2
DA:260,1
DA:261,1
DA:263,1
DA:264,2
DA:265,2
DA:267,2
DA:268,2
DA:269,2
DA:275,0
DA:279,0
DA:283,0
LF:105
LH:90
BRDA:93,1,0,1
BRDA:93,1,1,751
BRDA:98,2,0,0
BRDA:98,2,1,3
BRDA:103,3,0,0
BRDA:103,3,1,0
BRDA:108,4,0,0
BRDA:108,4,1,3
BRDA:113,5,0,2
BRDA:113,5,1,6
BRDA:118,6,0,1
BRDA:118,6,1,759
BRDA:122,7,0,750
BRDA:122,7,1,1
BRDA:122,8,0,749
BRDA:122,8,1,1
BRDA:123,9,0,0
BRDA:123,9,1,749
BRDA:124,10,0,0
BRDA:124,10,1,749
BRDA:130,11,0,2
BRDA:130,11,1,0
BRDA:130,12,0,2
BRDA:130,12,1,0
BRDA:131,13,0,0
BRDA:131,13,1,2
BRDA:137,14,0,6
BRDA:137,14,1,2
BRDA:137,15,0,6
BRDA:137,15,1,0
BRDA:137,16,0,6
BRDA:137,16,1,0
BRDA:138,17,0,0
BRDA:138,17,1,6
BRDA:141,18,0,3
BRDA:141,18,1,3
BRDA:142,19,0,1
BRDA:142,19,1,2
BRDA:143,20,0,0
BRDA:143,20,1,2
BRDA:147,21,0,0
BRDA:147,21,1,2
BRDA:150,22,0,1
BRDA:150,22,1,2
BRDA:151,23,0,1
BRDA:151,23,1,0
BRDA:152,24,0,0
BRDA:152,24,1,0
BRDA:160,25,0,0
BRDA:160,25,1,0
BRDA:165,26,0,0
BRDA:165,26,1,0
BRDA:170,27,0,5
BRDA:170,27,1,0
BRDA:176,28,0,202
BRDA:176,28,1,0
BRDA:185,29,0,1111
BRDA:185,29,1,1351
BRDA:199,30,0,1703
BRDA:199,30,1,758
BRDA:207,31,0,0
BRDA:207,31,1,1357
BRDA:210,32,0,920
BRDA:210,32,1,437
BRDA:211,33,0,1
BRDA:211,33,1,919
BRDA:212,34,0,1
BRDA:212,34,1,918
BRDA:215,35,0,355
BRDA:215,35,1,1000
BRDA:218,36,0,1352
BRDA:218,36,1,3
BRDA:227,37,0,2
BRDA:227,37,1,0
BRDA:232,38,0,1
BRDA:232,38,1,0
BRDA:237,39,0,1
BRDA:237,39,1,0
BRDA:237,40,0,1
BRDA:237,40,1,0
BRDA:239,41,0,0
BRDA:239,41,1,1
BRDA:246,42,0,0
BRDA:246,42,1,1
BRDA:252,43,0,2
BRDA:252,43,1,0
BRDA:259,44,0,1
BRDA:259,44,1,0
BRDA:259,45,0,1
BRDA:259,45,1,0
BRDA:261,46,0,0
BRDA:261,46,1,1
BRDA:267,47,0,2
BRDA:267,47,1,0
BRF:94
BRH:59
end_of_record
TN:
SF:C:\Users\heruf\Documents\GitHub\Halom\contracts\HalomTreasury.sol
FN:36,constructor
FN:45,onlyController
FN:49,onlyEmergency
FN:54,setRewardToken
FN:60,allocateTo
FN:68,drainTreasury
FN:74,emergencyDrain
FN:80,emergencyDrain
FNF:8
FNH:7
FNDA:149,constructor
FNDA:14,onlyController
FNDA:2,onlyEmergency
FNDA:8,setRewardToken
FNDA:2,allocateTo
FNDA:2,drainTreasury
FNDA:1,emergencyDrain
FNDA:0,emergencyDrain
DA:37,149
DA:38,149
DA:39,149
DA:40,149
DA:41,149
DA:42,149
DA:46,14
DA:47,12
DA:50,2
DA:51,1
DA:55,8
DA:56,8
DA:57,8
DA:61,2
DA:62,2
DA:63,2
DA:64,1
DA:65,1
DA:69,2
DA:70,2
DA:71,2
DA:75,1
DA:76,1
DA:77,1
DA:81,0
DA:82,0
DA:83,0
LF:27
LH:24
BRDA:37,1,0,0
BRDA:37,1,1,149
BRDA:37,2,0,0
BRDA:37,2,1,0
BRDA:46,3,0,2
BRDA:46,3,1,12
BRDA:50,4,0,1
BRDA:50,4,1,1
BRDA:54,5,0,8
BRDA:54,5,1,1
BRDA:55,6,0,0
BRDA:55,6,1,8
BRDA:60,7,0,2
BRDA:60,7,1,1
BRDA:61,8,0,0
BRDA:61,8,1,2
BRDA:62,9,0,0
BRDA:62,9,1,2
BRDA:68,10,0,2
BRDA:68,10,1,0
BRDA:69,11,0,0
BRDA:69,11,1,2
BRDA:74,12,0,1
BRDA:74,12,1,1
BRDA:75,13,0,0
BRDA:75,13,1,1
BRDA:80,14,0,0
BRDA:80,14,1,0
BRDA:81,15,0,0
BRDA:81,15,1,0
BRF:30
BRH:17
end_of_record
TN:
SF:C:\Users\heruf\Documents\GitHub\Halom\contracts\interfaces\IHalomInterfaces.sol
FNF:0
FNH:0
LF:0
LH:0
BRF:0
BRH:0
end_of_record
TN:
SF:C:\Users\heruf\Documents\GitHub\Halom\contracts\libraries\GovernanceErrors.sol
FNF:0
FNH:0
LF:0
LH:0
BRF:0
BRH:0
end_of_record
TN:
SF:C:\Users\heruf\Documents\GitHub\Halom\contracts\libraries\GovernanceMath.sol
FN:15,sqrt
FN:32,nthRoot
FN:53,calculateQuadraticPower
FN:68,calculateTimeWeightedPower
FN:83,safeMul
FN:93,safeDiv
FN:98,calculateLockBoost
FN:119,calculateDeviation
FNF:8
FNH:5
FNDA:4,sqrt
FNDA:7,nthRoot
FNDA:5,calculateQuadraticPower
FNDA:3,calculateTimeWeightedPower
FNDA:0,safeMul
FNDA:0,safeDiv
FNDA:204,calculateLockBoost
FNDA:0,calculateDeviation
DA:16,4
DA:18,4
DA:19,4
DA:21,4
DA:22,177
DA:23,177
DA:26,4
DA:33,7
DA:34,7
DA:35,7
DA:36,7
DA:38,3
DA:39,3
DA:41,3
DA:42,30
DA:43,30
DA:44,30
DA:47,3
DA:58,5
DA:59,5
DA:61,5
DA:62,5
DA:74,3
DA:76,0
DA:77,0
DA:84,0
DA:85,0
DA:86,0
DA:87,0
DA:94,0
DA:95,0
DA:103,204
DA:104,204
DA:107,204
DA:108,204
DA:111,204
DA:112,204
DA:113,204
DA:116,204
DA:120,0
DA:121,0
DA:122,0
DA:123,0
DA:124,0
LF:44
LH:31
BRDA:16,1,0,0
BRDA:16,1,1,4
BRDA:33,2,0,0
BRDA:33,2,1,7
BRDA:34,3,0,0
BRDA:34,3,1,7
BRDA:35,4,0,0
BRDA:35,4,1,7
BRDA:36,5,0,4
BRDA:36,5,1,3
BRDA:44,6,0,0
BRDA:44,6,1,30
BRDA:58,7,0,0
BRDA:58,7,1,5
BRDA:59,8,0,0
BRDA:59,8,1,5
BRDA:74,9,0,3
BRDA:74,9,1,0
BRDA:84,10,0,0
BRDA:84,10,1,0
BRDA:86,11,0,0
BRDA:86,11,1,0
BRDA:94,12,0,0
BRDA:94,12,1,0
BRDA:103,13,0,0
BRDA:103,13,1,204
BRDA:104,14,0,0
BRDA:104,14,1,204
BRDA:107,15,0,0
BRDA:107,15,1,204
BRDA:112,16,0,204
BRDA:112,16,1,0
BRDA:120,17,0,0
BRDA:120,17,1,0
BRDA:121,18,0,0
BRDA:121,18,1,0
BRDA:122,19,0,0
BRDA:122,19,1,0
BRDA:123,20,0,0
BRDA:123,20,1,0
BRF:40
BRH:14
end_of_record
TN:
SF:C:\Users\heruf\Documents\GitHub\Halom\contracts\test\MockERC20.sol
FN:8,constructor
FNF:1
FNH:1
FNDA:47,constructor
DA:9,47
LF:1
LH:1
BRF:0
BRH:0
end_of_record
