TN:
SF:C:\Users\heruf\Documents\GitHub\Halom\contracts\access\Roles.sol
FN:62,constructor
FN:66,initialize
FN:88,grantRole
FN:102,revokeRole
FN:113,renounceRole
FN:128,setRoleDescription
FN:141,setRoleHierarchy
FN:161,activateEmergencyRole
FN:171,_setRoleDescriptions
FN:186,_setRoleHierarchy
FN:219,_isValidRole
FN:236,_hasCircularDependency
FN:255,_authorizeUpgrade
FN:263,getRoleDescription
FN:270,getRoleHierarchy
FN:277,hasRoleOrParent
FN:291,getRoleMembers
FN:302,getRoleConstants
FNF:18
FNH:0
FNDA:0,constructor
FNDA:0,initialize
FNDA:0,grantRole
FNDA:0,revokeRole
FNDA:0,renounceRole
FNDA:0,setRoleDescription
FNDA:0,setRoleHierarchy
FNDA:0,activateEmergencyRole
FNDA:0,_setRoleDescriptions
FNDA:0,_setRoleHierarchy
FNDA:0,_isValidRole
FNDA:0,_hasCircularDependency
FNDA:0,_authorizeUpgrade
FNDA:0,getRoleDescription
FNDA:0,getRoleHierarchy
FNDA:0,hasRoleOrParent
FNDA:0,getRoleMembers
FNDA:0,getRoleConstants
DA:63,0
DA:67,0
DA:68,0
DA:71,0
DA:74,0
DA:77,0
DA:90,0
DA:91,0
DA:93,0
DA:104,0
DA:105,0
DA:107,0
DA:117,0
DA:118,0
DA:120,0
DA:130,0
DA:132,0
DA:133,0
DA:143,0
DA:146,0
DA:147,0
DA:148,0
DA:152,0
DA:153,0
DA:163,0
DA:172,0
DA:173,0
DA:174,0
DA:175,0
DA:176,0
DA:177,0
DA:178,0
DA:179,0
DA:180,0
DA:188,0
DA:191,0
DA:192,0
DA:195,0
DA:196,0
DA:199,0
DA:200,0
DA:201,0
DA:202,0
DA:205,0
DA:206,0
DA:207,0
DA:209,0
DA:210,0
DA:211,0
DA:212,0
DA:213,0
DA:220,0
DA:237,0
DA:239,0
DA:240,0
DA:241,0
DA:242,0
DA:246,0
DA:264,0
DA:271,0
DA:278,0
DA:280,0
DA:281,0
DA:282,0
DA:285,0
DA:294,0
DA:312,0
LF:67
LH:0
BRDA:66,1,0,0
BRDA:66,1,1,0
BRDA:88,2,0,0
BRDA:88,2,1,0
BRDA:90,3,0,0
BRDA:90,3,1,0
BRDA:91,4,0,0
BRDA:91,4,1,0
BRDA:102,5,0,0
BRDA:102,5,1,0
BRDA:104,6,0,0
BRDA:104,6,1,0
BRDA:105,7,0,0
BRDA:105,7,1,0
BRDA:117,8,0,0
BRDA:117,8,1,0
BRDA:118,9,0,0
BRDA:118,9,1,0
BRDA:128,10,0,0
BRDA:128,10,1,0
BRDA:130,11,0,0
BRDA:130,11,1,0
BRDA:141,12,0,0
BRDA:141,12,1,0
BRDA:143,13,0,0
BRDA:143,13,1,0
BRDA:147,14,0,0
BRDA:147,14,1,0
BRDA:161,15,0,0
BRDA:161,15,1,0
BRDA:221,16,0,0
BRDA:221,16,1,0
BRDA:221,17,0,0
BRDA:221,17,1,0
BRDA:221,18,0,0
BRDA:221,18,1,0
BRDA:221,19,0,0
BRDA:221,19,1,0
BRDA:221,20,0,0
BRDA:221,20,1,0
BRDA:221,21,0,0
BRDA:221,21,1,0
BRDA:221,22,0,0
BRDA:221,22,1,0
BRDA:221,23,0,0
BRDA:221,23,1,0
BRDA:237,24,0,0
BRDA:237,24,1,0
BRDA:241,25,0,0
BRDA:241,25,1,0
BRDA:255,26,0,0
BRDA:255,26,1,0
BRDA:278,27,0,0
BRDA:278,27,1,0
BRDA:282,28,0,0
BRDA:282,28,1,0
BRF:56
BRH:0
end_of_record
TN:
SF:C:\Users\heruf\Documents\GitHub\Halom\contracts\bridge\Bridge.sol
FN:97,constructor
FN:107,initialize
FN:136,lockTokens
FN:173,burnForRedeem
FN:218,mintFromBridge
FN:261,unlockTokens
FN:296,setBridge
FN:312,setChainSupport
FN:325,setBridgeFee
FN:337,setFeeCollector
FN:346,pause
FN:353,unpause
FN:365,_authorizeUpgrade
FN:373,getTransaction
FN:384,isTransactionProcessed
FN:395,getBridgeConfig
FN:412,getChainNonce
FN:419,isChainSupported
FNF:18
FNH:0
FNDA:0,constructor
FNDA:0,initialize
FNDA:0,lockTokens
FNDA:0,burnForRedeem
FNDA:0,mintFromBridge
FNDA:0,unlockTokens
FNDA:0,setBridge
FNDA:0,setChainSupport
FNDA:0,setBridgeFee
FNDA:0,setFeeCollector
FNDA:0,pause
FNDA:0,unpause
FNDA:0,_authorizeUpgrade
FNDA:0,getTransaction
FNDA:0,isTransactionProcessed
FNDA:0,getBridgeConfig
FNDA:0,getChainNonce
FNDA:0,isChainSupported
DA:98,0
DA:108,0
DA:109,0
DA:110,0
DA:111,0
DA:113,0
DA:114,0
DA:115,0
DA:117,0
DA:118,0
DA:119,0
DA:120,0
DA:121,0
DA:139,0
DA:140,0
DA:141,0
DA:143,0
DA:144,0
DA:148,0
DA:149,0
DA:150,0
DA:151,0
DA:152,0
DA:153,0
DA:154,0
DA:155,0
DA:156,0
DA:159,0
DA:161,0
DA:176,0
DA:177,0
DA:178,0
DA:180,0
DA:181,0
DA:185,0
DA:186,0
DA:187,0
DA:188,0
DA:189,0
DA:190,0
DA:191,0
DA:192,0
DA:193,0
DA:196,0
DA:200,0
DA:202,0
DA:221,0
DA:222,0
DA:224,0
DA:225,0
DA:229,0
DA:231,0
DA:232,0
DA:233,0
DA:234,0
DA:235,0
DA:236,0
DA:237,0
DA:238,0
DA:239,0
DA:241,0
DA:246,0
DA:248,0
DA:264,0
DA:265,0
DA:267,0
DA:271,0
DA:273,0
DA:274,0
DA:275,0
DA:276,0
DA:277,0
DA:278,0
DA:279,0
DA:280,0
DA:281,0
DA:283,0
DA:286,0
DA:288,0
DA:298,0
DA:300,0
DA:301,0
DA:302,0
DA:304,0
DA:314,0
DA:316,0
DA:317,0
DA:327,0
DA:328,0
DA:329,0
DA:339,0
DA:340,0
DA:347,0
DA:354,0
DA:378,0
DA:389,0
DA:406,0
DA:413,0
DA:420,0
LF:99
LH:0
BRDA:107,1,0,0
BRDA:107,1,1,0
BRDA:135,2,0,0
BRDA:135,2,1,0
BRDA:136,3,0,0
BRDA:136,3,1,0
BRDA:139,4,0,0
BRDA:139,4,1,0
BRDA:140,5,0,0
BRDA:140,5,1,0
BRDA:140,6,0,0
BRDA:140,6,1,0
BRDA:141,7,0,0
BRDA:141,7,1,0
BRDA:172,8,0,0
BRDA:172,8,1,0
BRDA:173,9,0,0
BRDA:173,9,1,0
BRDA:176,10,0,0
BRDA:176,10,1,0
BRDA:177,11,0,0
BRDA:177,11,1,0
BRDA:177,12,0,0
BRDA:177,12,1,0
BRDA:178,13,0,0
BRDA:178,13,1,0
BRDA:196,14,0,0
BRDA:196,14,1,0
BRDA:216,15,0,0
BRDA:216,15,1,0
BRDA:217,16,0,0
BRDA:217,16,1,0
BRDA:218,17,0,0
BRDA:218,17,1,0
BRDA:221,18,0,0
BRDA:221,18,1,0
BRDA:222,19,0,0
BRDA:222,19,1,0
BRDA:229,20,0,0
BRDA:229,20,1,0
BRDA:259,21,0,0
BRDA:259,21,1,0
BRDA:260,22,0,0
BRDA:260,22,1,0
BRDA:261,23,0,0
BRDA:261,23,1,0
BRDA:264,24,0,0
BRDA:264,24,1,0
BRDA:265,25,0,0
BRDA:265,25,1,0
BRDA:271,26,0,0
BRDA:271,26,1,0
BRDA:296,27,0,0
BRDA:296,27,1,0
BRDA:298,28,0,0
BRDA:298,28,1,0
BRDA:312,29,0,0
BRDA:312,29,1,0
BRDA:314,30,0,0
BRDA:314,30,1,0
BRDA:325,31,0,0
BRDA:325,31,1,0
BRDA:337,32,0,0
BRDA:337,32,1,0
BRDA:339,33,0,0
BRDA:339,33,1,0
BRDA:346,34,0,0
BRDA:346,34,1,0
BRDA:353,35,0,0
BRDA:353,35,1,0
BRDA:365,36,0,0
BRDA:365,36,1,0
BRF:72
BRH:0
end_of_record
TN:
SF:C:\Users\heruf\Documents\GitHub\Halom\contracts\governance\Governance.sol
FN:96,constructor
FN:106,initialize
FN:132,propose
FN:172,vote
FN:200,voteAgainst
FN:231,executeProposal
FN:254,setQuorum
FN:266,setVotingDelay
FN:280,setVotingPeriod
FN:296,relayCrossChainProposal
FN:319,cancelProposal
FN:338,pause
FN:345,unpause
FN:357,_authorizeUpgrade
FN:365,getProposal
FN:399,hasVoted
FN:410,getVote
FN:421,getProposalState
FN:440,getGovernanceParams
FN:456,dummy
FNF:20
FNH:0
FNDA:0,constructor
FNDA:0,initialize
FNDA:0,propose
FNDA:0,vote
FNDA:0,voteAgainst
FNDA:0,executeProposal
FNDA:0,setQuorum
FNDA:0,setVotingDelay
FNDA:0,setVotingPeriod
FNDA:0,relayCrossChainProposal
FNDA:0,cancelProposal
FNDA:0,pause
FNDA:0,unpause
FNDA:0,_authorizeUpgrade
FNDA:0,getProposal
FNDA:0,hasVoted
FNDA:0,getVote
FNDA:0,getProposalState
FNDA:0,getGovernanceParams
FNDA:0,dummy
DA:97,0
DA:107,0
DA:108,0
DA:109,0
DA:110,0
DA:112,0
DA:113,0
DA:114,0
DA:116,0
DA:117,0
DA:118,0
DA:119,0
DA:121,0
DA:135,0
DA:136,0
DA:137,0
DA:139,0
DA:140,0
DA:142,0
DA:143,0
DA:144,0
DA:145,0
DA:146,0
DA:147,0
DA:148,0
DA:149,0
DA:150,0
DA:152,0
DA:154,0
DA:163,0
DA:174,0
DA:175,0
DA:176,0
DA:177,0
DA:178,0
DA:179,0
DA:180,0
DA:183,0
DA:185,0
DA:186,0
DA:189,0
DA:191,0
DA:202,0
DA:203,0
DA:204,0
DA:205,0
DA:206,0
DA:207,0
DA:208,0
DA:211,0
DA:213,0
DA:214,0
DA:217,0
DA:219,0
DA:233,0
DA:234,0
DA:235,0
DA:236,0
DA:237,0
DA:238,0
DA:240,0
DA:243,0
DA:244,0
DA:246,0
DA:256,0
DA:257,0
DA:258,0
DA:268,0
DA:270,0
DA:271,0
DA:272,0
DA:282,0
DA:284,0
DA:285,0
DA:286,0
DA:298,0
DA:299,0
DA:301,0
DA:302,0
DA:303,0
DA:304,0
DA:305,0
DA:306,0
DA:307,0
DA:308,0
DA:309,0
DA:311,0
DA:321,0
DA:322,0
DA:323,0
DA:324,0
DA:326,0
DA:331,0
DA:332,0
DA:339,0
DA:346,0
DA:381,0
DA:382,0
DA:404,0
DA:415,0
DA:426,0
DA:428,0
DA:429,0
DA:430,0
DA:431,0
DA:432,0
DA:433,0
DA:434,0
DA:450,0
LF:109
LH:0
BRDA:106,1,0,0
BRDA:106,1,1,0
BRDA:131,2,0,0
BRDA:131,2,1,0
BRDA:132,3,0,0
BRDA:132,3,1,0
BRDA:135,4,0,0
BRDA:135,4,1,0
BRDA:136,5,0,0
BRDA:136,5,1,0
BRDA:137,6,0,0
BRDA:137,6,1,0
BRDA:171,7,0,0
BRDA:171,7,1,0
BRDA:172,8,0,0
BRDA:172,8,1,0
BRDA:175,9,0,0
BRDA:175,9,1,0
BRDA:176,10,0,0
BRDA:176,10,1,0
BRDA:177,11,0,0
BRDA:177,11,1,0
BRDA:178,12,0,0
BRDA:178,12,1,0
BRDA:179,13,0,0
BRDA:179,13,1,0
BRDA:180,14,0,0
BRDA:180,14,1,0
BRDA:199,15,0,0
BRDA:199,15,1,0
BRDA:200,16,0,0
BRDA:200,16,1,0
BRDA:203,17,0,0
BRDA:203,17,1,0
BRDA:204,18,0,0
BRDA:204,18,1,0
BRDA:205,19,0,0
BRDA:205,19,1,0
BRDA:206,20,0,0
BRDA:206,20,1,0
BRDA:207,21,0,0
BRDA:207,21,1,0
BRDA:208,22,0,0
BRDA:208,22,1,0
BRDA:229,23,0,0
BRDA:229,23,1,0
BRDA:230,24,0,0
BRDA:230,24,1,0
BRDA:231,25,0,0
BRDA:231,25,1,0
BRDA:234,26,0,0
BRDA:234,26,1,0
BRDA:235,27,0,0
BRDA:235,27,1,0
BRDA:236,28,0,0
BRDA:236,28,1,0
BRDA:237,29,0,0
BRDA:237,29,1,0
BRDA:238,30,0,0
BRDA:238,30,1,0
BRDA:244,31,0,0
BRDA:244,31,1,0
BRDA:254,32,0,0
BRDA:254,32,1,0
BRDA:266,33,0,0
BRDA:266,33,1,0
BRDA:268,34,0,0
BRDA:268,34,1,0
BRDA:280,35,0,0
BRDA:280,35,1,0
BRDA:282,36,0,0
BRDA:282,36,1,0
BRDA:282,37,0,0
BRDA:282,37,1,0
BRDA:294,38,0,0
BRDA:294,38,1,0
BRDA:295,39,0,0
BRDA:295,39,1,0
BRDA:296,40,0,0
BRDA:296,40,1,0
BRDA:319,41,0,0
BRDA:319,41,1,0
BRDA:322,42,0,0
BRDA:322,42,1,0
BRDA:323,43,0,0
BRDA:323,43,1,0
BRDA:324,44,0,0
BRDA:324,44,1,0
BRDA:326,45,0,0
BRDA:326,45,1,0
BRDA:327,46,0,0
BRDA:327,46,1,0
BRDA:338,47,0,0
BRDA:338,47,1,0
BRDA:345,48,0,0
BRDA:345,48,1,0
BRDA:357,49,0,0
BRDA:357,49,1,0
BRDA:428,50,0,0
BRDA:428,50,1,0
BRDA:429,51,0,0
BRDA:429,51,1,0
BRDA:430,52,0,0
BRDA:430,52,1,0
BRDA:431,53,0,0
BRDA:431,53,1,0
BRDA:432,54,0,0
BRDA:432,54,1,0
BRDA:433,55,0,0
BRDA:433,55,1,0
BRF:110
BRH:0
end_of_record
TN:
SF:C:\Users\heruf\Documents\GitHub\Halom\contracts\governance\QuadraticVotingUtils.sol
FN:35,calculateQuadraticWeight
FN:55,calculateTotalQuadraticWeight
FN:68,updateVotingPower
FN:88,updateVoteCount
FN:104,validateVoteAmount
FN:118,checkVotingPower
FN:132,calculateVotingPowerFromBalance
FN:154,calculateTimeDecayVotingPower
FN:174,calculateScaledQuadraticPower
FN:193,calculateDiminishingReturnsPower
FN:223,calculateLockUpBonusPower
FN:249,getUserVotingStats
FN:270,calculateVotingPercentage
FNF:13
FNH:0
FNDA:0,calculateQuadraticWeight
FNDA:0,calculateTotalQuadraticWeight
FNDA:0,updateVotingPower
FNDA:0,updateVoteCount
FNDA:0,validateVoteAmount
FNDA:0,checkVotingPower
FNDA:0,calculateVotingPowerFromBalance
FNDA:0,calculateTimeDecayVotingPower
FNDA:0,calculateScaledQuadraticPower
FNDA:0,calculateDiminishingReturnsPower
FNDA:0,calculateLockUpBonusPower
FNDA:0,getUserVotingStats
FNDA:0,calculateVotingPercentage
DA:36,0
DA:39,0
DA:40,0
DA:42,0
DA:43,0
DA:44,0
DA:47,0
DA:56,0
DA:57,0
DA:59,0
DA:73,0
DA:74,0
DA:77,0
DA:79,0
DA:93,0
DA:94,0
DA:96,0
DA:108,0
DA:109,0
DA:123,0
DA:137,0
DA:138,0
DA:139,0
DA:141,0
DA:144,0
DA:159,0
DA:162,0
DA:163,0
DA:165,0
DA:178,0
DA:181,0
DA:182,0
DA:184,0
DA:197,0
DA:199,0
DA:203,0
DA:204,0
DA:206,0
DA:207,0
DA:209,0
DA:212,0
DA:229,0
DA:232,0
DA:233,0
DA:235,0
DA:236,0
DA:238,0
DA:257,0
DA:274,0
DA:275,0
LF:50
LH:0
BRDA:36,1,0,0
BRDA:36,1,1,0
BRDA:108,2,0,0
BRDA:108,2,1,0
BRDA:109,3,0,0
BRDA:109,3,1,0
BRDA:123,4,0,0
BRDA:123,4,1,0
BRDA:138,5,0,0
BRDA:138,5,1,0
BRDA:140,6,0,0
BRDA:140,6,1,0
BRDA:159,7,0,0
BRDA:159,7,1,0
BRDA:178,8,0,0
BRDA:178,8,1,0
BRDA:197,9,0,0
BRDA:197,9,1,0
BRDA:206,10,0,0
BRDA:206,10,1,0
BRDA:229,11,0,0
BRDA:229,11,1,0
BRDA:233,12,0,0
BRDA:233,12,1,0
BRDA:274,13,0,0
BRDA:274,13,1,0
BRF:26
BRH:0
end_of_record
TN:
SF:C:\Users\heruf\Documents\GitHub\Halom\contracts\governance\Timelock.sol
FN:43,constructor
FN:52,setMinDelay
FN:60,enableTestMode
FN:68,disableTestMode
FN:77,emergencyPause
FN:81,emergencyResume
FN:94,queueTransaction
FN:116,_isCriticalOperation
FN:143,_getOperationType
FN:168,executeTransaction
FN:182,cancelTransaction
FN:190,isOperationExpired
FN:194,getMinDelay
FN:197,isEmergency
FNF:14
FNH:0
FNDA:0,constructor
FNDA:0,setMinDelay
FNDA:0,enableTestMode
FNDA:0,disableTestMode
FNDA:0,emergencyPause
FNDA:0,emergencyResume
FNDA:0,queueTransaction
FNDA:0,_isCriticalOperation
FNDA:0,_getOperationType
FNDA:0,executeTransaction
FNDA:0,cancelTransaction
FNDA:0,isOperationExpired
FNDA:0,getMinDelay
FNDA:0,isEmergency
DA:44,0
DA:45,0
DA:46,0
DA:47,0
DA:48,0
DA:53,0
DA:54,0
DA:55,0
DA:56,0
DA:61,0
DA:62,0
DA:63,0
DA:64,0
DA:69,0
DA:70,0
DA:71,0
DA:72,0
DA:78,0
DA:79,0
DA:82,0
DA:83,0
DA:95,0
DA:96,0
DA:97,0
DA:100,0
DA:101,0
DA:102,0
DA:103,0
DA:110,0
DA:111,0
DA:112,0
DA:113,0
DA:117,0
DA:119,0
DA:122,0
DA:123,0
DA:124,0
DA:125,0
DA:126,0
DA:127,0
DA:128,0
DA:129,0
DA:130,0
DA:131,0
DA:132,0
DA:134,0
DA:135,0
DA:136,0
DA:140,0
DA:144,0
DA:146,0
DA:148,0
DA:149,0
DA:150,0
DA:151,0
DA:152,0
DA:153,0
DA:154,0
DA:155,0
DA:156,0
DA:157,0
DA:159,0
DA:169,0
DA:170,0
DA:171,0
DA:172,0
DA:173,0
DA:183,0
DA:184,0
DA:185,0
DA:186,0
DA:191,0
DA:192,0
DA:195,0
DA:198,0
LF:75
LH:0
BRDA:44,1,0,0
BRDA:44,1,1,0
BRDA:44,2,0,0
BRDA:44,2,1,0
BRDA:52,3,0,0
BRDA:52,3,1,0
BRDA:53,4,0,0
BRDA:53,4,1,0
BRDA:54,5,0,0
BRDA:54,5,1,0
BRDA:54,6,0,0
BRDA:54,6,1,0
BRDA:60,7,0,0
BRDA:60,7,1,0
BRDA:62,8,0,0
BRDA:62,8,1,0
BRDA:68,9,0,0
BRDA:68,9,1,0
BRDA:70,10,0,0
BRDA:70,10,1,0
BRDA:77,11,0,0
BRDA:77,11,1,0
BRDA:81,12,0,0
BRDA:81,12,1,0
BRDA:94,13,0,0
BRDA:94,13,1,0
BRDA:95,14,0,0
BRDA:95,14,1,0
BRDA:96,15,0,0
BRDA:96,15,1,0
BRDA:97,16,0,0
BRDA:97,16,1,0
BRDA:101,17,0,0
BRDA:101,17,1,0
BRDA:117,18,0,0
BRDA:117,18,1,0
BRDA:135,19,0,0
BRDA:135,19,1,0
BRDA:144,20,0,0
BRDA:144,20,1,0
BRDA:148,21,0,0
BRDA:148,21,1,0
BRDA:149,22,0,0
BRDA:149,22,1,0
BRDA:150,23,0,0
BRDA:150,23,1,0
BRDA:151,24,0,0
BRDA:151,24,1,0
BRDA:152,25,0,0
BRDA:152,25,1,0
BRDA:153,26,0,0
BRDA:153,26,1,0
BRDA:154,27,0,0
BRDA:154,27,1,0
BRDA:155,28,0,0
BRDA:155,28,1,0
BRDA:156,29,0,0
BRDA:156,29,1,0
BRDA:157,30,0,0
BRDA:157,30,1,0
BRDA:168,31,0,0
BRDA:168,31,1,0
BRDA:168,32,0,0
BRDA:168,32,1,0
BRDA:169,33,0,0
BRDA:169,33,1,0
BRDA:182,34,0,0
BRDA:182,34,1,0
BRDA:183,35,0,0
BRDA:183,35,1,0
BRF:70
BRH:0
end_of_record
TN:
SF:C:\Users\heruf\Documents\GitHub\Halom\contracts\interfaces\IHalomInterfaces.sol
FNF:0
FNH:0
LF:0
LH:0
BRF:0
BRH:0
end_of_record
TN:
SF:C:\Users\heruf\Documents\GitHub\Halom\contracts\libraries\GovernanceErrors.sol
FNF:0
FNH:0
LF:0
LH:0
BRF:0
BRH:0
end_of_record
TN:
SF:C:\Users\heruf\Documents\GitHub\Halom\contracts\libraries\GovernanceMath.sol
FN:15,sqrt
FN:32,nthRoot
FN:53,calculateQuadraticPower
FN:68,calculateTimeWeightedPower
FN:83,safeMul
FN:93,safeDiv
FN:98,calculateLockBoost
FN:119,calculateDeviation
FNF:8
FNH:0
FNDA:0,sqrt
FNDA:0,nthRoot
FNDA:0,calculateQuadraticPower
FNDA:0,calculateTimeWeightedPower
FNDA:0,safeMul
FNDA:0,safeDiv
FNDA:0,calculateLockBoost
FNDA:0,calculateDeviation
DA:16,0
DA:18,0
DA:19,0
DA:21,0
DA:22,0
DA:23,0
DA:26,0
DA:33,0
DA:34,0
DA:35,0
DA:36,0
DA:38,0
DA:39,0
DA:41,0
DA:42,0
DA:43,0
DA:44,0
DA:47,0
DA:58,0
DA:59,0
DA:61,0
DA:62,0
DA:74,0
DA:76,0
DA:77,0
DA:84,0
DA:85,0
DA:86,0
DA:87,0
DA:94,0
DA:95,0
DA:103,0
DA:104,0
DA:107,0
DA:108,0
DA:111,0
DA:112,0
DA:113,0
DA:116,0
DA:120,0
DA:121,0
DA:122,0
DA:123,0
DA:124,0
LF:44
LH:0
BRDA:16,1,0,0
BRDA:16,1,1,0
BRDA:33,2,0,0
BRDA:33,2,1,0
BRDA:34,3,0,0
BRDA:34,3,1,0
BRDA:35,4,0,0
BRDA:35,4,1,0
BRDA:36,5,0,0
BRDA:36,5,1,0
BRDA:44,6,0,0
BRDA:44,6,1,0
BRDA:58,7,0,0
BRDA:58,7,1,0
BRDA:59,8,0,0
BRDA:59,8,1,0
BRDA:74,9,0,0
BRDA:74,9,1,0
BRDA:84,10,0,0
BRDA:84,10,1,0
BRDA:86,11,0,0
BRDA:86,11,1,0
BRDA:94,12,0,0
BRDA:94,12,1,0
BRDA:103,13,0,0
BRDA:103,13,1,0
BRDA:104,14,0,0
BRDA:104,14,1,0
BRDA:107,15,0,0
BRDA:107,15,1,0
BRDA:112,16,0,0
BRDA:112,16,1,0
BRDA:120,17,0,0
BRDA:120,17,1,0
BRDA:121,18,0,0
BRDA:121,18,1,0
BRDA:122,19,0,0
BRDA:122,19,1,0
BRDA:123,20,0,0
BRDA:123,20,1,0
BRF:40
BRH:0
end_of_record
TN:
SF:C:\Users\heruf\Documents\GitHub\Halom\contracts\oracle\Oracle.sol
FN:71,constructor
FN:80,initialize
FN:104,submitPrice
FN:130,addOracle
FN:147,removeOracle
FN:171,setPriceValidityPeriod
FN:185,setMinOracleCount
FN:200,setPriceSubmissionCooldown
FN:208,pause
FN:215,unpause
FN:227,_authorizeUpgrade
FN:235,getLatestPrice
FN:253,getPriceData
FN:264,isPriceValid
FN:276,getAuthorizedOracles
FN:287,getOracleCount
FN:294,getOracleConfig
FN:309,isAuthorizedOracle
FN:316,getLastSubmissionTime
FNF:19
FNH:0
FNDA:0,constructor
FNDA:0,initialize
FNDA:0,submitPrice
FNDA:0,addOracle
FNDA:0,removeOracle
FNDA:0,setPriceValidityPeriod
FNDA:0,setMinOracleCount
FNDA:0,setPriceSubmissionCooldown
FNDA:0,pause
FNDA:0,unpause
FNDA:0,_authorizeUpgrade
FNDA:0,getLatestPrice
FNDA:0,getPriceData
FNDA:0,isPriceValid
FNDA:0,getAuthorizedOracles
FNDA:0,getOracleCount
FNDA:0,getOracleConfig
FNDA:0,isAuthorizedOracle
FNDA:0,getLastSubmissionTime
DA:72,0
DA:81,0
DA:82,0
DA:83,0
DA:84,0
DA:86,0
DA:87,0
DA:88,0
DA:90,0
DA:91,0
DA:92,0
DA:106,0
DA:107,0
DA:108,0
DA:109,0
DA:113,0
DA:120,0
DA:122,0
DA:132,0
DA:133,0
DA:135,0
DA:136,0
DA:137,0
DA:139,0
DA:149,0
DA:151,0
DA:152,0
DA:155,0
DA:156,0
DA:157,0
DA:158,0
DA:159,0
DA:163,0
DA:173,0
DA:175,0
DA:176,0
DA:177,0
DA:187,0
DA:188,0
DA:190,0
DA:191,0
DA:192,0
DA:202,0
DA:209,0
DA:216,0
DA:240,0
DA:242,0
DA:243,0
DA:244,0
DA:247,0
DA:258,0
DA:269,0
DA:270,0
DA:281,0
DA:288,0
DA:303,0
DA:310,0
DA:321,0
LF:58
LH:0
BRDA:80,1,0,0
BRDA:80,1,1,0
BRDA:102,2,0,0
BRDA:102,2,1,0
BRDA:103,3,0,0
BRDA:103,3,1,0
BRDA:104,4,0,0
BRDA:104,4,1,0
BRDA:106,5,0,0
BRDA:106,5,1,0
BRDA:107,6,0,0
BRDA:107,6,1,0
BRDA:108,7,0,0
BRDA:108,7,1,0
BRDA:130,8,0,0
BRDA:130,8,1,0
BRDA:132,9,0,0
BRDA:132,9,1,0
BRDA:133,10,0,0
BRDA:133,10,1,0
BRDA:147,11,0,0
BRDA:147,11,1,0
BRDA:149,12,0,0
BRDA:149,12,1,0
BRDA:156,13,0,0
BRDA:156,13,1,0
BRDA:171,14,0,0
BRDA:171,14,1,0
BRDA:173,15,0,0
BRDA:173,15,1,0
BRDA:185,16,0,0
BRDA:185,16,1,0
BRDA:187,17,0,0
BRDA:187,17,1,0
BRDA:188,18,0,0
BRDA:188,18,1,0
BRDA:200,19,0,0
BRDA:200,19,1,0
BRDA:208,20,0,0
BRDA:208,20,1,0
BRDA:215,21,0,0
BRDA:215,21,1,0
BRDA:227,22,0,0
BRDA:227,22,1,0
BRDA:242,23,0,0
BRDA:242,23,1,0
BRDA:243,24,0,0
BRDA:243,24,1,0
BRF:48
BRH:0
end_of_record
TN:
SF:C:\Users\heruf\Documents\GitHub\Halom\contracts\staking\LPStaking.sol
FN:73,constructor
FN:81,initialize
FN:104,stakeLP
FN:138,unstakeLP
FN:165,claimLPRewards
FN:186,compoundLPRewards
FN:210,setLPRewardRate
FN:223,emergencyLPWithdraw
FN:242,pause
FN:249,unpause
FN:258,_updateLPRewards
FN:270,_updateLPRewardPerToken
FN:288,getLPStakingInfo
FN:319,getLPPoolInfo
FN:335,canUnstakeLP
FN:342,getRemainingLockTime
FN:349,_authorizeUpgrade
FNF:17
FNH:0
FNDA:0,constructor
FNDA:0,initialize
FNDA:0,stakeLP
FNDA:0,unstakeLP
FNDA:0,claimLPRewards
FNDA:0,compoundLPRewards
FNDA:0,setLPRewardRate
FNDA:0,emergencyLPWithdraw
FNDA:0,pause
FNDA:0,unpause
FNDA:0,_updateLPRewards
FNDA:0,_updateLPRewardPerToken
FNDA:0,getLPStakingInfo
FNDA:0,getLPPoolInfo
FNDA:0,canUnstakeLP
FNDA:0,getRemainingLockTime
FNDA:0,_authorizeUpgrade
DA:74,0
DA:82,0
DA:83,0
DA:84,0
DA:85,0
DA:87,0
DA:88,0
DA:89,0
DA:91,0
DA:92,0
DA:93,0
DA:106,0
DA:107,0
DA:108,0
DA:110,0
DA:112,0
DA:115,0
DA:120,0
DA:122,0
DA:123,0
DA:124,0
DA:125,0
DA:127,0
DA:129,0
DA:140,0
DA:141,0
DA:142,0
DA:144,0
DA:146,0
DA:147,0
DA:148,0
DA:150,0
DA:151,0
DA:154,0
DA:156,0
DA:167,0
DA:169,0
DA:170,0
DA:172,0
DA:173,0
DA:175,0
DA:177,0
DA:188,0
DA:190,0
DA:191,0
DA:193,0
DA:194,0
DA:197,0
DA:198,0
DA:200,0
DA:212,0
DA:213,0
DA:214,0
DA:225,0
DA:226,0
DA:228,0
DA:229,0
DA:230,0
DA:231,0
DA:232,0
DA:234,0
DA:236,0
DA:243,0
DA:250,0
DA:259,0
DA:261,0
DA:262,0
DA:263,0
DA:271,0
DA:272,0
DA:273,0
DA:276,0
DA:277,0
DA:278,0
DA:279,0
DA:300,0
DA:301,0
DA:302,0
DA:303,0
DA:304,0
DA:306,0
DA:307,0
DA:308,0
DA:309,0
DA:310,0
DA:312,0
DA:329,0
DA:336,0
DA:343,0
DA:344,0
DA:346,0
LF:91
LH:0
BRDA:81,1,0,0
BRDA:81,1,1,0
BRDA:103,2,0,0
BRDA:103,2,1,0
BRDA:104,3,0,0
BRDA:104,3,1,0
BRDA:106,4,0,0
BRDA:106,4,1,0
BRDA:107,5,0,0
BRDA:107,5,1,0
BRDA:107,6,0,0
BRDA:107,6,1,0
BRDA:110,7,0,0
BRDA:110,7,1,0
BRDA:137,8,0,0
BRDA:137,8,1,0
BRDA:138,9,0,0
BRDA:138,9,1,0
BRDA:140,10,0,0
BRDA:140,10,1,0
BRDA:141,11,0,0
BRDA:141,11,1,0
BRDA:142,12,0,0
BRDA:142,12,1,0
BRDA:150,13,0,0
BRDA:150,13,1,0
BRDA:164,14,0,0
BRDA:164,14,1,0
BRDA:165,15,0,0
BRDA:165,15,1,0
BRDA:170,16,0,0
BRDA:170,16,1,0
BRDA:185,17,0,0
BRDA:185,17,1,0
BRDA:186,18,0,0
BRDA:186,18,1,0
BRDA:191,19,0,0
BRDA:191,19,1,0
BRDA:210,20,0,0
BRDA:210,20,1,0
BRDA:222,21,0,0
BRDA:222,21,1,0
BRDA:223,22,0,0
BRDA:223,22,1,0
BRDA:226,23,0,0
BRDA:226,23,1,0
BRDA:242,24,0,0
BRDA:242,24,1,0
BRDA:249,25,0,0
BRDA:249,25,1,0
BRDA:261,26,0,0
BRDA:261,26,1,0
BRDA:271,27,0,0
BRDA:271,27,1,0
BRDA:277,28,0,0
BRDA:277,28,1,0
BRDA:306,29,0,0
BRDA:306,29,1,0
BRDA:308,30,0,0
BRDA:308,30,1,0
BRDA:343,31,0,0
BRDA:343,31,1,0
BRDA:349,32,0,0
BRDA:349,32,1,0
BRF:64
BRH:0
end_of_record
TN:
SF:C:\Users\heruf\Documents\GitHub\Halom\contracts\staking\Staking.sol
FN:61,constructor
FN:68,initialize
FN:90,stake
FN:111,unstake
FN:132,claimRewards
FN:154,setRewardRate
FN:167,emergencyWithdraw
FN:184,pause
FN:191,unpause
FN:200,_updateRewards
FN:212,_rewardPerToken
FN:225,_earned
FN:232,_updateRewardPerToken
FN:243,_authorizeUpgrade
FN:251,getStakeInfo
FN:262,getTotalStaked
FN:269,pendingRewards
FNF:17
FNH:0
FNDA:0,constructor
FNDA:0,initialize
FNDA:0,stake
FNDA:0,unstake
FNDA:0,claimRewards
FNDA:0,setRewardRate
FNDA:0,emergencyWithdraw
FNDA:0,pause
FNDA:0,unpause
FNDA:0,_updateRewards
FNDA:0,_rewardPerToken
FNDA:0,_earned
FNDA:0,_updateRewardPerToken
FNDA:0,_authorizeUpgrade
FNDA:0,getStakeInfo
FNDA:0,getTotalStaked
FNDA:0,pendingRewards
DA:62,0
DA:69,0
DA:70,0
DA:71,0
DA:72,0
DA:74,0
DA:75,0
DA:76,0
DA:78,0
DA:79,0
DA:92,0
DA:93,0
DA:95,0
DA:97,0
DA:98,0
DA:100,0
DA:102,0
DA:113,0
DA:114,0
DA:116,0
DA:118,0
DA:119,0
DA:121,0
DA:123,0
DA:134,0
DA:136,0
DA:137,0
DA:139,0
DA:140,0
DA:142,0
DA:144,0
DA:156,0
DA:157,0
DA:158,0
DA:169,0
DA:170,0
DA:172,0
DA:173,0
DA:174,0
DA:176,0
DA:178,0
DA:185,0
DA:192,0
DA:201,0
DA:202,0
DA:204,0
DA:205,0
DA:213,0
DA:214,0
DA:217,0
DA:226,0
DA:233,0
DA:234,0
DA:256,0
DA:263,0
DA:270,0
LF:56
LH:0
BRDA:68,1,0,0
BRDA:68,1,1,0
BRDA:89,2,0,0
BRDA:89,2,1,0
BRDA:90,3,0,0
BRDA:90,3,1,0
BRDA:92,4,0,0
BRDA:92,4,1,0
BRDA:93,5,0,0
BRDA:93,5,1,0
BRDA:110,6,0,0
BRDA:110,6,1,0
BRDA:111,7,0,0
BRDA:111,7,1,0
BRDA:113,8,0,0
BRDA:113,8,1,0
BRDA:114,9,0,0
BRDA:114,9,1,0
BRDA:131,10,0,0
BRDA:131,10,1,0
BRDA:132,11,0,0
BRDA:132,11,1,0
BRDA:137,12,0,0
BRDA:137,12,1,0
BRDA:154,13,0,0
BRDA:154,13,1,0
BRDA:166,14,0,0
BRDA:166,14,1,0
BRDA:167,15,0,0
BRDA:167,15,1,0
BRDA:170,16,0,0
BRDA:170,16,1,0
BRDA:184,17,0,0
BRDA:184,17,1,0
BRDA:191,18,0,0
BRDA:191,18,1,0
BRDA:204,19,0,0
BRDA:204,19,1,0
BRDA:213,20,0,0
BRDA:213,20,1,0
BRDA:243,21,0,0
BRDA:243,21,1,0
BRF:42
BRH:0
end_of_record
TN:
SF:C:\Users\heruf\Documents\GitHub\Halom\contracts\test\MockERC20.sol
FN:8,constructor
FN:13,mint
FNF:2
FNH:0
FNDA:0,constructor
FNDA:0,mint
DA:9,0
DA:14,0
LF:2
LH:0
BRF:0
BRH:0
end_of_record
TN:
SF:C:\Users\heruf\Documents\GitHub\Halom\contracts\token\HalomToken.sol
FN:98,constructor
FN:106,initialize
FN:140,transfer
FN:155,transferFrom
FN:166,approve
FN:194,permit
FN:211,DOMAIN_SEPARATOR
FN:225,depositToPaymaster
FN:246,withdrawFromPaymaster
FN:265,getPaymasterDeposit
FN:274,getTotalPaymasterDeposits
FN:288,requestFullExit
FN:322,getFullExitReceipt
FN:346,completeFullExit
FN:365,getExitRequestCount
FN:379,computeCreate2Address
FN:405,mint
FN:419,burn
FN:430,pause
FN:437,unpause
FN:446,setFeeParams
FN:457,setAntiWhaleParams
FN:468,blacklist
FN:478,unBlacklist
FN:493,validateAndPayForPaymasterTransaction
FN:520,postTransaction
FN:539,_validateTransfer
FN:550,_applyFeeAndTransfer
FN:565,_applyFeeAndTransferFrom
FN:583,_authorizeUpgrade
FN:591,getFeeParams
FN:598,getAntiWhaleParams
FN:605,isBlacklisted
FN:612,getBlacklistReason
FN:622,getNonce
FNF:35
FNH:0
FNDA:0,constructor
FNDA:0,initialize
FNDA:0,transfer
FNDA:0,transferFrom
FNDA:0,approve
FNDA:0,permit
FNDA:0,DOMAIN_SEPARATOR
FNDA:0,depositToPaymaster
FNDA:0,withdrawFromPaymaster
FNDA:0,getPaymasterDeposit
FNDA:0,getTotalPaymasterDeposits
FNDA:0,requestFullExit
FNDA:0,getFullExitReceipt
FNDA:0,completeFullExit
FNDA:0,getExitRequestCount
FNDA:0,computeCreate2Address
FNDA:0,mint
FNDA:0,burn
FNDA:0,pause
FNDA:0,unpause
FNDA:0,setFeeParams
FNDA:0,setAntiWhaleParams
FNDA:0,blacklist
FNDA:0,unBlacklist
FNDA:0,validateAndPayForPaymasterTransaction
FNDA:0,postTransaction
FNDA:0,_validateTransfer
FNDA:0,_applyFeeAndTransfer
FNDA:0,_applyFeeAndTransferFrom
FNDA:0,_authorizeUpgrade
FNDA:0,getFeeParams
FNDA:0,getAntiWhaleParams
FNDA:0,isBlacklisted
FNDA:0,getBlacklistReason
FNDA:0,getNonce
DA:99,0
DA:107,0
DA:108,0
DA:109,0
DA:110,0
DA:111,0
DA:112,0
DA:114,0
DA:115,0
DA:116,0
DA:117,0
DA:118,0
DA:119,0
DA:122,0
DA:128,0
DA:143,0
DA:144,0
DA:145,0
DA:158,0
DA:159,0
DA:160,0
DA:171,0
DA:195,0
DA:196,0
DA:198,0
DA:199,0
DA:200,0
DA:202,0
DA:204,0
DA:212,0
DA:227,0
DA:228,0
DA:229,0
DA:231,0
DA:232,0
DA:233,0
DA:235,0
DA:248,0
DA:249,0
DA:250,0
DA:252,0
DA:253,0
DA:254,0
DA:256,0
DA:266,0
DA:275,0
DA:290,0
DA:291,0
DA:292,0
DA:294,0
DA:295,0
DA:297,0
DA:307,0
DA:308,0
DA:311,0
DA:313,0
DA:327,0
DA:348,0
DA:349,0
DA:351,0
DA:352,0
DA:355,0
DA:357,0
DA:366,0
DA:385,0
DA:394,0
DA:407,0
DA:408,0
DA:410,0
DA:421,0
DA:422,0
DA:424,0
DA:431,0
DA:438,0
DA:448,0
DA:449,0
DA:459,0
DA:460,0
DA:470,0
DA:480,0
DA:502,0
DA:504,0
DA:506,0
DA:508,0
DA:509,0
DA:511,0
DA:512,0
DA:513,0
DA:526,0
DA:528,0
DA:531,0
DA:540,0
DA:541,0
DA:544,0
DA:551,0
DA:552,0
DA:554,0
DA:556,0
DA:557,0
DA:558,0
DA:566,0
DA:567,0
DA:569,0
DA:571,0
DA:572,0
DA:573,0
DA:592,0
DA:599,0
DA:606,0
DA:613,0
DA:614,0
DA:623,0
LF:112
LH:0
BRDA:106,1,0,0
BRDA:106,1,1,0
BRDA:139,2,0,0
BRDA:139,2,1,0
BRDA:140,3,0,0
BRDA:140,3,1,0
BRDA:154,4,0,0
BRDA:154,4,1,0
BRDA:155,5,0,0
BRDA:155,5,1,0
BRDA:194,6,0,0
BRDA:194,6,1,0
BRDA:195,7,0,0
BRDA:195,7,1,0
BRDA:196,8,0,0
BRDA:196,8,1,0
BRDA:202,9,0,0
BRDA:202,9,1,0
BRDA:224,10,0,0
BRDA:224,10,1,0
BRDA:225,11,0,0
BRDA:225,11,1,0
BRDA:227,12,0,0
BRDA:227,12,1,0
BRDA:228,13,0,0
BRDA:228,13,1,0
BRDA:229,14,0,0
BRDA:229,14,1,0
BRDA:245,15,0,0
BRDA:245,15,1,0
BRDA:246,16,0,0
BRDA:246,16,1,0
BRDA:248,17,0,0
BRDA:248,17,1,0
BRDA:249,18,0,0
BRDA:249,18,1,0
BRDA:250,19,0,0
BRDA:250,19,1,0
BRDA:287,20,0,0
BRDA:287,20,1,0
BRDA:288,21,0,0
BRDA:288,21,1,0
BRDA:290,22,0,0
BRDA:290,22,1,0
BRDA:291,23,0,0
BRDA:291,23,1,0
BRDA:292,24,0,0
BRDA:292,24,1,0
BRDA:295,25,0,0
BRDA:295,25,1,0
BRDA:344,26,0,0
BRDA:344,26,1,0
BRDA:345,27,0,0
BRDA:345,27,1,0
BRDA:346,28,0,0
BRDA:346,28,1,0
BRDA:348,29,0,0
BRDA:348,29,1,0
BRDA:349,30,0,0
BRDA:349,30,1,0
BRDA:404,31,0,0
BRDA:404,31,1,0
BRDA:405,32,0,0
BRDA:405,32,1,0
BRDA:407,33,0,0
BRDA:407,33,1,0
BRDA:408,34,0,0
BRDA:408,34,1,0
BRDA:418,35,0,0
BRDA:418,35,1,0
BRDA:419,36,0,0
BRDA:419,36,1,0
BRDA:421,37,0,0
BRDA:421,37,1,0
BRDA:422,38,0,0
BRDA:422,38,1,0
BRDA:430,39,0,0
BRDA:430,39,1,0
BRDA:437,40,0,0
BRDA:437,40,1,0
BRDA:446,41,0,0
BRDA:446,41,1,0
BRDA:457,42,0,0
BRDA:457,42,1,0
BRDA:468,43,0,0
BRDA:468,43,1,0
BRDA:478,44,0,0
BRDA:478,44,1,0
BRDA:502,45,0,0
BRDA:502,45,1,0
BRDA:502,46,0,0
BRDA:502,46,1,0
BRDA:506,47,0,0
BRDA:506,47,1,0
BRDA:526,48,0,0
BRDA:526,48,1,0
BRDA:526,49,0,0
BRDA:526,49,1,0
BRDA:540,50,0,0
BRDA:540,50,1,0
BRDA:540,51,0,0
BRDA:540,51,1,0
BRDA:556,52,0,0
BRDA:556,52,1,0
BRDA:571,53,0,0
BRDA:571,53,1,0
BRDA:583,54,0,0
BRDA:583,54,1,0
BRF:108
BRH:0
end_of_record
TN:
SF:C:\Users\heruf\Documents\GitHub\Halom\contracts\utils\AntiWhale.sol
FN:37,setAntiWhaleParams
FN:55,setAntiWhaleEnabled
FN:70,antiWhale
FN:105,isAntiWhaleEnabled
FN:116,getAntiWhaleParams
FN:132,getLastTransactionTime
FN:148,wouldBlockTransaction
FN:180,getRemainingCooldown
FN:200,canTransactNow
FN:214,resetCooldown
FN:229,calculateMaxTransferAmount
FN:265,getAntiWhaleStatus
FNF:12
FNH:0
FNDA:0,setAntiWhaleParams
FNDA:0,setAntiWhaleEnabled
FNDA:0,antiWhale
FNDA:0,isAntiWhaleEnabled
FNDA:0,getAntiWhaleParams
FNDA:0,getLastTransactionTime
FNDA:0,wouldBlockTransaction
FNDA:0,getRemainingCooldown
FNDA:0,canTransactNow
FNDA:0,resetCooldown
FNDA:0,calculateMaxTransferAmount
FNDA:0,getAntiWhaleStatus
DA:43,0
DA:44,0
DA:45,0
DA:47,0
DA:59,0
DA:60,0
DA:76,0
DA:79,0
DA:80,0
DA:81,0
DA:85,0
DA:86,0
DA:87,0
DA:91,0
DA:92,0
DA:93,0
DA:97,0
DA:106,0
DA:123,0
DA:136,0
DA:154,0
DA:157,0
DA:158,0
DA:162,0
DA:163,0
DA:167,0
DA:168,0
DA:171,0
DA:184,0
DA:185,0
DA:187,0
DA:188,0
DA:191,0
DA:204,0
DA:206,0
DA:218,0
DA:235,0
DA:238,0
DA:241,0
DA:242,0
DA:246,0
DA:247,0
DA:248,0
DA:249,0
DA:253,0
DA:274,0
DA:275,0
DA:276,0
DA:277,0
DA:279,0
LF:50
LH:0
BRDA:76,1,0,0
BRDA:76,1,1,0
BRDA:79,2,0,0
BRDA:79,2,1,0
BRDA:85,3,0,0
BRDA:85,3,1,0
BRDA:91,4,0,0
BRDA:91,4,1,0
BRDA:154,5,0,0
BRDA:154,5,1,0
BRDA:157,6,0,0
BRDA:157,6,1,0
BRDA:162,7,0,0
BRDA:162,7,1,0
BRDA:167,8,0,0
BRDA:167,8,1,0
BRDA:187,9,0,0
BRDA:187,9,1,0
BRDA:204,10,0,0
BRDA:204,10,1,0
BRDA:235,11,0,0
BRDA:235,11,1,0
BRDA:241,12,0,0
BRDA:241,12,1,0
BRDA:246,13,0,0
BRDA:246,13,1,0
BRDA:248,14,0,0
BRDA:248,14,1,0
BRF:28
BRH:0
end_of_record
TN:
SF:C:\Users\heruf\Documents\GitHub\Halom\contracts\utils\Blacklist.sol
FN:39,blacklist
FN:62,unBlacklist
FN:84,setBlacklistEnabled
FN:98,updateBlacklistReason
FN:117,validateTransfer
FN:139,isBlacklisted
FN:155,getBlacklistInfo
FN:177,getTotalBlacklisted
FN:188,isBlacklistEnabled
FN:200,getBlacklistDuration
FN:220,wouldBlockTransfer
FN:244,getBlacklistStats
FN:263,canBlacklistAddress
FN:289,canUnblacklistAddress
FN:319,getBlacklistStatus
FN:345,emergencyUnblacklist
FNF:16
FNH:0
FNDA:0,blacklist
FNDA:0,unBlacklist
FNDA:0,setBlacklistEnabled
FNDA:0,updateBlacklistReason
FNDA:0,validateTransfer
FNDA:0,isBlacklisted
FNDA:0,getBlacklistInfo
FNDA:0,getTotalBlacklisted
FNDA:0,isBlacklistEnabled
FNDA:0,getBlacklistDuration
FNDA:0,wouldBlockTransfer
FNDA:0,getBlacklistStats
FNDA:0,canBlacklistAddress
FNDA:0,canUnblacklistAddress
FNDA:0,getBlacklistStatus
FNDA:0,emergencyUnblacklist
DA:44,0
DA:45,0
DA:46,0
DA:48,0
DA:49,0
DA:50,0
DA:51,0
DA:52,0
DA:54,0
DA:66,0
DA:67,0
DA:68,0
DA:70,0
DA:71,0
DA:72,0
DA:73,0
DA:74,0
DA:76,0
DA:88,0
DA:89,0
DA:103,0
DA:104,0
DA:105,0
DA:107,0
DA:108,0
DA:122,0
DA:124,0
DA:125,0
DA:128,0
DA:129,0
DA:143,0
DA:164,0
DA:165,0
DA:166,0
DA:167,0
DA:169,0
DA:180,0
DA:191,0
DA:204,0
DA:206,0
DA:207,0
DA:209,0
DA:225,0
DA:227,0
DA:228,0
DA:231,0
DA:232,0
DA:235,0
DA:250,0
DA:251,0
DA:253,0
DA:267,0
DA:268,0
DA:271,0
DA:272,0
DA:275,0
DA:276,0
DA:279,0
DA:293,0
DA:294,0
DA:297,0
DA:298,0
DA:301,0
DA:302,0
DA:305,0
DA:330,0
DA:331,0
DA:332,0
DA:333,0
DA:334,0
DA:335,0
DA:337,0
DA:349,0
DA:350,0
DA:351,0
DA:352,0
DA:353,0
DA:354,0
DA:355,0
DA:357,0
LF:80
LH:0
BRDA:44,1,0,0
BRDA:44,1,1,0
BRDA:45,2,0,0
BRDA:45,2,1,0
BRDA:46,3,0,0
BRDA:46,3,1,0
BRDA:66,4,0,0
BRDA:66,4,1,0
BRDA:67,5,0,0
BRDA:67,5,1,0
BRDA:68,6,0,0
BRDA:68,6,1,0
BRDA:103,7,0,0
BRDA:103,7,1,0
BRDA:104,8,0,0
BRDA:104,8,1,0
BRDA:105,9,0,0
BRDA:105,9,1,0
BRDA:122,10,0,0
BRDA:122,10,1,0
BRDA:124,11,0,0
BRDA:124,11,1,0
BRDA:128,12,0,0
BRDA:128,12,1,0
BRDA:204,13,0,0
BRDA:204,13,1,0
BRDA:207,14,0,0
BRDA:207,14,1,0
BRDA:225,15,0,0
BRDA:225,15,1,0
BRDA:227,16,0,0
BRDA:227,16,1,0
BRDA:231,17,0,0
BRDA:231,17,1,0
BRDA:267,18,0,0
BRDA:267,18,1,0
BRDA:271,19,0,0
BRDA:271,19,1,0
BRDA:275,20,0,0
BRDA:275,20,1,0
BRDA:293,21,0,0
BRDA:293,21,1,0
BRDA:297,22,0,0
BRDA:297,22,1,0
BRDA:301,23,0,0
BRDA:301,23,1,0
BRDA:350,24,0,0
BRDA:350,24,1,0
BRF:48
BRH:0
end_of_record
TN:
SF:C:\Users\heruf\Documents\GitHub\Halom\contracts\utils\FeeOnTransfer.sol
FN:43,setFeeParams
FN:65,setFeeEnabled
FN:79,calculateFee
FN:104,recordFeeCollection
FN:125,changeFeeCollector
FN:142,isFeeEnabled
FN:153,getFeeParams
FN:169,getTotalFeesCollected
FN:182,getFeesCollectedByAddress
FN:195,getLastFeeCollectionTime
FN:209,calculateEffectiveAmount
FN:225,calculateFeePercentage
FN:244,wouldHaveFees
FN:266,getFeeStats
FN:290,calculateTransferFee
FN:312,resetFeeStats
FN:329,getFeeInfo
FN:353,isExcludedFromFees
FN:366,setExcludedFromFees
FN:381,calculateEffectiveFeePercentage
FN:398,shouldApplyFees
FN:422,calculateMinimumAmountForDesiredTransfer
FN:461,getFeeStatistics
FNF:23
FNH:0
FNDA:0,setFeeParams
FNDA:0,setFeeEnabled
FNDA:0,calculateFee
FNDA:0,recordFeeCollection
FNDA:0,changeFeeCollector
FNDA:0,isFeeEnabled
FNDA:0,getFeeParams
FNDA:0,getTotalFeesCollected
FNDA:0,getFeesCollectedByAddress
FNDA:0,getLastFeeCollectionTime
FNDA:0,calculateEffectiveAmount
FNDA:0,calculateFeePercentage
FNDA:0,wouldHaveFees
FNDA:0,getFeeStats
FNDA:0,calculateTransferFee
FNDA:0,resetFeeStats
FNDA:0,getFeeInfo
FNDA:0,isExcludedFromFees
FNDA:0,setExcludedFromFees
FNDA:0,calculateEffectiveFeePercentage
FNDA:0,shouldApplyFees
FNDA:0,calculateMinimumAmountForDesiredTransfer
FNDA:0,getFeeStatistics
DA:49,0
DA:50,0
DA:51,0
DA:53,0
DA:54,0
DA:55,0
DA:57,0
DA:69,0
DA:70,0
DA:83,0
DA:85,0
DA:88,0
DA:89,0
DA:90,0
DA:93,0
DA:111,0
DA:112,0
DA:113,0
DA:114,0
DA:116,0
DA:129,0
DA:131,0
DA:132,0
DA:134,0
DA:143,0
DA:160,0
DA:173,0
DA:186,0
DA:199,0
DA:213,0
DA:214,0
DA:216,0
DA:229,0
DA:231,0
DA:232,0
DA:234,0
DA:248,0
DA:249,0
DA:252,0
DA:253,0
DA:255,0
DA:274,0
DA:275,0
DA:276,0
DA:278,0
DA:297,0
DA:299,0
DA:302,0
DA:303,0
DA:305,0
DA:316,0
DA:317,0
DA:338,0
DA:339,0
DA:340,0
DA:341,0
DA:342,0
DA:344,0
DA:357,0
DA:371,0
DA:372,0
DA:385,0
DA:387,0
DA:388,0
DA:404,0
DA:405,0
DA:409,0
DA:410,0
DA:413,0
DA:426,0
DA:430,0
DA:431,0
DA:433,0
DA:434,0
DA:436,0
DA:439,0
DA:440,0
DA:442,0
DA:444,0
DA:445,0
DA:447,0
DA:450,0
DA:469,0
LF:83
LH:0
BRDA:49,1,0,0
BRDA:49,1,1,0
BRDA:50,2,0,0
BRDA:50,2,1,0
BRDA:51,3,0,0
BRDA:51,3,1,0
BRDA:83,4,0,0
BRDA:83,4,1,0
BRDA:83,5,0,0
BRDA:83,5,1,0
BRDA:89,6,0,0
BRDA:89,6,1,0
BRDA:111,7,0,0
BRDA:111,7,1,0
BRDA:129,8,0,0
BRDA:129,8,1,0
BRDA:229,9,0,0
BRDA:229,9,1,0
BRDA:248,10,0,0
BRDA:248,10,1,0
BRDA:248,11,0,0
BRDA:248,11,1,0
BRDA:297,12,0,0
BRDA:297,12,1,0
BRDA:297,13,0,0
BRDA:297,13,1,0
BRDA:297,14,0,0
BRDA:297,14,1,0
BRDA:297,15,0,0
BRDA:297,15,1,0
BRDA:385,16,0,0
BRDA:385,16,1,0
BRDA:404,17,0,0
BRDA:404,17,1,0
BRDA:404,18,0,0
BRDA:404,18,1,0
BRDA:409,19,0,0
BRDA:409,19,1,0
BRDA:426,20,0,0
BRDA:426,20,1,0
BRDA:431,21,0,0
BRDA:431,21,1,0
BRDA:434,22,0,0
BRDA:434,22,1,0
BRDA:442,23,0,0
BRDA:442,23,1,0
BRDA:445,24,0,0
BRDA:445,24,1,0
BRF:48
BRH:0
end_of_record
TN:
SF:C:\Users\heruf\Documents\GitHub\Halom\contracts\utils\Treasury.sol
FN:49,constructor
FN:61,onlyController
FN:65,onlyEmergency
FN:70,setRewardToken
FN:76,allocateTo
FN:94,drainTreasury
FN:110,emergencyDrain
FN:116,emergencyDrain
FN:123,checkRewardExhaustion
FN:142,requestFallbackFunding
FN:147,provideFallbackFunding
FNF:11
FNH:0
FNDA:0,constructor
FNDA:0,onlyController
FNDA:0,onlyEmergency
FNDA:0,setRewardToken
FNDA:0,allocateTo
FNDA:0,drainTreasury
FNDA:0,emergencyDrain
FNDA:0,emergencyDrain
FNDA:0,checkRewardExhaustion
FNDA:0,requestFallbackFunding
FNDA:0,provideFallbackFunding
DA:50,0
DA:51,0
DA:52,0
DA:53,0
DA:54,0
DA:55,0
DA:58,0
DA:62,0
DA:63,0
DA:66,0
DA:67,0
DA:71,0
DA:72,0
DA:73,0
DA:77,0
DA:78,0
DA:80,0
DA:81,0
DA:84,0
DA:85,0
DA:86,0
DA:89,0
DA:90,0
DA:91,0
DA:95,0
DA:97,0
DA:98,0
DA:101,0
DA:102,0
DA:103,0
DA:106,0
DA:107,0
DA:111,0
DA:112,0
DA:113,0
DA:117,0
DA:118,0
DA:119,0
DA:124,0
DA:125,0
DA:128,0
DA:129,0
DA:131,0
DA:132,0
DA:133,0
DA:135,0
DA:136,0
DA:138,0
DA:143,0
DA:144,0
DA:148,0
DA:149,0
DA:150,0
DA:153,0
DA:154,0
DA:155,0
LF:56
LH:0
BRDA:50,1,0,0
BRDA:50,1,1,0
BRDA:50,2,0,0
BRDA:50,2,1,0
BRDA:62,3,0,0
BRDA:62,3,1,0
BRDA:66,4,0,0
BRDA:66,4,1,0
BRDA:70,5,0,0
BRDA:70,5,1,0
BRDA:71,6,0,0
BRDA:71,6,1,0
BRDA:76,7,0,0
BRDA:76,7,1,0
BRDA:77,8,0,0
BRDA:77,8,1,0
BRDA:78,9,0,0
BRDA:78,9,1,0
BRDA:81,10,0,0
BRDA:81,10,1,0
BRDA:84,11,0,0
BRDA:84,11,1,0
BRDA:94,12,0,0
BRDA:94,12,1,0
BRDA:95,13,0,0
BRDA:95,13,1,0
BRDA:98,14,0,0
BRDA:98,14,1,0
BRDA:101,15,0,0
BRDA:101,15,1,0
BRDA:110,16,0,0
BRDA:110,16,1,0
BRDA:111,17,0,0
BRDA:111,17,1,0
BRDA:116,18,0,0
BRDA:116,18,1,0
BRDA:117,19,0,0
BRDA:117,19,1,0
BRDA:124,20,0,0
BRDA:124,20,1,0
BRDA:131,21,0,0
BRDA:131,21,1,0
BRDA:134,22,0,0
BRDA:134,22,1,0
BRDA:142,23,0,0
BRDA:142,23,1,0
BRDA:143,24,0,0
BRDA:143,24,1,0
BRDA:148,25,0,0
BRDA:148,25,1,0
BRDA:154,26,0,0
BRDA:154,26,1,0
BRF:52
BRH:0
end_of_record
